[2025-11-04 11:51:53] [INFO] [ROTATION] Email to panchalpavan7090@gmail.com → SMTP[15] chethan@relyonmail.online (ID: 44)
[2025-11-04 11:51:53] [INFO] [SEND_ATTEMPT] To: panchalpavan7090@gmail.com | SMTP: chethan@relyonmail.online (ID: 44)
[2025-11-04 11:51:53] [INFO] Attachment added: 69099b78a9faf_information.txt
[2025-11-04 11:51:53] [INFO] Attempting to send email...
[2025-11-04 11:51:58] [INFO] Email sent successfully via PHPMailer
[2025-11-04 11:51:58] [SUCCESS] [SEND_SUCCESS] To: panchalpavan7090@gmail.com | SMTP: chethan@relyonmail.online (ID: 44)
[2025-11-04 11:51:58] Campaign: 26 | To: panchalpavan7090@gmail.com | SMTP: chethan@relyonmail.online (ID: 44) | Status: SUCCESS
[2025-11-04 11:51:58] [INFO] [ROTATION] Email to pavankumar7090@yahoo.com → SMTP[16] divya@relyonsoft.info (ID: 45)
[2025-11-04 11:51:58] [INFO] [SEND_ATTEMPT] To: pavankumar7090@yahoo.com | SMTP: divya@relyonsoft.info (ID: 45)
[2025-11-04 11:51:58] [INFO] Attachment added: 69099b78a9faf_information.txt
[2025-11-04 11:51:58] [INFO] Attempting to send email...
[2025-11-04 11:51:58] [WARNING] [SKIP_SMTP] Transient SMTP issue on divya@relyonsoft.info (ID: 45): SMTP error: SMTP Error: Could not connect to SMTP host. Failed to connect to server
[2025-11-04 11:51:58] [INFO] [ROTATION] Email to pavankumar7090@yahoo.com → SMTP[17] divya@relyonmail.xyz (ID: 46)
[2025-11-04 11:51:58] [INFO] [SEND_ATTEMPT] To: pavankumar7090@yahoo.com | SMTP: divya@relyonmail.xyz (ID: 46)
[2025-11-04 11:51:58] [INFO] Attachment added: 69099b78a9faf_information.txt
[2025-11-04 11:51:58] [INFO] Attempting to send email...
[2025-11-04 11:52:03] [INFO] Email sent successfully via PHPMailer
[2025-11-04 11:52:03] [SUCCESS] [SEND_SUCCESS] To: pavankumar7090@yahoo.com | SMTP: divya@relyonmail.xyz (ID: 46)
[2025-11-04 11:52:03] Campaign: 26 | To: pavankumar7090@yahoo.com | SMTP: divya@relyonmail.xyz (ID: 46) | Status: SUCCESS
[2025-11-04 11:52:03] [INFO] [ROTATION] Email to pavankumar.c@relyonsoft.com → SMTP[18] divya@payrollsoft.in (ID: 47)
[2025-11-04 11:52:03] [INFO] [SEND_ATTEMPT] To: pavankumar.c@relyonsoft.com | SMTP: divya@payrollsoft.in (ID: 47)
[2025-11-04 11:52:03] [INFO] Attachment added: 69099b78a9faf_information.txt
[2025-11-04 11:52:03] [INFO] Attempting to send email...
[2025-11-04 11:52:08] [INFO] Email sent successfully via PHPMailer
[2025-11-04 11:52:08] [SUCCESS] [SEND_SUCCESS] To: pavankumar.c@relyonsoft.com | SMTP: divya@payrollsoft.in (ID: 47)
[2025-11-04 11:52:08] Campaign: 26 | To: pavankumar.c@relyonsoft.com | SMTP: divya@payrollsoft.in (ID: 47) | Status: SUCCESS
[2025-11-04 11:52:08] [INFO] All valid emails processed. Campaign completed.
[2025-11-04 11:55:03] [INFO] [ROTATION] Email to saralpaypack@gmail.com → SMTP[19] divya@relyonmails1.com (ID: 48)
[2025-11-04 11:55:03] [INFO] [SEND_ATTEMPT] To: saralpaypack@gmail.com | SMTP: divya@relyonmails1.com (ID: 48)
[2025-11-04 11:55:03] [INFO] Attachment added: 69099c3a852b5_information.txt
[2025-11-04 11:55:03] [INFO] Attempting to send email...
[2025-11-04 11:55:08] [INFO] Email sent successfully via PHPMailer
[2025-11-04 11:55:08] [SUCCESS] [SEND_SUCCESS] To: saralpaypack@gmail.com | SMTP: divya@relyonmails1.com (ID: 48)
[2025-11-04 11:55:08] Campaign: 27 | To: saralpaypack@gmail.com | SMTP: divya@relyonmails1.com (ID: 48) | Status: SUCCESS
[2025-11-04 11:55:08] [INFO] [ROTATION] Email to manjunath.sm@relyonsoft.com → SMTP[20] divya@relyonmails3.com (ID: 49)
[2025-11-04 11:55:08] [INFO] [SEND_ATTEMPT] To: manjunath.sm@relyonsoft.com | SMTP: divya@relyonmails3.com (ID: 49)
[2025-11-04 11:55:08] [INFO] Attachment added: 69099c3a852b5_information.txt
[2025-11-04 11:55:08] [INFO] Attempting to send email...
[2025-11-04 11:55:23] [WARNING] [SKIP_SMTP] Transient SMTP issue on divya@relyonmails3.com (ID: 49): SMTP error: SMTP Error: Could not connect to SMTP host. Failed to connect to server
[2025-11-04 11:55:23] [INFO] [ROTATION] Email to manjunath.sm@relyonsoft.com → SMTP[21] divya@relyonmails2.com (ID: 50)
[2025-11-04 11:55:23] [INFO] [SEND_ATTEMPT] To: manjunath.sm@relyonsoft.com | SMTP: divya@relyonmails2.com (ID: 50)
[2025-11-04 11:55:23] [INFO] Attachment added: 69099c3a852b5_information.txt
[2025-11-04 11:55:23] [INFO] Attempting to send email...
[2025-11-04 11:55:28] [INFO] Email sent successfully via PHPMailer
[2025-11-04 11:55:28] [SUCCESS] [SEND_SUCCESS] To: manjunath.sm@relyonsoft.com | SMTP: divya@relyonmails2.com (ID: 50)
[2025-11-04 11:55:28] Campaign: 27 | To: manjunath.sm@relyonsoft.com | SMTP: divya@relyonmails2.com (ID: 50) | Status: SUCCESS
[2025-11-04 11:55:28] [INFO] [ROTATION] Email to panchalpavan7090@gmail.com → SMTP[22] divya@relyonmail.online (ID: 51)
[2025-11-04 11:55:28] [INFO] [SEND_ATTEMPT] To: panchalpavan7090@gmail.com | SMTP: divya@relyonmail.online (ID: 51)
[2025-11-04 11:55:28] [INFO] Attachment added: 69099c3a852b5_information.txt
[2025-11-04 11:55:28] [INFO] Attempting to send email...
[2025-11-04 11:55:34] [INFO] Email sent successfully via PHPMailer
[2025-11-04 11:55:34] [SUCCESS] [SEND_SUCCESS] To: panchalpavan7090@gmail.com | SMTP: divya@relyonmail.online (ID: 51)
[2025-11-04 11:55:34] Campaign: 27 | To: panchalpavan7090@gmail.com | SMTP: divya@relyonmail.online (ID: 51) | Status: SUCCESS
[2025-11-04 11:55:34] [INFO] [ROTATION] Email to pavankumar7090@yahoo.com → SMTP[23] veena@relyonsoft.info (ID: 52)
[2025-11-04 11:55:34] [INFO] [SEND_ATTEMPT] To: pavankumar7090@yahoo.com | SMTP: veena@relyonsoft.info (ID: 52)
[2025-11-04 11:55:34] [INFO] Attachment added: 69099c3a852b5_information.txt
[2025-11-04 11:55:34] [INFO] Attempting to send email...
[2025-11-04 11:55:35] [WARNING] [SKIP_SMTP] Transient SMTP issue on veena@relyonsoft.info (ID: 52): SMTP error: SMTP Error: Could not connect to SMTP host. Failed to connect to server
[2025-11-04 11:55:35] [INFO] [ROTATION] Email to pavankumar7090@yahoo.com → SMTP[24] veena@relyonmail.xyz (ID: 53)
[2025-11-04 11:55:35] [INFO] [SEND_ATTEMPT] To: pavankumar7090@yahoo.com | SMTP: veena@relyonmail.xyz (ID: 53)
[2025-11-04 11:55:35] [INFO] Attachment added: 69099c3a852b5_information.txt
[2025-11-04 11:55:35] [INFO] Attempting to send email...
[2025-11-04 11:55:41] [INFO] Email sent successfully via PHPMailer
[2025-11-04 11:55:41] [SUCCESS] [SEND_SUCCESS] To: pavankumar7090@yahoo.com | SMTP: veena@relyonmail.xyz (ID: 53)
[2025-11-04 11:55:41] Campaign: 27 | To: pavankumar7090@yahoo.com | SMTP: veena@relyonmail.xyz (ID: 53) | Status: SUCCESS
[2025-11-04 11:55:41] [INFO] [ROTATION] Email to pavankumar.c@relyonsoft.com → SMTP[25] veena@payrollsoft.in (ID: 54)
[2025-11-04 11:55:41] [INFO] [SEND_ATTEMPT] To: pavankumar.c@relyonsoft.com | SMTP: veena@payrollsoft.in (ID: 54)
[2025-11-04 11:55:41] [INFO] Attachment added: 69099c3a852b5_information.txt
[2025-11-04 11:55:41] [INFO] Attempting to send email...
[2025-11-04 11:55:46] [INFO] Email sent successfully via PHPMailer
[2025-11-04 11:55:46] [SUCCESS] [SEND_SUCCESS] To: pavankumar.c@relyonsoft.com | SMTP: veena@payrollsoft.in (ID: 54)
[2025-11-04 11:55:46] Campaign: 27 | To: pavankumar.c@relyonsoft.com | SMTP: veena@payrollsoft.in (ID: 54) | Status: SUCCESS
[2025-11-04 11:55:46] [INFO] [ROTATION] Email to mattikoppa@yahoo.com → SMTP[26] veena@relyonmails1.com (ID: 55)
[2025-11-04 11:55:46] [INFO] [SEND_ATTEMPT] To: mattikoppa@yahoo.com | SMTP: veena@relyonmails1.com (ID: 55)
[2025-11-04 11:55:46] [INFO] Attachment added: 69099c3a852b5_information.txt
[2025-11-04 11:55:46] [INFO] Attempting to send email...
[2025-11-04 11:55:50] [INFO] Email sent successfully via PHPMailer
[2025-11-04 11:55:50] [SUCCESS] [SEND_SUCCESS] To: mattikoppa@yahoo.com | SMTP: veena@relyonmails1.com (ID: 55)
[2025-11-04 11:55:50] Campaign: 27 | To: mattikoppa@yahoo.com | SMTP: veena@relyonmails1.com (ID: 55) | Status: SUCCESS
[2025-11-04 11:55:51] [INFO] All valid emails processed. Campaign completed.
[2025-11-04 12:13:53] [INFO] [ROTATION] Email to saralpaypack@gmail.com → SMTP[27] veena@relyonmails3.com (ID: 56)
[2025-11-04 12:13:53] [INFO] [SEND_ATTEMPT] To: saralpaypack@gmail.com | SMTP: veena@relyonmails3.com (ID: 56)
[2025-11-04 12:13:53] [INFO] Attachment added: 6909a09958532_information.txt
[2025-11-04 12:13:53] [INFO] [BODY_SET] HTML body set with 440 characters
[2025-11-04 12:13:53] [INFO] Attempting to send email...
[2025-11-04 12:14:03] [WARNING] [SKIP_SMTP] Transient SMTP issue on veena@relyonmails3.com (ID: 56): SMTP error: SMTP Error: Could not connect to SMTP host. Failed to connect to server
[2025-11-04 12:14:03] [INFO] [ROTATION] Email to saralpaypack@gmail.com → SMTP[28] veena@relyonmails2.com (ID: 57)
[2025-11-04 12:14:03] [INFO] [SEND_ATTEMPT] To: saralpaypack@gmail.com | SMTP: veena@relyonmails2.com (ID: 57)
[2025-11-04 12:14:03] [INFO] Attachment added: 6909a09958532_information.txt
[2025-11-04 12:14:03] [INFO] [BODY_SET] HTML body set with 440 characters
[2025-11-04 12:14:03] [INFO] Attempting to send email...
[2025-11-04 12:14:07] [INFO] Email sent successfully via PHPMailer
[2025-11-04 12:14:07] [SUCCESS] [SEND_SUCCESS] To: saralpaypack@gmail.com | SMTP: veena@relyonmails2.com (ID: 57)
[2025-11-04 12:14:07] Campaign: 28 | To: saralpaypack@gmail.com | SMTP: veena@relyonmails2.com (ID: 57) | Status: SUCCESS
[2025-11-04 12:14:07] [INFO] [ROTATION] Email to manjunath.sm@relyonsoft.com → SMTP[29] veena@relyonmail.online (ID: 58)
[2025-11-04 12:14:07] [INFO] [SEND_ATTEMPT] To: manjunath.sm@relyonsoft.com | SMTP: veena@relyonmail.online (ID: 58)
[2025-11-04 12:14:07] [INFO] Attachment added: 6909a09958532_information.txt
[2025-11-04 12:14:07] [INFO] [BODY_SET] HTML body set with 440 characters
[2025-11-04 12:14:07] [INFO] Attempting to send email...
[2025-11-04 12:14:12] [INFO] Email sent successfully via PHPMailer
[2025-11-04 12:14:12] [SUCCESS] [SEND_SUCCESS] To: manjunath.sm@relyonsoft.com | SMTP: veena@relyonmail.online (ID: 58)
[2025-11-04 12:14:12] Campaign: 28 | To: manjunath.sm@relyonsoft.com | SMTP: veena@relyonmail.online (ID: 58) | Status: SUCCESS
[2025-11-04 12:14:12] [INFO] [ROTATION] Email to panchalpavan7090@gmail.com → SMTP[30] richa@relyonsoft.info (ID: 59)
[2025-11-04 12:14:12] [INFO] [SEND_ATTEMPT] To: panchalpavan7090@gmail.com | SMTP: richa@relyonsoft.info (ID: 59)
[2025-11-04 12:14:12] [INFO] Attachment added: 6909a09958532_information.txt
[2025-11-04 12:14:12] [INFO] [BODY_SET] HTML body set with 440 characters
[2025-11-04 12:14:12] [INFO] Attempting to send email...
[2025-11-04 12:14:12] [WARNING] [SKIP_SMTP] Transient SMTP issue on richa@relyonsoft.info (ID: 59): SMTP error: SMTP Error: Could not connect to SMTP host. Failed to connect to server
[2025-11-04 12:14:12] [INFO] [ROTATION] Email to panchalpavan7090@gmail.com → SMTP[31] richa@relyonmail.xyz (ID: 60)
[2025-11-04 12:14:12] [INFO] [SEND_ATTEMPT] To: panchalpavan7090@gmail.com | SMTP: richa@relyonmail.xyz (ID: 60)
[2025-11-04 12:14:12] [INFO] Attachment added: 6909a09958532_information.txt
[2025-11-04 12:14:12] [INFO] [BODY_SET] HTML body set with 440 characters
[2025-11-04 12:14:12] [INFO] Attempting to send email...
[2025-11-04 12:14:17] [INFO] Email sent successfully via PHPMailer
[2025-11-04 12:14:17] [SUCCESS] [SEND_SUCCESS] To: panchalpavan7090@gmail.com | SMTP: richa@relyonmail.xyz (ID: 60)
[2025-11-04 12:14:17] Campaign: 28 | To: panchalpavan7090@gmail.com | SMTP: richa@relyonmail.xyz (ID: 60) | Status: SUCCESS
[2025-11-04 12:14:17] [INFO] [ROTATION] Email to pavankumar7090@yahoo.com → SMTP[32] richa@payrollsoft.in (ID: 61)
[2025-11-04 12:14:17] [INFO] [SEND_ATTEMPT] To: pavankumar7090@yahoo.com | SMTP: richa@payrollsoft.in (ID: 61)
[2025-11-04 12:14:17] [INFO] Attachment added: 6909a09958532_information.txt
[2025-11-04 12:14:17] [INFO] [BODY_SET] HTML body set with 440 characters
[2025-11-04 12:14:17] [INFO] Attempting to send email...
[2025-11-04 12:14:22] [INFO] Email sent successfully via PHPMailer
[2025-11-04 12:14:22] [SUCCESS] [SEND_SUCCESS] To: pavankumar7090@yahoo.com | SMTP: richa@payrollsoft.in (ID: 61)
[2025-11-04 12:14:22] Campaign: 28 | To: pavankumar7090@yahoo.com | SMTP: richa@payrollsoft.in (ID: 61) | Status: SUCCESS
[2025-11-04 12:14:22] [INFO] [ROTATION] Email to pavankumar.c@relyonsoft.com → SMTP[33] richa@relyonmails1.com (ID: 62)
[2025-11-04 12:14:22] [INFO] [SEND_ATTEMPT] To: pavankumar.c@relyonsoft.com | SMTP: richa@relyonmails1.com (ID: 62)
[2025-11-04 12:14:22] [INFO] Attachment added: 6909a09958532_information.txt
[2025-11-04 12:14:22] [INFO] [BODY_SET] HTML body set with 440 characters
[2025-11-04 12:14:22] [INFO] Attempting to send email...
[2025-11-04 12:14:27] [INFO] Email sent successfully via PHPMailer
[2025-11-04 12:14:27] [SUCCESS] [SEND_SUCCESS] To: pavankumar.c@relyonsoft.com | SMTP: richa@relyonmails1.com (ID: 62)
[2025-11-04 12:14:27] Campaign: 28 | To: pavankumar.c@relyonsoft.com | SMTP: richa@relyonmails1.com (ID: 62) | Status: SUCCESS
[2025-11-04 12:14:27] [INFO] [ROTATION] Email to mattikoppa@yahoo.com → SMTP[34] richa@relyonmails3.com (ID: 63)
[2025-11-04 12:14:27] [INFO] [SEND_ATTEMPT] To: mattikoppa@yahoo.com | SMTP: richa@relyonmails3.com (ID: 63)
[2025-11-04 12:14:27] [INFO] Attachment added: 6909a09958532_information.txt
[2025-11-04 12:14:27] [INFO] [BODY_SET] HTML body set with 440 characters
[2025-11-04 12:14:27] [INFO] Attempting to send email...
[2025-11-04 12:14:37] [WARNING] [SKIP_SMTP] Transient SMTP issue on richa@relyonmails3.com (ID: 63): SMTP error: SMTP Error: Could not connect to SMTP host. Failed to connect to server
[2025-11-04 12:14:37] [INFO] [ROTATION] Email to mattikoppa@yahoo.com → SMTP[35] richa@relyonmails2.com (ID: 64)
[2025-11-04 12:14:37] [INFO] [SEND_ATTEMPT] To: mattikoppa@yahoo.com | SMTP: richa@relyonmails2.com (ID: 64)
[2025-11-04 12:14:37] [INFO] Attachment added: 6909a09958532_information.txt
[2025-11-04 12:14:37] [INFO] [BODY_SET] HTML body set with 440 characters
[2025-11-04 12:14:37] [INFO] Attempting to send email...
[2025-11-04 12:14:41] [INFO] Email sent successfully via PHPMailer
[2025-11-04 12:14:41] [SUCCESS] [SEND_SUCCESS] To: mattikoppa@yahoo.com | SMTP: richa@relyonmails2.com (ID: 64)
[2025-11-04 12:14:41] Campaign: 28 | To: mattikoppa@yahoo.com | SMTP: richa@relyonmails2.com (ID: 64) | Status: SUCCESS
[2025-11-04 12:14:41] [INFO] All valid emails processed. Campaign completed.
[2025-11-04 12:38:54] [INFO] [ROTATION] Email to panchalpavan7090@gmail.com → SMTP[36] richa@relyonmail.online (ID: 65)
[2025-11-04 12:38:54] [INFO] [SEND_ATTEMPT] To: panchalpavan7090@gmail.com | SMTP: richa@relyonmail.online (ID: 65)
[2025-11-04 12:38:54] [INFO] Attachment added: 6909a65fc15a6_information.txt
[2025-11-04 12:38:54] [INFO] [IMAGE_EMBED] Processing 2 embedded images
[2025-11-04 12:38:54] [INFO] [IMAGE_EMBED] Added image 0: 6909a63ee3b91_1762240062.jpg as CID: image_0_6909a6860be11
[2025-11-04 12:38:54] [WARNING] [IMAGE_REPLACE] WARNING: No matches found for image: 6909a63ee3b91_1762240062.jpg
[2025-11-04 12:38:54] [INFO] [IMAGE_EMBED] Added image 1: 6909a6512426c_1762240081.jpg as CID: image_1_6909a6860bede
[2025-11-04 12:38:54] [INFO] [IMAGE_REPLACE] Replaced 1 occurrence(s) using full path pattern
[2025-11-04 12:38:54] [INFO] [IMAGE_EMBED] Completed processing all images, CID references updated in body
[2025-11-04 12:38:54] [INFO] [BODY_SET] HTML body set with 376 characters
[2025-11-04 12:38:54] [INFO] Attempting to send email...
[2025-11-04 12:39:06] [INFO] Email sent successfully via PHPMailer
[2025-11-04 12:39:06] [SUCCESS] [SEND_SUCCESS] To: panchalpavan7090@gmail.com | SMTP: richa@relyonmail.online (ID: 65)
[2025-11-04 12:39:06] Campaign: 29 | To: panchalpavan7090@gmail.com | SMTP: richa@relyonmail.online (ID: 65) | Status: SUCCESS
[2025-11-04 12:39:06] [INFO] [ROTATION] Email to pavankumar7090@yahoo.com → SMTP[37] navya@relyonsoft.info (ID: 66)
[2025-11-04 12:39:06] [INFO] [SEND_ATTEMPT] To: pavankumar7090@yahoo.com | SMTP: navya@relyonsoft.info (ID: 66)
[2025-11-04 12:39:06] [INFO] Attachment added: 6909a65fc15a6_information.txt
[2025-11-04 12:39:06] [INFO] [IMAGE_EMBED] Processing 2 embedded images
[2025-11-04 12:39:06] [INFO] [IMAGE_EMBED] Added image 0: 6909a63ee3b91_1762240062.jpg as CID: image_0_6909a6926ece6
[2025-11-04 12:39:06] [WARNING] [IMAGE_REPLACE] WARNING: No matches found for image: 6909a63ee3b91_1762240062.jpg
[2025-11-04 12:39:06] [INFO] [IMAGE_EMBED] Added image 1: 6909a6512426c_1762240081.jpg as CID: image_1_6909a6926ed62
[2025-11-04 12:39:06] [INFO] [IMAGE_REPLACE] Replaced 1 occurrence(s) using full path pattern
[2025-11-04 12:39:06] [INFO] [IMAGE_EMBED] Completed processing all images, CID references updated in body
[2025-11-04 12:39:06] [INFO] [BODY_SET] HTML body set with 376 characters
[2025-11-04 12:39:06] [INFO] Attempting to send email...
[2025-11-04 12:39:07] [WARNING] [SKIP_SMTP] Transient SMTP issue on navya@relyonsoft.info (ID: 66): SMTP error: SMTP Error: Could not connect to SMTP host. Failed to connect to server
[2025-11-04 12:39:07] [INFO] [ROTATION] Email to pavankumar7090@yahoo.com → SMTP[38] navya@relyonmail.xyz (ID: 67)
[2025-11-04 12:39:07] [INFO] [SEND_ATTEMPT] To: pavankumar7090@yahoo.com | SMTP: navya@relyonmail.xyz (ID: 67)
[2025-11-04 12:39:07] [INFO] Attachment added: 6909a65fc15a6_information.txt
[2025-11-04 12:39:07] [INFO] [IMAGE_EMBED] Processing 2 embedded images
[2025-11-04 12:39:07] [INFO] [IMAGE_EMBED] Added image 0: 6909a63ee3b91_1762240062.jpg as CID: image_0_6909a693e0833
[2025-11-04 12:39:07] [WARNING] [IMAGE_REPLACE] WARNING: No matches found for image: 6909a63ee3b91_1762240062.jpg
[2025-11-04 12:39:07] [INFO] [IMAGE_EMBED] Added image 1: 6909a6512426c_1762240081.jpg as CID: image_1_6909a693e08ab
[2025-11-04 12:39:07] [INFO] [IMAGE_REPLACE] Replaced 1 occurrence(s) using full path pattern
[2025-11-04 12:39:07] [INFO] [IMAGE_EMBED] Completed processing all images, CID references updated in body
[2025-11-04 12:39:07] [INFO] [BODY_SET] HTML body set with 376 characters
[2025-11-04 12:39:07] [INFO] Attempting to send email...
[2025-11-04 12:39:13] [INFO] Email sent successfully via PHPMailer
[2025-11-04 12:39:13] [SUCCESS] [SEND_SUCCESS] To: pavankumar7090@yahoo.com | SMTP: navya@relyonmail.xyz (ID: 67)
[2025-11-04 12:39:13] Campaign: 29 | To: pavankumar7090@yahoo.com | SMTP: navya@relyonmail.xyz (ID: 67) | Status: SUCCESS
[2025-11-04 12:39:13] [INFO] [ROTATION] Email to pavankumar.c@relyonsoft.com → SMTP[39] navya@payrollsoft.in (ID: 68)
[2025-11-04 12:39:13] [INFO] [SEND_ATTEMPT] To: pavankumar.c@relyonsoft.com | SMTP: navya@payrollsoft.in (ID: 68)
[2025-11-04 12:39:13] [INFO] Attachment added: 6909a65fc15a6_information.txt
[2025-11-04 12:39:13] [INFO] [IMAGE_EMBED] Processing 2 embedded images
[2025-11-04 12:39:13] [INFO] [IMAGE_EMBED] Added image 0: 6909a63ee3b91_1762240062.jpg as CID: image_0_6909a6998659a
[2025-11-04 12:39:13] [WARNING] [IMAGE_REPLACE] WARNING: No matches found for image: 6909a63ee3b91_1762240062.jpg
[2025-11-04 12:39:13] [INFO] [IMAGE_EMBED] Added image 1: 6909a6512426c_1762240081.jpg as CID: image_1_6909a69986635
[2025-11-04 12:39:13] [INFO] [IMAGE_REPLACE] Replaced 1 occurrence(s) using full path pattern
[2025-11-04 12:39:13] [INFO] [IMAGE_EMBED] Completed processing all images, CID references updated in body
[2025-11-04 12:39:13] [INFO] [BODY_SET] HTML body set with 376 characters
[2025-11-04 12:39:13] [INFO] Attempting to send email...
[2025-11-04 12:39:20] [INFO] Email sent successfully via PHPMailer
[2025-11-04 12:39:20] [SUCCESS] [SEND_SUCCESS] To: pavankumar.c@relyonsoft.com | SMTP: navya@payrollsoft.in (ID: 68)
[2025-11-04 12:39:20] Campaign: 29 | To: pavankumar.c@relyonsoft.com | SMTP: navya@payrollsoft.in (ID: 68) | Status: SUCCESS
[2025-11-04 12:39:20] [INFO] All valid emails processed. Campaign completed.
[2025-11-04 12:41:40] [INFO] [ROTATION] Email to saralpaypack@gmail.com → SMTP[40] navya@relyonmails1.com (ID: 69)
[2025-11-04 12:41:40] [INFO] [SEND_ATTEMPT] To: saralpaypack@gmail.com | SMTP: navya@relyonmails1.com (ID: 69)
[2025-11-04 12:41:40] [INFO] Attachment added: 6909a729d59b5_information.txt
[2025-11-04 12:41:40] [INFO] [IMAGE_EMBED] Processing 1 embedded images
[2025-11-04 12:41:40] [INFO] [IMAGE_EMBED] Added image 0: 6909a71f5fc4c_1762240287.jpg as CID: image_0_6909a72cc52ef
[2025-11-04 12:41:40] [INFO] [IMAGE_REPLACE] Replaced 1 occurrence(s) using full path pattern
[2025-11-04 12:41:40] [INFO] [IMAGE_EMBED] Completed processing all images, CID references updated in body
[2025-11-04 12:41:40] [INFO] [BODY_SET] HTML body set with 376 characters
[2025-11-04 12:41:40] [INFO] Attempting to send email...
[2025-11-04 12:41:45] [INFO] Email sent successfully via PHPMailer
[2025-11-04 12:41:45] [SUCCESS] [SEND_SUCCESS] To: saralpaypack@gmail.com | SMTP: navya@relyonmails1.com (ID: 69)
[2025-11-04 12:41:45] Campaign: 30 | To: saralpaypack@gmail.com | SMTP: navya@relyonmails1.com (ID: 69) | Status: SUCCESS
[2025-11-04 12:41:45] [INFO] [ROTATION] Email to manjunath.sm@relyonsoft.com → SMTP[41] navya@relyonmails3.com (ID: 70)
[2025-11-04 12:41:45] [INFO] [SEND_ATTEMPT] To: manjunath.sm@relyonsoft.com | SMTP: navya@relyonmails3.com (ID: 70)
[2025-11-04 12:41:45] [INFO] Attachment added: 6909a729d59b5_information.txt
[2025-11-04 12:41:45] [INFO] [IMAGE_EMBED] Processing 1 embedded images
[2025-11-04 12:41:45] [INFO] [IMAGE_EMBED] Added image 0: 6909a71f5fc4c_1762240287.jpg as CID: image_0_6909a731389f0
[2025-11-04 12:41:45] [INFO] [IMAGE_REPLACE] Replaced 1 occurrence(s) using full path pattern
[2025-11-04 12:41:45] [INFO] [IMAGE_EMBED] Completed processing all images, CID references updated in body
[2025-11-04 12:41:45] [INFO] [BODY_SET] HTML body set with 376 characters
[2025-11-04 12:41:45] [INFO] Attempting to send email...
[2025-11-04 12:42:00] [WARNING] [SKIP_SMTP] Transient SMTP issue on navya@relyonmails3.com (ID: 70): SMTP error: SMTP Error: Could not connect to SMTP host. Failed to connect to server
[2025-11-04 12:42:00] [INFO] [ROTATION] Email to manjunath.sm@relyonsoft.com → SMTP[42] navya@relyonmails2.com (ID: 71)
[2025-11-04 12:42:00] [INFO] [SEND_ATTEMPT] To: manjunath.sm@relyonsoft.com | SMTP: navya@relyonmails2.com (ID: 71)
[2025-11-04 12:42:00] [INFO] Attachment added: 6909a729d59b5_information.txt
[2025-11-04 12:42:00] [INFO] [IMAGE_EMBED] Processing 1 embedded images
[2025-11-04 12:42:00] [INFO] [IMAGE_EMBED] Added image 0: 6909a71f5fc4c_1762240287.jpg as CID: image_0_6909a7404ae0f
[2025-11-04 12:42:00] [INFO] [IMAGE_REPLACE] Replaced 1 occurrence(s) using full path pattern
[2025-11-04 12:42:00] [INFO] [IMAGE_EMBED] Completed processing all images, CID references updated in body
[2025-11-04 12:42:00] [INFO] [BODY_SET] HTML body set with 376 characters
[2025-11-04 12:42:00] [INFO] Attempting to send email...
[2025-11-04 12:42:06] [INFO] Email sent successfully via PHPMailer
[2025-11-04 12:42:06] [SUCCESS] [SEND_SUCCESS] To: manjunath.sm@relyonsoft.com | SMTP: navya@relyonmails2.com (ID: 71)
[2025-11-04 12:42:06] Campaign: 30 | To: manjunath.sm@relyonsoft.com | SMTP: navya@relyonmails2.com (ID: 71) | Status: SUCCESS
[2025-11-04 12:42:06] [INFO] [ROTATION] Email to panchalpavan7090@gmail.com → SMTP[43] navya@relyonmail.online (ID: 72)
[2025-11-04 12:42:06] [INFO] [SEND_ATTEMPT] To: panchalpavan7090@gmail.com | SMTP: navya@relyonmail.online (ID: 72)
[2025-11-04 12:42:06] [INFO] Attachment added: 6909a729d59b5_information.txt
[2025-11-04 12:42:06] [INFO] [IMAGE_EMBED] Processing 1 embedded images
[2025-11-04 12:42:06] [INFO] [IMAGE_EMBED] Added image 0: 6909a71f5fc4c_1762240287.jpg as CID: image_0_6909a74617a0b
[2025-11-04 12:42:06] [INFO] [IMAGE_REPLACE] Replaced 1 occurrence(s) using full path pattern
[2025-11-04 12:42:06] [INFO] [IMAGE_EMBED] Completed processing all images, CID references updated in body
[2025-11-04 12:42:06] [INFO] [BODY_SET] HTML body set with 376 characters
[2025-11-04 12:42:06] [INFO] Attempting to send email...
[2025-11-04 12:42:12] [INFO] Email sent successfully via PHPMailer
[2025-11-04 12:42:12] [SUCCESS] [SEND_SUCCESS] To: panchalpavan7090@gmail.com | SMTP: navya@relyonmail.online (ID: 72)
[2025-11-04 12:42:12] Campaign: 30 | To: panchalpavan7090@gmail.com | SMTP: navya@relyonmail.online (ID: 72) | Status: SUCCESS
[2025-11-04 12:42:12] [INFO] [ROTATION] Email to pavankumar7090@yahoo.com → SMTP[44] ankitha@relyonsoft.info (ID: 73)
[2025-11-04 12:42:12] [INFO] [SEND_ATTEMPT] To: pavankumar7090@yahoo.com | SMTP: ankitha@relyonsoft.info (ID: 73)
[2025-11-04 12:42:12] [INFO] Attachment added: 6909a729d59b5_information.txt
[2025-11-04 12:42:12] [INFO] [IMAGE_EMBED] Processing 1 embedded images
[2025-11-04 12:42:12] [INFO] [IMAGE_EMBED] Added image 0: 6909a71f5fc4c_1762240287.jpg as CID: image_0_6909a74c869b6
[2025-11-04 12:42:12] [INFO] [IMAGE_REPLACE] Replaced 1 occurrence(s) using full path pattern
[2025-11-04 12:42:12] [INFO] [IMAGE_EMBED] Completed processing all images, CID references updated in body
[2025-11-04 12:42:12] [INFO] [BODY_SET] HTML body set with 376 characters
[2025-11-04 12:42:12] [INFO] Attempting to send email...
[2025-11-04 12:42:13] [WARNING] [SKIP_SMTP] Transient SMTP issue on ankitha@relyonsoft.info (ID: 73): SMTP error: SMTP Error: Could not connect to SMTP host. Failed to connect to server
[2025-11-04 12:42:13] [INFO] [ROTATION] Email to pavankumar7090@yahoo.com → SMTP[45] ankitha@relyonmail.xyz (ID: 74)
[2025-11-04 12:42:13] [INFO] [SEND_ATTEMPT] To: pavankumar7090@yahoo.com | SMTP: ankitha@relyonmail.xyz (ID: 74)
[2025-11-04 12:42:13] [INFO] Attachment added: 6909a729d59b5_information.txt
[2025-11-04 12:42:13] [INFO] [IMAGE_EMBED] Processing 1 embedded images
[2025-11-04 12:42:13] [INFO] [IMAGE_EMBED] Added image 0: 6909a71f5fc4c_1762240287.jpg as CID: image_0_6909a74d40e7a
[2025-11-04 12:42:13] [INFO] [IMAGE_REPLACE] Replaced 1 occurrence(s) using full path pattern
[2025-11-04 12:42:13] [INFO] [IMAGE_EMBED] Completed processing all images, CID references updated in body
[2025-11-04 12:42:13] [INFO] [BODY_SET] HTML body set with 376 characters
[2025-11-04 12:42:13] [INFO] Attempting to send email...
[2025-11-04 12:42:20] [INFO] Email sent successfully via PHPMailer
[2025-11-04 12:42:20] [SUCCESS] [SEND_SUCCESS] To: pavankumar7090@yahoo.com | SMTP: ankitha@relyonmail.xyz (ID: 74)
[2025-11-04 12:42:20] Campaign: 30 | To: pavankumar7090@yahoo.com | SMTP: ankitha@relyonmail.xyz (ID: 74) | Status: SUCCESS
[2025-11-04 12:42:20] [INFO] [ROTATION] Email to pavankumar.c@relyonsoft.com → SMTP[46] ankitha@payrollsoft.in (ID: 75)
[2025-11-04 12:42:20] [INFO] [SEND_ATTEMPT] To: pavankumar.c@relyonsoft.com | SMTP: ankitha@payrollsoft.in (ID: 75)
[2025-11-04 12:42:20] [INFO] Attachment added: 6909a729d59b5_information.txt
[2025-11-04 12:42:20] [INFO] [IMAGE_EMBED] Processing 1 embedded images
[2025-11-04 12:42:20] [INFO] [IMAGE_EMBED] Added image 0: 6909a71f5fc4c_1762240287.jpg as CID: image_0_6909a75453474
[2025-11-04 12:42:20] [INFO] [IMAGE_REPLACE] Replaced 1 occurrence(s) using full path pattern
[2025-11-04 12:42:20] [INFO] [IMAGE_EMBED] Completed processing all images, CID references updated in body
[2025-11-04 12:42:20] [INFO] [BODY_SET] HTML body set with 376 characters
[2025-11-04 12:42:20] [INFO] Attempting to send email...
[2025-11-04 12:42:26] [INFO] Email sent successfully via PHPMailer
[2025-11-04 12:42:26] [SUCCESS] [SEND_SUCCESS] To: pavankumar.c@relyonsoft.com | SMTP: ankitha@payrollsoft.in (ID: 75)
[2025-11-04 12:42:26] Campaign: 30 | To: pavankumar.c@relyonsoft.com | SMTP: ankitha@payrollsoft.in (ID: 75) | Status: SUCCESS
[2025-11-04 12:42:26] [INFO] [ROTATION] Email to mattikoppa@yahoo.com → SMTP[47] ankitha@relyonmails1.com (ID: 76)
[2025-11-04 12:42:26] [INFO] [SEND_ATTEMPT] To: mattikoppa@yahoo.com | SMTP: ankitha@relyonmails1.com (ID: 76)
[2025-11-04 12:42:26] [INFO] Attachment added: 6909a729d59b5_information.txt
[2025-11-04 12:42:26] [INFO] [IMAGE_EMBED] Processing 1 embedded images
[2025-11-04 12:42:26] [INFO] [IMAGE_EMBED] Added image 0: 6909a71f5fc4c_1762240287.jpg as CID: image_0_6909a75ad8a60
[2025-11-04 12:42:26] [INFO] [IMAGE_REPLACE] Replaced 1 occurrence(s) using full path pattern
[2025-11-04 12:42:26] [INFO] [IMAGE_EMBED] Completed processing all images, CID references updated in body
[2025-11-04 12:42:26] [INFO] [BODY_SET] HTML body set with 376 characters
[2025-11-04 12:42:26] [INFO] Attempting to send email...
[2025-11-04 12:42:33] [INFO] Email sent successfully via PHPMailer
[2025-11-04 12:42:33] [SUCCESS] [SEND_SUCCESS] To: mattikoppa@yahoo.com | SMTP: ankitha@relyonmails1.com (ID: 76)
[2025-11-04 12:42:33] Campaign: 30 | To: mattikoppa@yahoo.com | SMTP: ankitha@relyonmails1.com (ID: 76) | Status: SUCCESS
[2025-11-04 12:42:34] [INFO] All valid emails processed. Campaign completed.
