[2025-11-04 11:55:03] [INFO] [ROTATION] Email to saralpaypack@gmail.com → SMTP[19] divya@relyonmails1.com (ID: 48)
[2025-11-04 11:55:03] [INFO] [SEND_ATTEMPT] To: saralpaypack@gmail.com | SMTP: divya@relyonmails1.com (ID: 48)
[2025-11-04 11:55:03] [INFO] Attachment added: 69099c3a852b5_information.txt
[2025-11-04 11:55:03] [INFO] Attempting to send email...
[2025-11-04 11:55:08] [INFO] Email sent successfully via PHPMailer
[2025-11-04 11:55:08] [SUCCESS] [SEND_SUCCESS] To: saralpaypack@gmail.com | SMTP: divya@relyonmails1.com (ID: 48)
[2025-11-04 11:55:08] [INFO] [ROTATION] Email to manjunath.sm@relyonsoft.com → SMTP[20] divya@relyonmails3.com (ID: 49)
[2025-11-04 11:55:08] [INFO] [SEND_ATTEMPT] To: manjunath.sm@relyonsoft.com | SMTP: divya@relyonmails3.com (ID: 49)
[2025-11-04 11:55:08] [INFO] Attachment added: 69099c3a852b5_information.txt
[2025-11-04 11:55:08] [INFO] Attempting to send email...
[2025-11-04 11:55:23] [WARNING] [SKIP_SMTP] Transient SMTP issue on divya@relyonmails3.com (ID: 49): SMTP error: SMTP Error: Could not connect to SMTP host. Failed to connect to server
[2025-11-04 11:55:23] [INFO] [ROTATION] Email to manjunath.sm@relyonsoft.com → SMTP[21] divya@relyonmails2.com (ID: 50)
[2025-11-04 11:55:23] [INFO] [SEND_ATTEMPT] To: manjunath.sm@relyonsoft.com | SMTP: divya@relyonmails2.com (ID: 50)
[2025-11-04 11:55:23] [INFO] Attachment added: 69099c3a852b5_information.txt
[2025-11-04 11:55:23] [INFO] Attempting to send email...
[2025-11-04 11:55:28] [INFO] Email sent successfully via PHPMailer
[2025-11-04 11:55:28] [SUCCESS] [SEND_SUCCESS] To: manjunath.sm@relyonsoft.com | SMTP: divya@relyonmails2.com (ID: 50)
[2025-11-04 11:55:28] [INFO] [ROTATION] Email to panchalpavan7090@gmail.com → SMTP[22] divya@relyonmail.online (ID: 51)
[2025-11-04 11:55:28] [INFO] [SEND_ATTEMPT] To: panchalpavan7090@gmail.com | SMTP: divya@relyonmail.online (ID: 51)
[2025-11-04 11:55:28] [INFO] Attachment added: 69099c3a852b5_information.txt
[2025-11-04 11:55:28] [INFO] Attempting to send email...
[2025-11-04 11:55:34] [INFO] Email sent successfully via PHPMailer
[2025-11-04 11:55:34] [SUCCESS] [SEND_SUCCESS] To: panchalpavan7090@gmail.com | SMTP: divya@relyonmail.online (ID: 51)
[2025-11-04 11:55:34] [INFO] [ROTATION] Email to pavankumar7090@yahoo.com → SMTP[23] veena@relyonsoft.info (ID: 52)
[2025-11-04 11:55:34] [INFO] [SEND_ATTEMPT] To: pavankumar7090@yahoo.com | SMTP: veena@relyonsoft.info (ID: 52)
[2025-11-04 11:55:34] [INFO] Attachment added: 69099c3a852b5_information.txt
[2025-11-04 11:55:34] [INFO] Attempting to send email...
[2025-11-04 11:55:35] [WARNING] [SKIP_SMTP] Transient SMTP issue on veena@relyonsoft.info (ID: 52): SMTP error: SMTP Error: Could not connect to SMTP host. Failed to connect to server
[2025-11-04 11:55:35] [INFO] [ROTATION] Email to pavankumar7090@yahoo.com → SMTP[24] veena@relyonmail.xyz (ID: 53)
[2025-11-04 11:55:35] [INFO] [SEND_ATTEMPT] To: pavankumar7090@yahoo.com | SMTP: veena@relyonmail.xyz (ID: 53)
[2025-11-04 11:55:35] [INFO] Attachment added: 69099c3a852b5_information.txt
[2025-11-04 11:55:35] [INFO] Attempting to send email...
[2025-11-04 11:55:41] [INFO] Email sent successfully via PHPMailer
[2025-11-04 11:55:41] [SUCCESS] [SEND_SUCCESS] To: pavankumar7090@yahoo.com | SMTP: veena@relyonmail.xyz (ID: 53)
[2025-11-04 11:55:41] [INFO] [ROTATION] Email to pavankumar.c@relyonsoft.com → SMTP[25] veena@payrollsoft.in (ID: 54)
[2025-11-04 11:55:41] [INFO] [SEND_ATTEMPT] To: pavankumar.c@relyonsoft.com | SMTP: veena@payrollsoft.in (ID: 54)
[2025-11-04 11:55:41] [INFO] Attachment added: 69099c3a852b5_information.txt
[2025-11-04 11:55:41] [INFO] Attempting to send email...
[2025-11-04 11:55:46] [INFO] Email sent successfully via PHPMailer
[2025-11-04 11:55:46] [SUCCESS] [SEND_SUCCESS] To: pavankumar.c@relyonsoft.com | SMTP: veena@payrollsoft.in (ID: 54)
[2025-11-04 11:55:46] [INFO] [ROTATION] Email to mattikoppa@yahoo.com → SMTP[26] veena@relyonmails1.com (ID: 55)
[2025-11-04 11:55:46] [INFO] [SEND_ATTEMPT] To: mattikoppa@yahoo.com | SMTP: veena@relyonmails1.com (ID: 55)
[2025-11-04 11:55:46] [INFO] Attachment added: 69099c3a852b5_information.txt
[2025-11-04 11:55:46] [INFO] Attempting to send email...
[2025-11-04 11:55:50] [INFO] Email sent successfully via PHPMailer
[2025-11-04 11:55:50] [SUCCESS] [SEND_SUCCESS] To: mattikoppa@yahoo.com | SMTP: veena@relyonmails1.com (ID: 55)
[2025-11-04 11:55:51] [INFO] All valid emails processed. Campaign completed.
