[2025-11-04 12:41:40] [INFO] [ROTATION] Email to saralpaypack@gmail.com → SMTP[40] navya@relyonmails1.com (ID: 69)
[2025-11-04 12:41:40] [INFO] [SEND_ATTEMPT] To: saralpaypack@gmail.com | SMTP: navya@relyonmails1.com (ID: 69)
[2025-11-04 12:41:40] [INFO] Attachment added: 6909a729d59b5_information.txt
[2025-11-04 12:41:40] [INFO] [IMAGE_EMBED] Processing 1 embedded images
[2025-11-04 12:41:40] [INFO] [IMAGE_EMBED] Added image 0: 6909a71f5fc4c_1762240287.jpg as CID: image_0_6909a72cc52ef
[2025-11-04 12:41:40] [INFO] [IMAGE_REPLACE] Replaced 1 occurrence(s) using full path pattern
[2025-11-04 12:41:40] [INFO] [IMAGE_EMBED] Completed processing all images, CID references updated in body
[2025-11-04 12:41:40] [INFO] [BODY_SET] HTML body set with 376 characters
[2025-11-04 12:41:40] [INFO] Attempting to send email...
[2025-11-04 12:41:45] [INFO] Email sent successfully via PHPMailer
[2025-11-04 12:41:45] [SUCCESS] [SEND_SUCCESS] To: saralpaypack@gmail.com | SMTP: navya@relyonmails1.com (ID: 69)
[2025-11-04 12:41:45] [INFO] [ROTATION] Email to manjunath.sm@relyonsoft.com → SMTP[41] navya@relyonmails3.com (ID: 70)
[2025-11-04 12:41:45] [INFO] [SEND_ATTEMPT] To: manjunath.sm@relyonsoft.com | SMTP: navya@relyonmails3.com (ID: 70)
[2025-11-04 12:41:45] [INFO] Attachment added: 6909a729d59b5_information.txt
[2025-11-04 12:41:45] [INFO] [IMAGE_EMBED] Processing 1 embedded images
[2025-11-04 12:41:45] [INFO] [IMAGE_EMBED] Added image 0: 6909a71f5fc4c_1762240287.jpg as CID: image_0_6909a731389f0
[2025-11-04 12:41:45] [INFO] [IMAGE_REPLACE] Replaced 1 occurrence(s) using full path pattern
[2025-11-04 12:41:45] [INFO] [IMAGE_EMBED] Completed processing all images, CID references updated in body
[2025-11-04 12:41:45] [INFO] [BODY_SET] HTML body set with 376 characters
[2025-11-04 12:41:45] [INFO] Attempting to send email...
[2025-11-04 12:42:00] [WARNING] [SKIP_SMTP] Transient SMTP issue on navya@relyonmails3.com (ID: 70): SMTP error: SMTP Error: Could not connect to SMTP host. Failed to connect to server
[2025-11-04 12:42:00] [INFO] [ROTATION] Email to manjunath.sm@relyonsoft.com → SMTP[42] navya@relyonmails2.com (ID: 71)
[2025-11-04 12:42:00] [INFO] [SEND_ATTEMPT] To: manjunath.sm@relyonsoft.com | SMTP: navya@relyonmails2.com (ID: 71)
[2025-11-04 12:42:00] [INFO] Attachment added: 6909a729d59b5_information.txt
[2025-11-04 12:42:00] [INFO] [IMAGE_EMBED] Processing 1 embedded images
[2025-11-04 12:42:00] [INFO] [IMAGE_EMBED] Added image 0: 6909a71f5fc4c_1762240287.jpg as CID: image_0_6909a7404ae0f
[2025-11-04 12:42:00] [INFO] [IMAGE_REPLACE] Replaced 1 occurrence(s) using full path pattern
[2025-11-04 12:42:00] [INFO] [IMAGE_EMBED] Completed processing all images, CID references updated in body
[2025-11-04 12:42:00] [INFO] [BODY_SET] HTML body set with 376 characters
[2025-11-04 12:42:00] [INFO] Attempting to send email...
[2025-11-04 12:42:06] [INFO] Email sent successfully via PHPMailer
[2025-11-04 12:42:06] [SUCCESS] [SEND_SUCCESS] To: manjunath.sm@relyonsoft.com | SMTP: navya@relyonmails2.com (ID: 71)
[2025-11-04 12:42:06] [INFO] [ROTATION] Email to panchalpavan7090@gmail.com → SMTP[43] navya@relyonmail.online (ID: 72)
[2025-11-04 12:42:06] [INFO] [SEND_ATTEMPT] To: panchalpavan7090@gmail.com | SMTP: navya@relyonmail.online (ID: 72)
[2025-11-04 12:42:06] [INFO] Attachment added: 6909a729d59b5_information.txt
[2025-11-04 12:42:06] [INFO] [IMAGE_EMBED] Processing 1 embedded images
[2025-11-04 12:42:06] [INFO] [IMAGE_EMBED] Added image 0: 6909a71f5fc4c_1762240287.jpg as CID: image_0_6909a74617a0b
[2025-11-04 12:42:06] [INFO] [IMAGE_REPLACE] Replaced 1 occurrence(s) using full path pattern
[2025-11-04 12:42:06] [INFO] [IMAGE_EMBED] Completed processing all images, CID references updated in body
[2025-11-04 12:42:06] [INFO] [BODY_SET] HTML body set with 376 characters
[2025-11-04 12:42:06] [INFO] Attempting to send email...
[2025-11-04 12:42:12] [INFO] Email sent successfully via PHPMailer
[2025-11-04 12:42:12] [SUCCESS] [SEND_SUCCESS] To: panchalpavan7090@gmail.com | SMTP: navya@relyonmail.online (ID: 72)
[2025-11-04 12:42:12] [INFO] [ROTATION] Email to pavankumar7090@yahoo.com → SMTP[44] ankitha@relyonsoft.info (ID: 73)
[2025-11-04 12:42:12] [INFO] [SEND_ATTEMPT] To: pavankumar7090@yahoo.com | SMTP: ankitha@relyonsoft.info (ID: 73)
[2025-11-04 12:42:12] [INFO] Attachment added: 6909a729d59b5_information.txt
[2025-11-04 12:42:12] [INFO] [IMAGE_EMBED] Processing 1 embedded images
[2025-11-04 12:42:12] [INFO] [IMAGE_EMBED] Added image 0: 6909a71f5fc4c_1762240287.jpg as CID: image_0_6909a74c869b6
[2025-11-04 12:42:12] [INFO] [IMAGE_REPLACE] Replaced 1 occurrence(s) using full path pattern
[2025-11-04 12:42:12] [INFO] [IMAGE_EMBED] Completed processing all images, CID references updated in body
[2025-11-04 12:42:12] [INFO] [BODY_SET] HTML body set with 376 characters
[2025-11-04 12:42:12] [INFO] Attempting to send email...
[2025-11-04 12:42:13] [WARNING] [SKIP_SMTP] Transient SMTP issue on ankitha@relyonsoft.info (ID: 73): SMTP error: SMTP Error: Could not connect to SMTP host. Failed to connect to server
[2025-11-04 12:42:13] [INFO] [ROTATION] Email to pavankumar7090@yahoo.com → SMTP[45] ankitha@relyonmail.xyz (ID: 74)
[2025-11-04 12:42:13] [INFO] [SEND_ATTEMPT] To: pavankumar7090@yahoo.com | SMTP: ankitha@relyonmail.xyz (ID: 74)
[2025-11-04 12:42:13] [INFO] Attachment added: 6909a729d59b5_information.txt
[2025-11-04 12:42:13] [INFO] [IMAGE_EMBED] Processing 1 embedded images
[2025-11-04 12:42:13] [INFO] [IMAGE_EMBED] Added image 0: 6909a71f5fc4c_1762240287.jpg as CID: image_0_6909a74d40e7a
[2025-11-04 12:42:13] [INFO] [IMAGE_REPLACE] Replaced 1 occurrence(s) using full path pattern
[2025-11-04 12:42:13] [INFO] [IMAGE_EMBED] Completed processing all images, CID references updated in body
[2025-11-04 12:42:13] [INFO] [BODY_SET] HTML body set with 376 characters
[2025-11-04 12:42:13] [INFO] Attempting to send email...
[2025-11-04 12:42:20] [INFO] Email sent successfully via PHPMailer
[2025-11-04 12:42:20] [SUCCESS] [SEND_SUCCESS] To: pavankumar7090@yahoo.com | SMTP: ankitha@relyonmail.xyz (ID: 74)
[2025-11-04 12:42:20] [INFO] [ROTATION] Email to pavankumar.c@relyonsoft.com → SMTP[46] ankitha@payrollsoft.in (ID: 75)
[2025-11-04 12:42:20] [INFO] [SEND_ATTEMPT] To: pavankumar.c@relyonsoft.com | SMTP: ankitha@payrollsoft.in (ID: 75)
[2025-11-04 12:42:20] [INFO] Attachment added: 6909a729d59b5_information.txt
[2025-11-04 12:42:20] [INFO] [IMAGE_EMBED] Processing 1 embedded images
[2025-11-04 12:42:20] [INFO] [IMAGE_EMBED] Added image 0: 6909a71f5fc4c_1762240287.jpg as CID: image_0_6909a75453474
[2025-11-04 12:42:20] [INFO] [IMAGE_REPLACE] Replaced 1 occurrence(s) using full path pattern
[2025-11-04 12:42:20] [INFO] [IMAGE_EMBED] Completed processing all images, CID references updated in body
[2025-11-04 12:42:20] [INFO] [BODY_SET] HTML body set with 376 characters
[2025-11-04 12:42:20] [INFO] Attempting to send email...
[2025-11-04 12:42:26] [INFO] Email sent successfully via PHPMailer
[2025-11-04 12:42:26] [SUCCESS] [SEND_SUCCESS] To: pavankumar.c@relyonsoft.com | SMTP: ankitha@payrollsoft.in (ID: 75)
[2025-11-04 12:42:26] [INFO] [ROTATION] Email to mattikoppa@yahoo.com → SMTP[47] ankitha@relyonmails1.com (ID: 76)
[2025-11-04 12:42:26] [INFO] [SEND_ATTEMPT] To: mattikoppa@yahoo.com | SMTP: ankitha@relyonmails1.com (ID: 76)
[2025-11-04 12:42:26] [INFO] Attachment added: 6909a729d59b5_information.txt
[2025-11-04 12:42:26] [INFO] [IMAGE_EMBED] Processing 1 embedded images
[2025-11-04 12:42:26] [INFO] [IMAGE_EMBED] Added image 0: 6909a71f5fc4c_1762240287.jpg as CID: image_0_6909a75ad8a60
[2025-11-04 12:42:26] [INFO] [IMAGE_REPLACE] Replaced 1 occurrence(s) using full path pattern
[2025-11-04 12:42:26] [INFO] [IMAGE_EMBED] Completed processing all images, CID references updated in body
[2025-11-04 12:42:26] [INFO] [BODY_SET] HTML body set with 376 characters
[2025-11-04 12:42:26] [INFO] Attempting to send email...
[2025-11-04 12:42:33] [INFO] Email sent successfully via PHPMailer
[2025-11-04 12:42:33] [SUCCESS] [SEND_SUCCESS] To: mattikoppa@yahoo.com | SMTP: ankitha@relyonmails1.com (ID: 76)
[2025-11-04 12:42:34] [INFO] All valid emails processed. Campaign completed.
