[2025-11-04 12:13:53] [INFO] [ROTATION] Email to saralpaypack@gmail.com → SMTP[27] veena@relyonmails3.com (ID: 56)
[2025-11-04 12:13:53] [INFO] [SEND_ATTEMPT] To: saralpaypack@gmail.com | SMTP: veena@relyonmails3.com (ID: 56)
[2025-11-04 12:13:53] [INFO] Attachment added: 6909a09958532_information.txt
[2025-11-04 12:13:53] [INFO] [BODY_SET] HTML body set with 440 characters
[2025-11-04 12:13:53] [INFO] Attempting to send email...
[2025-11-04 12:14:03] [WARNING] [SKIP_SMTP] Transient SMTP issue on veena@relyonmails3.com (ID: 56): SMTP error: SMTP Error: Could not connect to SMTP host. Failed to connect to server
[2025-11-04 12:14:03] [INFO] [ROTATION] Email to saralpaypack@gmail.com → SMTP[28] veena@relyonmails2.com (ID: 57)
[2025-11-04 12:14:03] [INFO] [SEND_ATTEMPT] To: saralpaypack@gmail.com | SMTP: veena@relyonmails2.com (ID: 57)
[2025-11-04 12:14:03] [INFO] Attachment added: 6909a09958532_information.txt
[2025-11-04 12:14:03] [INFO] [BODY_SET] HTML body set with 440 characters
[2025-11-04 12:14:03] [INFO] Attempting to send email...
[2025-11-04 12:14:07] [INFO] Email sent successfully via PHPMailer
[2025-11-04 12:14:07] [SUCCESS] [SEND_SUCCESS] To: saralpaypack@gmail.com | SMTP: veena@relyonmails2.com (ID: 57)
[2025-11-04 12:14:07] [INFO] [ROTATION] Email to manjunath.sm@relyonsoft.com → SMTP[29] veena@relyonmail.online (ID: 58)
[2025-11-04 12:14:07] [INFO] [SEND_ATTEMPT] To: manjunath.sm@relyonsoft.com | SMTP: veena@relyonmail.online (ID: 58)
[2025-11-04 12:14:07] [INFO] Attachment added: 6909a09958532_information.txt
[2025-11-04 12:14:07] [INFO] [BODY_SET] HTML body set with 440 characters
[2025-11-04 12:14:07] [INFO] Attempting to send email...
[2025-11-04 12:14:12] [INFO] Email sent successfully via PHPMailer
[2025-11-04 12:14:12] [SUCCESS] [SEND_SUCCESS] To: manjunath.sm@relyonsoft.com | SMTP: veena@relyonmail.online (ID: 58)
[2025-11-04 12:14:12] [INFO] [ROTATION] Email to panchalpavan7090@gmail.com → SMTP[30] richa@relyonsoft.info (ID: 59)
[2025-11-04 12:14:12] [INFO] [SEND_ATTEMPT] To: panchalpavan7090@gmail.com | SMTP: richa@relyonsoft.info (ID: 59)
[2025-11-04 12:14:12] [INFO] Attachment added: 6909a09958532_information.txt
[2025-11-04 12:14:12] [INFO] [BODY_SET] HTML body set with 440 characters
[2025-11-04 12:14:12] [INFO] Attempting to send email...
[2025-11-04 12:14:12] [WARNING] [SKIP_SMTP] Transient SMTP issue on richa@relyonsoft.info (ID: 59): SMTP error: SMTP Error: Could not connect to SMTP host. Failed to connect to server
[2025-11-04 12:14:12] [INFO] [ROTATION] Email to panchalpavan7090@gmail.com → SMTP[31] richa@relyonmail.xyz (ID: 60)
[2025-11-04 12:14:12] [INFO] [SEND_ATTEMPT] To: panchalpavan7090@gmail.com | SMTP: richa@relyonmail.xyz (ID: 60)
[2025-11-04 12:14:12] [INFO] Attachment added: 6909a09958532_information.txt
[2025-11-04 12:14:12] [INFO] [BODY_SET] HTML body set with 440 characters
[2025-11-04 12:14:12] [INFO] Attempting to send email...
[2025-11-04 12:14:17] [INFO] Email sent successfully via PHPMailer
[2025-11-04 12:14:17] [SUCCESS] [SEND_SUCCESS] To: panchalpavan7090@gmail.com | SMTP: richa@relyonmail.xyz (ID: 60)
[2025-11-04 12:14:17] [INFO] [ROTATION] Email to pavankumar7090@yahoo.com → SMTP[32] richa@payrollsoft.in (ID: 61)
[2025-11-04 12:14:17] [INFO] [SEND_ATTEMPT] To: pavankumar7090@yahoo.com | SMTP: richa@payrollsoft.in (ID: 61)
[2025-11-04 12:14:17] [INFO] Attachment added: 6909a09958532_information.txt
[2025-11-04 12:14:17] [INFO] [BODY_SET] HTML body set with 440 characters
[2025-11-04 12:14:17] [INFO] Attempting to send email...
[2025-11-04 12:14:22] [INFO] Email sent successfully via PHPMailer
[2025-11-04 12:14:22] [SUCCESS] [SEND_SUCCESS] To: pavankumar7090@yahoo.com | SMTP: richa@payrollsoft.in (ID: 61)
[2025-11-04 12:14:22] [INFO] [ROTATION] Email to pavankumar.c@relyonsoft.com → SMTP[33] richa@relyonmails1.com (ID: 62)
[2025-11-04 12:14:22] [INFO] [SEND_ATTEMPT] To: pavankumar.c@relyonsoft.com | SMTP: richa@relyonmails1.com (ID: 62)
[2025-11-04 12:14:22] [INFO] Attachment added: 6909a09958532_information.txt
[2025-11-04 12:14:22] [INFO] [BODY_SET] HTML body set with 440 characters
[2025-11-04 12:14:22] [INFO] Attempting to send email...
[2025-11-04 12:14:27] [INFO] Email sent successfully via PHPMailer
[2025-11-04 12:14:27] [SUCCESS] [SEND_SUCCESS] To: pavankumar.c@relyonsoft.com | SMTP: richa@relyonmails1.com (ID: 62)
[2025-11-04 12:14:27] [INFO] [ROTATION] Email to mattikoppa@yahoo.com → SMTP[34] richa@relyonmails3.com (ID: 63)
[2025-11-04 12:14:27] [INFO] [SEND_ATTEMPT] To: mattikoppa@yahoo.com | SMTP: richa@relyonmails3.com (ID: 63)
[2025-11-04 12:14:27] [INFO] Attachment added: 6909a09958532_information.txt
[2025-11-04 12:14:27] [INFO] [BODY_SET] HTML body set with 440 characters
[2025-11-04 12:14:27] [INFO] Attempting to send email...
[2025-11-04 12:14:37] [WARNING] [SKIP_SMTP] Transient SMTP issue on richa@relyonmails3.com (ID: 63): SMTP error: SMTP Error: Could not connect to SMTP host. Failed to connect to server
[2025-11-04 12:14:37] [INFO] [ROTATION] Email to mattikoppa@yahoo.com → SMTP[35] richa@relyonmails2.com (ID: 64)
[2025-11-04 12:14:37] [INFO] [SEND_ATTEMPT] To: mattikoppa@yahoo.com | SMTP: richa@relyonmails2.com (ID: 64)
[2025-11-04 12:14:37] [INFO] Attachment added: 6909a09958532_information.txt
[2025-11-04 12:14:37] [INFO] [BODY_SET] HTML body set with 440 characters
[2025-11-04 12:14:37] [INFO] Attempting to send email...
[2025-11-04 12:14:41] [INFO] Email sent successfully via PHPMailer
[2025-11-04 12:14:41] [SUCCESS] [SEND_SUCCESS] To: mattikoppa@yahoo.com | SMTP: richa@relyonmails2.com (ID: 64)
[2025-11-04 12:14:41] [INFO] All valid emails processed. Campaign completed.
