[2025-11-04 11:51:53] [INFO] [ROTATION] Email to panchalpavan7090@gmail.com → SMTP[15] chethan@relyonmail.online (ID: 44)
[2025-11-04 11:51:53] [INFO] [SEND_ATTEMPT] To: panchalpavan7090@gmail.com | SMTP: chethan@relyonmail.online (ID: 44)
[2025-11-04 11:51:53] [INFO] Attachment added: 69099b78a9faf_information.txt
[2025-11-04 11:51:53] [INFO] Attempting to send email...
[2025-11-04 11:51:58] [INFO] Email sent successfully via PHPMailer
[2025-11-04 11:51:58] [SUCCESS] [SEND_SUCCESS] To: panchalpavan7090@gmail.com | SMTP: chethan@relyonmail.online (ID: 44)
[2025-11-04 11:51:58] [INFO] [ROTATION] Email to pavankumar7090@yahoo.com → SMTP[16] divya@relyonsoft.info (ID: 45)
[2025-11-04 11:51:58] [INFO] [SEND_ATTEMPT] To: pavankumar7090@yahoo.com | SMTP: divya@relyonsoft.info (ID: 45)
[2025-11-04 11:51:58] [INFO] Attachment added: 69099b78a9faf_information.txt
[2025-11-04 11:51:58] [INFO] Attempting to send email...
[2025-11-04 11:51:58] [WARNING] [SKIP_SMTP] Transient SMTP issue on divya@relyonsoft.info (ID: 45): SMTP error: SMTP Error: Could not connect to SMTP host. Failed to connect to server
[2025-11-04 11:51:58] [INFO] [ROTATION] Email to pavankumar7090@yahoo.com → SMTP[17] divya@relyonmail.xyz (ID: 46)
[2025-11-04 11:51:58] [INFO] [SEND_ATTEMPT] To: pavankumar7090@yahoo.com | SMTP: divya@relyonmail.xyz (ID: 46)
[2025-11-04 11:51:58] [INFO] Attachment added: 69099b78a9faf_information.txt
[2025-11-04 11:51:58] [INFO] Attempting to send email...
[2025-11-04 11:52:03] [INFO] Email sent successfully via PHPMailer
[2025-11-04 11:52:03] [SUCCESS] [SEND_SUCCESS] To: pavankumar7090@yahoo.com | SMTP: divya@relyonmail.xyz (ID: 46)
[2025-11-04 11:52:03] [INFO] [ROTATION] Email to pavankumar.c@relyonsoft.com → SMTP[18] divya@payrollsoft.in (ID: 47)
[2025-11-04 11:52:03] [INFO] [SEND_ATTEMPT] To: pavankumar.c@relyonsoft.com | SMTP: divya@payrollsoft.in (ID: 47)
[2025-11-04 11:52:03] [INFO] Attachment added: 69099b78a9faf_information.txt
[2025-11-04 11:52:03] [INFO] Attempting to send email...
[2025-11-04 11:52:08] [INFO] Email sent successfully via PHPMailer
[2025-11-04 11:52:08] [SUCCESS] [SEND_SUCCESS] To: pavankumar.c@relyonsoft.com | SMTP: divya@payrollsoft.in (ID: 47)
[2025-11-04 11:52:08] [INFO] All valid emails processed. Campaign completed.
