[2025-11-04 10:39:25] [INFO] [ROTATION] Email to panchalpavan7090@gmail.com → SMTP[2] praveen@relyonsoft.info (ID: 31)
[2025-11-04 10:39:25] [INFO] [SEND_ATTEMPT] To: panchalpavan7090@gmail.com | SMTP: praveen@relyonsoft.info (ID: 31)
[2025-11-04 10:39:25] [INFO] Attachment added: 69098a819d4a5_information.txt
[2025-11-04 10:39:25] [INFO] Attempting to send email...
[2025-11-04 10:39:25] [ERROR] PHPMailer exception: SMTP Error: Could not connect to SMTP host. Failed to connect to server
[2025-11-04 10:39:25] [ERROR] [SEND_FAILED] To: panchalpavan7090@gmail.com | SMTP: praveen@relyonsoft.info (ID: 31) | Error: SMTP error: SMTP Error: Could not connect to SMTP host. Failed to connect to server
[2025-11-04 10:39:25] [INFO] [ROTATION] Email to pavankumar.c@relyonsoft.com → SMTP[3] praveen@relyonmail.xyz (ID: 32)
[2025-11-04 10:39:25] [INFO] [SEND_ATTEMPT] To: pavankumar.c@relyonsoft.com | SMTP: praveen@relyonmail.xyz (ID: 32)
[2025-11-04 10:39:25] [INFO] Attachment added: 69098a819d4a5_information.txt
[2025-11-04 10:39:25] [INFO] Attempting to send email...
[2025-11-04 10:39:33] [INFO] Email sent successfully via PHPMailer
[2025-11-04 10:39:33] [SUCCESS] [SEND_SUCCESS] To: pavankumar.c@relyonsoft.com | SMTP: praveen@relyonmail.xyz (ID: 32)
[2025-11-04 10:39:33] [INFO] [ROTATION] Email to panchalpavan7090@gmail.com → SMTP[6] praveen@relyonmails3.com (ID: 35)
[2025-11-04 10:39:33] [INFO] [SEND_ATTEMPT] To: panchalpavan7090@gmail.com | SMTP: praveen@relyonmails3.com (ID: 35)
[2025-11-04 10:39:33] [INFO] Attachment added: 69098a819d4a5_information.txt
[2025-11-04 10:39:33] [INFO] Attempting to send email...
[2025-11-04 10:39:53] [ERROR] PHPMailer exception: SMTP Error: Could not connect to SMTP host. Failed to connect to server
[2025-11-04 10:39:53] [ERROR] [SEND_FAILED] To: panchalpavan7090@gmail.com | SMTP: praveen@relyonmails3.com (ID: 35) | Error: SMTP error: SMTP Error: Could not connect to SMTP host. Failed to connect to server
[2025-11-04 10:39:58] [INFO] [ROTATION] Email to panchalpavan7090@gmail.com → SMTP[7] praveen@relyonmails2.com (ID: 36)
[2025-11-04 10:39:58] [INFO] [SEND_ATTEMPT] To: panchalpavan7090@gmail.com | SMTP: praveen@relyonmails2.com (ID: 36)
[2025-11-04 10:39:58] [INFO] Attachment added: 69098a819d4a5_information.txt
[2025-11-04 10:39:58] [INFO] Attempting to send email...
[2025-11-04 10:40:12] [INFO] Email sent successfully via PHPMailer
[2025-11-04 10:40:12] [SUCCESS] [SEND_SUCCESS] To: panchalpavan7090@gmail.com | SMTP: praveen@relyonmails2.com (ID: 36)
[2025-11-04 10:40:12] [INFO] All valid emails processed. Campaign completed.
