[2025-11-03 15:50:01] [ERROR] [ERROR] PHPMailer Body is empty right before send. Original body length: 0
[2025-11-03 15:50:01] [ERROR] PHPMailer exception: Message body became empty during processing
[2025-11-03 15:50:01] [ERROR] [SEND_FAILED] To: panchalpavan7090@gmail.com | SMTP: ankitha@relyonmails1.com (ID: 76) | Error: SMTP error: Message body became empty during processing
[2025-11-03 15:50:01] [ERROR] [ERROR] PHPMailer Body is empty right before send. Original body length: 0
[2025-11-03 15:50:01] [ERROR] PHPMailer exception: Message body became empty during processing
[2025-11-03 15:50:01] [ERROR] [SEND_FAILED] To: pavankumar.c@relyonsoft.com | SMTP: ankitha@relyonmails3.com (ID: 77) | Error: SMTP error: Message body became empty during processing
[2025-11-03 15:50:06] [ERROR] [ERROR] PHPMailer Body is empty right before send. Original body length: 0
[2025-11-03 15:50:06] [ERROR] PHPMailer exception: Message body became empty during processing
[2025-11-03 15:50:06] [ERROR] [SEND_FAILED] To: panchalpavan7090@gmail.com | SMTP: ankitha@relyonmails2.com (ID: 78) | Error: SMTP error: Message body became empty during processing
[2025-11-03 15:50:06] [ERROR] [ERROR] PHPMailer Body is empty right before send. Original body length: 0
[2025-11-03 15:50:06] [ERROR] PHPMailer exception: Message body became empty during processing
[2025-11-03 15:50:06] [ERROR] [SEND_FAILED] To: pavankumar.c@relyonsoft.com | SMTP: ankitha@relyonmail.online (ID: 79) | Error: SMTP error: Message body became empty during processing
[2025-11-03 15:50:11] [ERROR] [ERROR] PHPMailer Body is empty right before send. Original body length: 0
[2025-11-03 15:50:11] [ERROR] PHPMailer exception: Message body became empty during processing
[2025-11-03 15:50:11] [ERROR] [SEND_FAILED] To: panchalpavan7090@gmail.com | SMTP: vani@relyonsoft.info (ID: 80) | Error: SMTP error: Message body became empty during processing
[2025-11-03 15:50:11] [ERROR] [ERROR] PHPMailer Body is empty right before send. Original body length: 0
[2025-11-03 15:50:11] [ERROR] PHPMailer exception: Message body became empty during processing
[2025-11-03 15:50:11] [ERROR] [SEND_FAILED] To: pavankumar.c@relyonsoft.com | SMTP: vani@relyonmail.xyz (ID: 81) | Error: SMTP error: Message body became empty during processing
[2025-11-03 15:50:17] [ERROR] [ERROR] PHPMailer Body is empty right before send. Original body length: 0
[2025-11-03 15:50:17] [ERROR] PHPMailer exception: Message body became empty during processing
[2025-11-03 15:50:17] [ERROR] [SEND_FAILED] To: panchalpavan7090@gmail.com | SMTP: vani@payrollsoft.in (ID: 82) | Error: SMTP error: Message body became empty during processing
[2025-11-03 15:50:17] [ERROR] [ERROR] PHPMailer Body is empty right before send. Original body length: 0
[2025-11-03 15:50:17] [ERROR] PHPMailer exception: Message body became empty during processing
[2025-11-03 15:50:17] [ERROR] [SEND_FAILED] To: pavankumar.c@relyonsoft.com | SMTP: vani@relyonmails1.com (ID: 83) | Error: SMTP error: Message body became empty during processing
[2025-11-03 15:50:22] [ERROR] [ERROR] PHPMailer Body is empty right before send. Original body length: 0
[2025-11-03 15:50:22] [ERROR] PHPMailer exception: Message body became empty during processing
[2025-11-03 15:50:22] [ERROR] [SEND_FAILED] To: panchalpavan7090@gmail.com | SMTP: vani@relyonmails3.com (ID: 84) | Error: SMTP error: Message body became empty during processing
[2025-11-03 15:50:22] [ERROR] [ERROR] PHPMailer Body is empty right before send. Original body length: 0
[2025-11-03 15:50:22] [ERROR] PHPMailer exception: Message body became empty during processing
[2025-11-03 15:50:22] [ERROR] [SEND_FAILED] To: pavankumar.c@relyonsoft.com | SMTP: vani@relyonmails2.com (ID: 85) | Error: SMTP error: Message body became empty during processing
[2025-11-03 15:50:27] [ERROR] [ERROR] PHPMailer Body is empty right before send. Original body length: 0
[2025-11-03 15:50:27] [ERROR] PHPMailer exception: Message body became empty during processing
[2025-11-03 15:50:27] [ERROR] [SEND_FAILED] To: panchalpavan7090@gmail.com | SMTP: vani@relyonmail.online (ID: 86) | Error: SMTP error: Message body became empty during processing
[2025-11-03 15:50:27] [ERROR] [ERROR] PHPMailer Body is empty right before send. Original body length: 0
[2025-11-03 15:50:27] [ERROR] PHPMailer exception: Message body became empty during processing
[2025-11-03 15:50:27] [ERROR] [SEND_FAILED] To: pavankumar.c@relyonsoft.com | SMTP: david@relyonsoft.info (ID: 87) | Error: SMTP error: Message body became empty during processing
[2025-11-03 15:50:32] [ERROR] [ERROR] PHPMailer Body is empty right before send. Original body length: 0
[2025-11-03 15:50:32] [ERROR] PHPMailer exception: Message body became empty during processing
[2025-11-03 15:50:32] [ERROR] [SEND_FAILED] To: panchalpavan7090@gmail.com | SMTP: david@relyonmail.xyz (ID: 88) | Error: SMTP error: Message body became empty during processing
[2025-11-03 15:50:32] [ERROR] [ERROR] PHPMailer Body is empty right before send. Original body length: 0
[2025-11-03 15:50:32] [ERROR] PHPMailer exception: Message body became empty during processing
[2025-11-03 15:50:32] [ERROR] [SEND_FAILED] To: pavankumar.c@relyonsoft.com | SMTP: david@payrollsoft.in (ID: 89) | Error: SMTP error: Message body became empty during processing
[2025-11-03 15:50:37] [ERROR] [ERROR] PHPMailer Body is empty right before send. Original body length: 0
[2025-11-03 15:50:37] [ERROR] PHPMailer exception: Message body became empty during processing
[2025-11-03 15:50:37] [ERROR] [SEND_FAILED] To: panchalpavan7090@gmail.com | SMTP: david@relyonmails1.com (ID: 90) | Error: SMTP error: Message body became empty during processing
[2025-11-03 15:50:37] [ERROR] [ERROR] PHPMailer Body is empty right before send. Original body length: 0
[2025-11-03 15:50:37] [ERROR] PHPMailer exception: Message body became empty during processing
[2025-11-03 15:50:37] [ERROR] [SEND_FAILED] To: pavankumar.c@relyonsoft.com | SMTP: david@relyonmails3.com (ID: 91) | Error: SMTP error: Message body became empty during processing
[2025-11-03 15:50:42] [ERROR] [ERROR] PHPMailer Body is empty right before send. Original body length: 0
[2025-11-03 15:50:42] [ERROR] PHPMailer exception: Message body became empty during processing
[2025-11-03 15:50:42] [ERROR] [SEND_FAILED] To: panchalpavan7090@gmail.com | SMTP: david@relyonmails2.com (ID: 92) | Error: SMTP error: Message body became empty during processing
[2025-11-03 15:50:42] [ERROR] [ERROR] PHPMailer Body is empty right before send. Original body length: 0
[2025-11-03 15:50:42] [ERROR] PHPMailer exception: Message body became empty during processing
[2025-11-03 15:50:42] [ERROR] [SEND_FAILED] To: pavankumar.c@relyonsoft.com | SMTP: david@relyonmail.online (ID: 93) | Error: SMTP error: Message body became empty during processing
[2025-11-03 15:50:47] [ERROR] [ERROR] PHPMailer Body is empty right before send. Original body length: 0
[2025-11-03 15:50:47] [ERROR] PHPMailer exception: Message body became empty during processing
[2025-11-03 15:50:47] [ERROR] [SEND_FAILED] To: panchalpavan7090@gmail.com | SMTP: yathish@relyonsoft.info (ID: 94) | Error: SMTP error: Message body became empty during processing
[2025-11-03 15:50:47] [ERROR] [ERROR] PHPMailer Body is empty right before send. Original body length: 0
[2025-11-03 15:50:47] [ERROR] PHPMailer exception: Message body became empty during processing
[2025-11-03 15:50:47] [ERROR] [SEND_FAILED] To: pavankumar.c@relyonsoft.com | SMTP: yathish@relyonmail.xyz (ID: 95) | Error: SMTP error: Message body became empty during processing
[2025-11-03 15:50:53] [ERROR] [ERROR] PHPMailer Body is empty right before send. Original body length: 0
[2025-11-03 15:50:53] [ERROR] PHPMailer exception: Message body became empty during processing
[2025-11-03 15:50:53] [ERROR] [SEND_FAILED] To: panchalpavan7090@gmail.com | SMTP: yathish@payrollsoft.in (ID: 96) | Error: SMTP error: Message body became empty during processing
[2025-11-03 15:50:53] [ERROR] [ERROR] PHPMailer Body is empty right before send. Original body length: 0
[2025-11-03 15:50:53] [ERROR] PHPMailer exception: Message body became empty during processing
[2025-11-03 15:50:53] [ERROR] [SEND_FAILED] To: pavankumar.c@relyonsoft.com | SMTP: yathish@relyonmails1.com (ID: 97) | Error: SMTP error: Message body became empty during processing
[2025-11-03 15:50:58] [ERROR] [ERROR] PHPMailer Body is empty right before send. Original body length: 0
[2025-11-03 15:50:58] [ERROR] PHPMailer exception: Message body became empty during processing
[2025-11-03 15:50:58] [ERROR] [SEND_FAILED] To: panchalpavan7090@gmail.com | SMTP: yathish@relyonmails3.com (ID: 98) | Error: SMTP error: Message body became empty during processing
[2025-11-03 15:50:58] [ERROR] [ERROR] PHPMailer Body is empty right before send. Original body length: 0
[2025-11-03 15:50:58] [ERROR] PHPMailer exception: Message body became empty during processing
[2025-11-03 15:50:58] [ERROR] [SEND_FAILED] To: pavankumar.c@relyonsoft.com | SMTP: yathish@relyonmails2.com (ID: 99) | Error: SMTP error: Message body became empty during processing
[2025-11-03 15:51:03] [ERROR] [ERROR] PHPMailer Body is empty right before send. Original body length: 0
[2025-11-03 15:51:03] [ERROR] PHPMailer exception: Message body became empty during processing
[2025-11-03 15:51:03] [ERROR] [SEND_FAILED] To: panchalpavan7090@gmail.com | SMTP: yathish@relyonmail.online (ID: 100) | Error: SMTP error: Message body became empty during processing
[2025-11-03 15:51:03] [ERROR] [ERROR] PHPMailer Body is empty right before send. Original body length: 0
[2025-11-03 15:51:03] [ERROR] PHPMailer exception: Message body became empty during processing
[2025-11-03 15:51:03] [ERROR] [SEND_FAILED] To: pavankumar.c@relyonsoft.com | SMTP: priyanka@relyonsoft.info (ID: 101) | Error: SMTP error: Message body became empty during processing
[2025-11-03 15:51:08] [ERROR] [ERROR] PHPMailer Body is empty right before send. Original body length: 0
[2025-11-03 15:51:08] [ERROR] PHPMailer exception: Message body became empty during processing
[2025-11-03 15:51:08] [ERROR] [SEND_FAILED] To: panchalpavan7090@gmail.com | SMTP: priyanka@relyonmail.xyz (ID: 102) | Error: SMTP error: Message body became empty during processing
[2025-11-03 15:51:08] [ERROR] [ERROR] PHPMailer Body is empty right before send. Original body length: 0
[2025-11-03 15:51:08] [ERROR] PHPMailer exception: Message body became empty during processing
[2025-11-03 15:51:08] [ERROR] [SEND_FAILED] To: pavankumar.c@relyonsoft.com | SMTP: priyanka@payrollsoft.in (ID: 103) | Error: SMTP error: Message body became empty during processing
[2025-11-03 15:51:13] [ERROR] [ERROR] PHPMailer Body is empty right before send. Original body length: 0
[2025-11-03 15:51:13] [ERROR] PHPMailer exception: Message body became empty during processing
[2025-11-03 15:51:13] [ERROR] [SEND_FAILED] To: panchalpavan7090@gmail.com | SMTP: priyanka@relyonmails1.com (ID: 104) | Error: SMTP error: Message body became empty during processing
[2025-11-03 15:51:13] [ERROR] [ERROR] PHPMailer Body is empty right before send. Original body length: 0
[2025-11-03 15:51:13] [ERROR] PHPMailer exception: Message body became empty during processing
[2025-11-03 15:51:13] [ERROR] [SEND_FAILED] To: pavankumar.c@relyonsoft.com | SMTP: priyanka@relyonmails3.com (ID: 105) | Error: SMTP error: Message body became empty during processing
[2025-11-03 15:51:18] [ERROR] [ERROR] PHPMailer Body is empty right before send. Original body length: 0
[2025-11-03 15:51:18] [ERROR] PHPMailer exception: Message body became empty during processing
[2025-11-03 15:51:18] [ERROR] [SEND_FAILED] To: panchalpavan7090@gmail.com | SMTP: priyanka@relyonmails2.com (ID: 106) | Error: SMTP error: Message body became empty during processing
[2025-11-03 15:51:18] [ERROR] [ERROR] PHPMailer Body is empty right before send. Original body length: 0
[2025-11-03 15:51:18] [ERROR] PHPMailer exception: Message body became empty during processing
[2025-11-03 15:51:18] [ERROR] [SEND_FAILED] To: pavankumar.c@relyonsoft.com | SMTP: priyanka@relyonmail.online (ID: 107) | Error: SMTP error: Message body became empty during processing
[2025-11-03 15:51:23] [ERROR] [ERROR] PHPMailer Body is empty right before send. Original body length: 0
[2025-11-03 15:51:23] [ERROR] PHPMailer exception: Message body became empty during processing
[2025-11-03 15:51:23] [ERROR] [SEND_FAILED] To: panchalpavan7090@gmail.com | SMTP: nisha@relyonsoft.info (ID: 108) | Error: SMTP error: Message body became empty during processing
[2025-11-03 15:51:23] [ERROR] [ERROR] PHPMailer Body is empty right before send. Original body length: 0
[2025-11-03 15:51:23] [ERROR] PHPMailer exception: Message body became empty during processing
[2025-11-03 15:51:23] [ERROR] [SEND_FAILED] To: pavankumar.c@relyonsoft.com | SMTP: nisha@relyonmail.xyz (ID: 109) | Error: SMTP error: Message body became empty during processing
[2025-11-03 15:51:28] [ERROR] [ERROR] PHPMailer Body is empty right before send. Original body length: 0
[2025-11-03 15:51:28] [ERROR] PHPMailer exception: Message body became empty during processing
[2025-11-03 15:51:28] [ERROR] [SEND_FAILED] To: panchalpavan7090@gmail.com | SMTP: nisha@payrollsoft.in (ID: 110) | Error: SMTP error: Message body became empty during processing
[2025-11-03 15:51:28] [ERROR] [ERROR] PHPMailer Body is empty right before send. Original body length: 0
[2025-11-03 15:51:28] [ERROR] PHPMailer exception: Message body became empty during processing
[2025-11-03 15:51:28] [ERROR] [SEND_FAILED] To: pavankumar.c@relyonsoft.com | SMTP: nisha@relyonmails1.com (ID: 111) | Error: SMTP error: Message body became empty during processing
[2025-11-03 15:51:34] [ERROR] [ERROR] PHPMailer Body is empty right before send. Original body length: 0
[2025-11-03 15:51:34] [ERROR] PHPMailer exception: Message body became empty during processing
[2025-11-03 15:51:34] [ERROR] [SEND_FAILED] To: panchalpavan7090@gmail.com | SMTP: nisha@relyonmails3.com (ID: 112) | Error: SMTP error: Message body became empty during processing
[2025-11-03 15:51:34] [ERROR] [ERROR] PHPMailer Body is empty right before send. Original body length: 0
[2025-11-03 15:51:34] [ERROR] PHPMailer exception: Message body became empty during processing
[2025-11-03 15:51:34] [ERROR] [SEND_FAILED] To: pavankumar.c@relyonsoft.com | SMTP: nisha@relyonmails2.com (ID: 113) | Error: SMTP error: Message body became empty during processing
[2025-11-03 15:51:39] [ERROR] [ERROR] PHPMailer Body is empty right before send. Original body length: 0
[2025-11-03 15:51:39] [ERROR] PHPMailer exception: Message body became empty during processing
[2025-11-03 15:51:39] [ERROR] [SEND_FAILED] To: panchalpavan7090@gmail.com | SMTP: nisha@relyonmail.online (ID: 114) | Error: SMTP error: Message body became empty during processing
[2025-11-03 15:51:39] [ERROR] [ERROR] PHPMailer Body is empty right before send. Original body length: 0
[2025-11-03 15:51:39] [ERROR] PHPMailer exception: Message body became empty during processing
[2025-11-03 15:51:39] [ERROR] [SEND_FAILED] To: pavankumar.c@relyonsoft.com | SMTP: pooja@relyonsoft.info (ID: 115) | Error: SMTP error: Message body became empty during processing
[2025-11-03 15:51:44] [ERROR] [ERROR] PHPMailer Body is empty right before send. Original body length: 0
[2025-11-03 15:51:44] [ERROR] PHPMailer exception: Message body became empty during processing
[2025-11-03 15:51:44] [ERROR] [SEND_FAILED] To: panchalpavan7090@gmail.com | SMTP: pooja@relyonmail.xyz (ID: 116) | Error: SMTP error: Message body became empty during processing
[2025-11-03 15:51:44] [ERROR] [ERROR] PHPMailer Body is empty right before send. Original body length: 0
[2025-11-03 15:51:44] [ERROR] PHPMailer exception: Message body became empty during processing
[2025-11-03 15:51:44] [ERROR] [SEND_FAILED] To: pavankumar.c@relyonsoft.com | SMTP: pooja@payrollsoft.in (ID: 117) | Error: SMTP error: Message body became empty during processing
[2025-11-03 15:51:49] [ERROR] [ERROR] PHPMailer Body is empty right before send. Original body length: 0
[2025-11-03 15:51:49] [ERROR] PHPMailer exception: Message body became empty during processing
[2025-11-03 15:51:49] [ERROR] [SEND_FAILED] To: panchalpavan7090@gmail.com | SMTP: pooja@relyonmails1.com (ID: 118) | Error: SMTP error: Message body became empty during processing
[2025-11-03 15:51:49] [ERROR] [ERROR] PHPMailer Body is empty right before send. Original body length: 0
[2025-11-03 15:51:49] [ERROR] PHPMailer exception: Message body became empty during processing
[2025-11-03 15:51:49] [ERROR] [SEND_FAILED] To: pavankumar.c@relyonsoft.com | SMTP: pooja@relyonmails3.com (ID: 119) | Error: SMTP error: Message body became empty during processing
[2025-11-03 15:51:54] [ERROR] [ERROR] PHPMailer Body is empty right before send. Original body length: 0
[2025-11-03 15:51:54] [ERROR] PHPMailer exception: Message body became empty during processing
[2025-11-03 15:51:54] [ERROR] [SEND_FAILED] To: panchalpavan7090@gmail.com | SMTP: pooja@relyonmails2.com (ID: 120) | Error: SMTP error: Message body became empty during processing
[2025-11-03 15:51:54] [ERROR] [ERROR] PHPMailer Body is empty right before send. Original body length: 0
[2025-11-03 15:51:54] [ERROR] PHPMailer exception: Message body became empty during processing
[2025-11-03 15:51:54] [ERROR] [SEND_FAILED] To: pavankumar.c@relyonsoft.com | SMTP: pooja@relyonmail.online (ID: 121) | Error: SMTP error: Message body became empty during processing
[2025-11-03 15:57:37] [ERROR] [ERROR] PHPMailer Body is empty right before send. Original body length: 0
[2025-11-03 15:57:37] [ERROR] PHPMailer exception: Message body became empty during processing
[2025-11-03 15:57:37] [ERROR] [SEND_FAILED] To: panchalpavan7090@gmail.com | SMTP: sowmya@relyonmail.xyz (ID: 130) | Error: SMTP error: Message body became empty during processing
[2025-11-03 15:57:37] [ERROR] [ERROR] PHPMailer Body is empty right before send. Original body length: 0
[2025-11-03 15:57:37] [ERROR] PHPMailer exception: Message body became empty during processing
[2025-11-03 15:57:37] [ERROR] [SEND_FAILED] To: pavankumar.c@relyonsoft.com | SMTP: sowmya@payrollsoft.in (ID: 131) | Error: SMTP error: Message body became empty during processing
[2025-11-03 15:57:42] [ERROR] [ERROR] PHPMailer Body is empty right before send. Original body length: 0
[2025-11-03 15:57:42] [ERROR] PHPMailer exception: Message body became empty during processing
[2025-11-03 15:57:42] [ERROR] [SEND_FAILED] To: panchalpavan7090@gmail.com | SMTP: sowmya@relyonmails2.com (ID: 134) | Error: SMTP error: Message body became empty during processing
[2025-11-03 15:57:42] [ERROR] [ERROR] PHPMailer Body is empty right before send. Original body length: 0
[2025-11-03 15:57:42] [ERROR] PHPMailer exception: Message body became empty during processing
[2025-11-03 15:57:42] [ERROR] [SEND_FAILED] To: pavankumar.c@relyonsoft.com | SMTP: sowmya@relyonmail.online (ID: 135) | Error: SMTP error: Message body became empty during processing
[2025-11-03 15:57:47] [ERROR] [ERROR] PHPMailer Body is empty right before send. Original body length: 0
[2025-11-03 15:57:47] [ERROR] PHPMailer exception: Message body became empty during processing
[2025-11-03 15:57:47] [ERROR] [SEND_FAILED] To: panchalpavan7090@gmail.com | SMTP: prajwal@payrollsoft.in (ID: 138) | Error: SMTP error: Message body became empty during processing
[2025-11-03 15:57:47] [ERROR] [ERROR] PHPMailer Body is empty right before send. Original body length: 0
[2025-11-03 15:57:47] [ERROR] PHPMailer exception: Message body became empty during processing
[2025-11-03 15:57:47] [ERROR] [SEND_FAILED] To: pavankumar.c@relyonsoft.com | SMTP: prajwal@relyonmails1.com (ID: 139) | Error: SMTP error: Message body became empty during processing
[2025-11-03 15:57:53] [ERROR] [ERROR] PHPMailer Body is empty right before send. Original body length: 0
[2025-11-03 15:57:53] [ERROR] PHPMailer exception: Message body became empty during processing
[2025-11-03 15:57:53] [ERROR] [SEND_FAILED] To: panchalpavan7090@gmail.com | SMTP: prajwal@relyonmail.online (ID: 142) | Error: SMTP error: Message body became empty during processing
[2025-11-03 15:57:53] [ERROR] [ERROR] PHPMailer Body is empty right before send. Original body length: 0
[2025-11-03 15:57:53] [ERROR] PHPMailer exception: Message body became empty during processing
[2025-11-03 15:57:53] [ERROR] [SEND_FAILED] To: pavankumar.c@relyonsoft.com | SMTP: spandana@relyonsoft.info (ID: 143) | Error: SMTP error: Message body became empty during processing
[2025-11-03 15:57:58] [ERROR] [ERROR] PHPMailer Body is empty right before send. Original body length: 0
[2025-11-03 15:57:58] [ERROR] PHPMailer exception: Message body became empty during processing
[2025-11-03 15:57:58] [ERROR] [SEND_FAILED] To: panchalpavan7090@gmail.com | SMTP: spandana@relyonmails1.com (ID: 146) | Error: SMTP error: Message body became empty during processing
[2025-11-03 15:57:58] [ERROR] [ERROR] PHPMailer Body is empty right before send. Original body length: 0
[2025-11-03 15:57:58] [ERROR] PHPMailer exception: Message body became empty during processing
[2025-11-03 15:57:58] [ERROR] [SEND_FAILED] To: pavankumar.c@relyonsoft.com | SMTP: spandana@relyonmails3.com (ID: 147) | Error: SMTP error: Message body became empty during processing
[2025-11-03 15:58:03] [ERROR] [ERROR] PHPMailer Body is empty right before send. Original body length: 0
[2025-11-03 15:58:03] [ERROR] PHPMailer exception: Message body became empty during processing
[2025-11-03 15:58:03] [ERROR] [SEND_FAILED] To: panchalpavan7090@gmail.com | SMTP: gagana@relyonsoft.info (ID: 150) | Error: SMTP error: Message body became empty during processing
[2025-11-03 15:58:03] [ERROR] [ERROR] PHPMailer Body is empty right before send. Original body length: 0
[2025-11-03 15:58:03] [ERROR] PHPMailer exception: Message body became empty during processing
[2025-11-03 15:58:03] [ERROR] [SEND_FAILED] To: pavankumar.c@relyonsoft.com | SMTP: gagana@relyonmail.xyz (ID: 151) | Error: SMTP error: Message body became empty during processing
[2025-11-03 15:58:08] [ERROR] [ERROR] PHPMailer Body is empty right before send. Original body length: 0
[2025-11-03 15:58:08] [ERROR] PHPMailer exception: Message body became empty during processing
[2025-11-03 15:58:08] [ERROR] [SEND_FAILED] To: panchalpavan7090@gmail.com | SMTP: gagana@relyonmails3.com (ID: 154) | Error: SMTP error: Message body became empty during processing
[2025-11-03 15:58:08] [ERROR] [ERROR] PHPMailer Body is empty right before send. Original body length: 0
[2025-11-03 15:58:08] [ERROR] PHPMailer exception: Message body became empty during processing
[2025-11-03 15:58:08] [ERROR] [SEND_FAILED] To: pavankumar.c@relyonsoft.com | SMTP: gagana@relyonmails2.com (ID: 155) | Error: SMTP error: Message body became empty during processing
[2025-11-03 15:58:13] [ERROR] [ERROR] PHPMailer Body is empty right before send. Original body length: 0
[2025-11-03 15:58:13] [ERROR] PHPMailer exception: Message body became empty during processing
[2025-11-03 15:58:13] [ERROR] [SEND_FAILED] To: panchalpavan7090@gmail.com | SMTP: sachin@relyonmail.xyz (ID: 158) | Error: SMTP error: Message body became empty during processing
[2025-11-03 15:58:13] [ERROR] [ERROR] PHPMailer Body is empty right before send. Original body length: 0
[2025-11-03 15:58:13] [ERROR] PHPMailer exception: Message body became empty during processing
[2025-11-03 15:58:13] [ERROR] [SEND_FAILED] To: pavankumar.c@relyonsoft.com | SMTP: sachin@payrollsoft.in (ID: 159) | Error: SMTP error: Message body became empty during processing
[2025-11-03 15:58:18] [ERROR] [ERROR] PHPMailer Body is empty right before send. Original body length: 0
[2025-11-03 15:58:18] [ERROR] PHPMailer exception: Message body became empty during processing
[2025-11-03 15:58:18] [ERROR] [SEND_FAILED] To: panchalpavan7090@gmail.com | SMTP: sachin@relyonmails2.com (ID: 162) | Error: SMTP error: Message body became empty during processing
[2025-11-03 15:58:18] [ERROR] [ERROR] PHPMailer Body is empty right before send. Original body length: 0
[2025-11-03 15:58:18] [ERROR] PHPMailer exception: Message body became empty during processing
[2025-11-03 15:58:18] [ERROR] [SEND_FAILED] To: pavankumar.c@relyonsoft.com | SMTP: sachin@relyonmail.online (ID: 163) | Error: SMTP error: Message body became empty during processing
[2025-11-03 15:58:23] [ERROR] [ERROR] PHPMailer Body is empty right before send. Original body length: 0
[2025-11-03 15:58:23] [ERROR] PHPMailer exception: Message body became empty during processing
[2025-11-03 15:58:23] [ERROR] [SEND_FAILED] To: panchalpavan7090@gmail.com | SMTP: alexander@payrollsoft.in (ID: 166) | Error: SMTP error: Message body became empty during processing
[2025-11-03 15:58:23] [ERROR] [ERROR] PHPMailer Body is empty right before send. Original body length: 0
[2025-11-03 15:58:23] [ERROR] PHPMailer exception: Message body became empty during processing
[2025-11-03 15:58:23] [ERROR] [SEND_FAILED] To: pavankumar.c@relyonsoft.com | SMTP: alexander@relyonmails1.com (ID: 167) | Error: SMTP error: Message body became empty during processing
[2025-11-03 15:58:28] [ERROR] [ERROR] PHPMailer Body is empty right before send. Original body length: 0
[2025-11-03 15:58:28] [ERROR] PHPMailer exception: Message body became empty during processing
[2025-11-03 15:58:28] [ERROR] [SEND_FAILED] To: panchalpavan7090@gmail.com | SMTP: alexander@relyonmail.online (ID: 170) | Error: SMTP error: Message body became empty during processing
[2025-11-03 15:58:29] [ERROR] [ERROR] PHPMailer Body is empty right before send. Original body length: 0
[2025-11-03 15:58:29] [ERROR] PHPMailer exception: Message body became empty during processing
[2025-11-03 15:58:29] [ERROR] [SEND_FAILED] To: pavankumar.c@relyonsoft.com | SMTP: tony@relyonsoft.info (ID: 171) | Error: SMTP error: Message body became empty during processing
[2025-11-03 16:14:02] [ERROR] [ERROR] PHPMailer Body is empty right before send. Original body length: 0
[2025-11-03 16:14:02] [ERROR] PHPMailer exception: Message body became empty during processing
[2025-11-03 16:14:02] [ERROR] [SEND_FAILED] To: panchalpavan7090@gmail.com | SMTP: divya@relyonsoft.info (ID: 45) | Error: SMTP error: Message body became empty during processing
[2025-11-03 16:14:02] [ERROR] [ERROR] PHPMailer Body is empty right before send. Original body length: 0
[2025-11-03 16:14:02] [ERROR] PHPMailer exception: Message body became empty during processing
[2025-11-03 16:14:02] [ERROR] [SEND_FAILED] To: pavankumar.c@relyonsoft.com | SMTP: divya@relyonmail.xyz (ID: 46) | Error: SMTP error: Message body became empty during processing
[2025-11-03 16:14:07] [ERROR] [ERROR] PHPMailer Body is empty right before send. Original body length: 0
[2025-11-03 16:14:07] [ERROR] PHPMailer exception: Message body became empty during processing
[2025-11-03 16:14:07] [ERROR] [SEND_FAILED] To: panchalpavan7090@gmail.com | SMTP: divya@relyonmails3.com (ID: 49) | Error: SMTP error: Message body became empty during processing
[2025-11-03 16:14:07] [ERROR] [ERROR] PHPMailer Body is empty right before send. Original body length: 0
[2025-11-03 16:14:07] [ERROR] PHPMailer exception: Message body became empty during processing
[2025-11-03 16:14:07] [ERROR] [SEND_FAILED] To: pavankumar.c@relyonsoft.com | SMTP: divya@relyonmails2.com (ID: 50) | Error: SMTP error: Message body became empty during processing
[2025-11-03 16:14:12] [ERROR] [ERROR] PHPMailer Body is empty right before send. Original body length: 0
[2025-11-03 16:14:12] [ERROR] PHPMailer exception: Message body became empty during processing
[2025-11-03 16:14:12] [ERROR] [SEND_FAILED] To: panchalpavan7090@gmail.com | SMTP: veena@relyonmail.xyz (ID: 53) | Error: SMTP error: Message body became empty during processing
[2025-11-03 16:14:12] [ERROR] [ERROR] PHPMailer Body is empty right before send. Original body length: 0
[2025-11-03 16:14:12] [ERROR] PHPMailer exception: Message body became empty during processing
[2025-11-03 16:14:12] [ERROR] [SEND_FAILED] To: pavankumar.c@relyonsoft.com | SMTP: veena@payrollsoft.in (ID: 54) | Error: SMTP error: Message body became empty during processing
[2025-11-03 16:14:17] [ERROR] [ERROR] PHPMailer Body is empty right before send. Original body length: 0
[2025-11-03 16:14:17] [ERROR] PHPMailer exception: Message body became empty during processing
[2025-11-03 16:14:17] [ERROR] [SEND_FAILED] To: panchalpavan7090@gmail.com | SMTP: veena@relyonmails2.com (ID: 57) | Error: SMTP error: Message body became empty during processing
[2025-11-03 16:14:17] [ERROR] [ERROR] PHPMailer Body is empty right before send. Original body length: 0
[2025-11-03 16:14:17] [ERROR] PHPMailer exception: Message body became empty during processing
[2025-11-03 16:14:17] [ERROR] [SEND_FAILED] To: pavankumar.c@relyonsoft.com | SMTP: veena@relyonmail.online (ID: 58) | Error: SMTP error: Message body became empty during processing
[2025-11-04 10:32:34] [ERROR] [ERROR] PHPMailer Body is empty right before send. Original body length: 0
[2025-11-04 10:32:34] [ERROR] PHPMailer exception: Message body became empty during processing
[2025-11-04 10:32:34] [ERROR] [SEND_FAILED] To: panchalpavan7090@gmail.com | SMTP: richa@relyonmails1.com (ID: 62) | Error: SMTP error: Message body became empty during processing
[2025-11-04 10:32:34] [ERROR] [ERROR] PHPMailer Body is empty right before send. Original body length: 0
[2025-11-04 10:32:34] [ERROR] PHPMailer exception: Message body became empty during processing
[2025-11-04 10:32:34] [ERROR] [SEND_FAILED] To: pavankumar.c@relyonsoft.com | SMTP: richa@relyonmails3.com (ID: 63) | Error: SMTP error: Message body became empty during processing
[2025-11-04 10:32:39] [ERROR] [ERROR] PHPMailer Body is empty right before send. Original body length: 0
[2025-11-04 10:32:39] [ERROR] PHPMailer exception: Message body became empty during processing
[2025-11-04 10:32:39] [ERROR] [SEND_FAILED] To: panchalpavan7090@gmail.com | SMTP: richa@relyonmails2.com (ID: 64) | Error: SMTP error: Message body became empty during processing
[2025-11-04 10:32:39] [ERROR] [ERROR] PHPMailer Body is empty right before send. Original body length: 0
[2025-11-04 10:32:39] [ERROR] PHPMailer exception: Message body became empty during processing
[2025-11-04 10:32:39] [ERROR] [SEND_FAILED] To: pavankumar.c@relyonsoft.com | SMTP: richa@relyonmail.online (ID: 65) | Error: SMTP error: Message body became empty during processing
[2025-11-04 10:32:45] [ERROR] [ERROR] PHPMailer Body is empty right before send. Original body length: 0
[2025-11-04 10:32:45] [ERROR] PHPMailer exception: Message body became empty during processing
[2025-11-04 10:32:45] [ERROR] [SEND_FAILED] To: panchalpavan7090@gmail.com | SMTP: navya@relyonsoft.info (ID: 66) | Error: SMTP error: Message body became empty during processing
[2025-11-04 10:32:45] [ERROR] [ERROR] PHPMailer Body is empty right before send. Original body length: 0
[2025-11-04 10:32:45] [ERROR] PHPMailer exception: Message body became empty during processing
[2025-11-04 10:32:45] [ERROR] [SEND_FAILED] To: pavankumar.c@relyonsoft.com | SMTP: navya@relyonmail.xyz (ID: 67) | Error: SMTP error: Message body became empty during processing
[2025-11-04 10:32:50] [ERROR] [ERROR] PHPMailer Body is empty right before send. Original body length: 0
[2025-11-04 10:32:50] [ERROR] PHPMailer exception: Message body became empty during processing
[2025-11-04 10:32:50] [ERROR] [SEND_FAILED] To: panchalpavan7090@gmail.com | SMTP: navya@payrollsoft.in (ID: 68) | Error: SMTP error: Message body became empty during processing
[2025-11-04 10:32:50] [ERROR] [ERROR] PHPMailer Body is empty right before send. Original body length: 0
[2025-11-04 10:32:50] [ERROR] PHPMailer exception: Message body became empty during processing
[2025-11-04 10:32:50] [ERROR] [SEND_FAILED] To: pavankumar.c@relyonsoft.com | SMTP: navya@relyonmails1.com (ID: 69) | Error: SMTP error: Message body became empty during processing
[2025-11-04 10:32:55] [ERROR] [ERROR] PHPMailer Body is empty right before send. Original body length: 0
[2025-11-04 10:32:55] [ERROR] PHPMailer exception: Message body became empty during processing
[2025-11-04 10:32:55] [ERROR] [SEND_FAILED] To: panchalpavan7090@gmail.com | SMTP: navya@relyonmails3.com (ID: 70) | Error: SMTP error: Message body became empty during processing
[2025-11-04 10:32:55] [ERROR] [ERROR] PHPMailer Body is empty right before send. Original body length: 0
[2025-11-04 10:32:55] [ERROR] PHPMailer exception: Message body became empty during processing
[2025-11-04 10:32:55] [ERROR] [SEND_FAILED] To: pavankumar.c@relyonsoft.com | SMTP: navya@relyonmails2.com (ID: 71) | Error: SMTP error: Message body became empty during processing
[2025-11-04 10:33:00] [ERROR] [ERROR] PHPMailer Body is empty right before send. Original body length: 0
[2025-11-04 10:33:00] [ERROR] PHPMailer exception: Message body became empty during processing
[2025-11-04 10:33:00] [ERROR] [SEND_FAILED] To: panchalpavan7090@gmail.com | SMTP: navya@relyonmail.online (ID: 72) | Error: SMTP error: Message body became empty during processing
[2025-11-04 10:33:00] [ERROR] [ERROR] PHPMailer Body is empty right before send. Original body length: 0
[2025-11-04 10:33:00] [ERROR] PHPMailer exception: Message body became empty during processing
[2025-11-04 10:33:00] [ERROR] [SEND_FAILED] To: pavankumar.c@relyonsoft.com | SMTP: ankitha@relyonsoft.info (ID: 73) | Error: SMTP error: Message body became empty during processing
[2025-11-04 10:33:05] [ERROR] [ERROR] PHPMailer Body is empty right before send. Original body length: 0
[2025-11-04 10:33:05] [ERROR] PHPMailer exception: Message body became empty during processing
[2025-11-04 10:33:05] [ERROR] [SEND_FAILED] To: panchalpavan7090@gmail.com | SMTP: ankitha@relyonmail.xyz (ID: 74) | Error: SMTP error: Message body became empty during processing
[2025-11-04 10:33:05] [ERROR] [ERROR] PHPMailer Body is empty right before send. Original body length: 0
[2025-11-04 10:33:05] [ERROR] PHPMailer exception: Message body became empty during processing
[2025-11-04 10:33:05] [ERROR] [SEND_FAILED] To: pavankumar.c@relyonsoft.com | SMTP: ankitha@payrollsoft.in (ID: 75) | Error: SMTP error: Message body became empty during processing
[2025-11-04 10:33:10] [ERROR] [ERROR] PHPMailer Body is empty right before send. Original body length: 0
[2025-11-04 10:33:10] [ERROR] PHPMailer exception: Message body became empty during processing
[2025-11-04 10:33:10] [ERROR] [SEND_FAILED] To: panchalpavan7090@gmail.com | SMTP: ankitha@relyonmails1.com (ID: 76) | Error: SMTP error: Message body became empty during processing
[2025-11-04 10:33:10] [ERROR] [ERROR] PHPMailer Body is empty right before send. Original body length: 0
[2025-11-04 10:33:10] [ERROR] PHPMailer exception: Message body became empty during processing
[2025-11-04 10:33:10] [ERROR] [SEND_FAILED] To: pavankumar.c@relyonsoft.com | SMTP: ankitha@relyonmails3.com (ID: 77) | Error: SMTP error: Message body became empty during processing
[2025-11-04 10:33:16] [ERROR] [ERROR] PHPMailer Body is empty right before send. Original body length: 0
[2025-11-04 10:33:16] [ERROR] PHPMailer exception: Message body became empty during processing
[2025-11-04 10:33:16] [ERROR] [SEND_FAILED] To: panchalpavan7090@gmail.com | SMTP: ankitha@relyonmails2.com (ID: 78) | Error: SMTP error: Message body became empty during processing
[2025-11-04 10:33:16] [ERROR] [ERROR] PHPMailer Body is empty right before send. Original body length: 0
[2025-11-04 10:33:16] [ERROR] PHPMailer exception: Message body became empty during processing
[2025-11-04 10:33:16] [ERROR] [SEND_FAILED] To: pavankumar.c@relyonsoft.com | SMTP: ankitha@relyonmail.online (ID: 79) | Error: SMTP error: Message body became empty during processing
[2025-11-04 10:33:21] [ERROR] [ERROR] PHPMailer Body is empty right before send. Original body length: 0
[2025-11-04 10:33:21] [ERROR] PHPMailer exception: Message body became empty during processing
[2025-11-04 10:33:21] [ERROR] [SEND_FAILED] To: panchalpavan7090@gmail.com | SMTP: vani@relyonsoft.info (ID: 80) | Error: SMTP error: Message body became empty during processing
[2025-11-04 10:33:21] [ERROR] [ERROR] PHPMailer Body is empty right before send. Original body length: 0
[2025-11-04 10:33:21] [ERROR] PHPMailer exception: Message body became empty during processing
[2025-11-04 10:33:21] [ERROR] [SEND_FAILED] To: pavankumar.c@relyonsoft.com | SMTP: vani@relyonmail.xyz (ID: 81) | Error: SMTP error: Message body became empty during processing
[2025-11-04 10:34:27] [ERROR] [ERROR] PHPMailer Body is empty right before send. Original body length: 0
[2025-11-04 10:34:27] [ERROR] PHPMailer exception: Message body became empty during processing
[2025-11-04 10:34:27] [ERROR] [SEND_FAILED] To: panchalpavan7090@gmail.com | SMTP: vani@payrollsoft.in (ID: 82) | Error: SMTP error: Message body became empty during processing
[2025-11-04 10:34:27] [ERROR] [ERROR] PHPMailer Body is empty right before send. Original body length: 0
[2025-11-04 10:34:27] [ERROR] PHPMailer exception: Message body became empty during processing
[2025-11-04 10:34:27] [ERROR] [SEND_FAILED] To: pavankumar.c@relyonsoft.com | SMTP: vani@relyonmails1.com (ID: 83) | Error: SMTP error: Message body became empty during processing
[2025-11-04 10:34:32] [ERROR] [ERROR] PHPMailer Body is empty right before send. Original body length: 0
[2025-11-04 10:34:32] [ERROR] PHPMailer exception: Message body became empty during processing
[2025-11-04 10:34:32] [ERROR] [SEND_FAILED] To: panchalpavan7090@gmail.com | SMTP: vani@relyonmails3.com (ID: 84) | Error: SMTP error: Message body became empty during processing
[2025-11-04 10:34:32] [ERROR] [ERROR] PHPMailer Body is empty right before send. Original body length: 0
[2025-11-04 10:34:32] [ERROR] PHPMailer exception: Message body became empty during processing
[2025-11-04 10:34:32] [ERROR] [SEND_FAILED] To: pavankumar.c@relyonsoft.com | SMTP: vani@relyonmails2.com (ID: 85) | Error: SMTP error: Message body became empty during processing
[2025-11-04 10:34:37] [ERROR] [ERROR] PHPMailer Body is empty right before send. Original body length: 0
[2025-11-04 10:34:37] [ERROR] PHPMailer exception: Message body became empty during processing
[2025-11-04 10:34:37] [ERROR] [SEND_FAILED] To: panchalpavan7090@gmail.com | SMTP: vani@relyonmail.online (ID: 86) | Error: SMTP error: Message body became empty during processing
[2025-11-04 10:34:37] [ERROR] [ERROR] PHPMailer Body is empty right before send. Original body length: 0
[2025-11-04 10:34:37] [ERROR] PHPMailer exception: Message body became empty during processing
[2025-11-04 10:34:37] [ERROR] [SEND_FAILED] To: pavankumar.c@relyonsoft.com | SMTP: david@relyonsoft.info (ID: 87) | Error: SMTP error: Message body became empty during processing
[2025-11-04 10:34:43] [ERROR] [ERROR] PHPMailer Body is empty right before send. Original body length: 0
[2025-11-04 10:34:43] [ERROR] PHPMailer exception: Message body became empty during processing
[2025-11-04 10:34:43] [ERROR] [SEND_FAILED] To: panchalpavan7090@gmail.com | SMTP: david@relyonmail.xyz (ID: 88) | Error: SMTP error: Message body became empty during processing
[2025-11-04 10:34:43] [ERROR] [ERROR] PHPMailer Body is empty right before send. Original body length: 0
[2025-11-04 10:34:43] [ERROR] PHPMailer exception: Message body became empty during processing
[2025-11-04 10:34:43] [ERROR] [SEND_FAILED] To: pavankumar.c@relyonsoft.com | SMTP: david@payrollsoft.in (ID: 89) | Error: SMTP error: Message body became empty during processing
[2025-11-04 10:34:48] [ERROR] [ERROR] PHPMailer Body is empty right before send. Original body length: 0
[2025-11-04 10:34:48] [ERROR] PHPMailer exception: Message body became empty during processing
[2025-11-04 10:34:48] [ERROR] [SEND_FAILED] To: panchalpavan7090@gmail.com | SMTP: david@relyonmails1.com (ID: 90) | Error: SMTP error: Message body became empty during processing
[2025-11-04 10:34:48] [ERROR] [ERROR] PHPMailer Body is empty right before send. Original body length: 0
[2025-11-04 10:34:48] [ERROR] PHPMailer exception: Message body became empty during processing
[2025-11-04 10:34:48] [ERROR] [SEND_FAILED] To: pavankumar.c@relyonsoft.com | SMTP: david@relyonmails3.com (ID: 91) | Error: SMTP error: Message body became empty during processing
[2025-11-04 10:34:53] [ERROR] [ERROR] PHPMailer Body is empty right before send. Original body length: 0
[2025-11-04 10:34:53] [ERROR] PHPMailer exception: Message body became empty during processing
[2025-11-04 10:34:53] [ERROR] [SEND_FAILED] To: panchalpavan7090@gmail.com | SMTP: david@relyonmails2.com (ID: 92) | Error: SMTP error: Message body became empty during processing
[2025-11-04 10:34:53] [ERROR] [ERROR] PHPMailer Body is empty right before send. Original body length: 0
[2025-11-04 10:34:53] [ERROR] PHPMailer exception: Message body became empty during processing
[2025-11-04 10:34:53] [ERROR] [SEND_FAILED] To: pavankumar.c@relyonsoft.com | SMTP: david@relyonmail.online (ID: 93) | Error: SMTP error: Message body became empty during processing
[2025-11-04 10:34:58] [ERROR] [ERROR] PHPMailer Body is empty right before send. Original body length: 0
[2025-11-04 10:34:58] [ERROR] PHPMailer exception: Message body became empty during processing
[2025-11-04 10:34:58] [ERROR] [SEND_FAILED] To: panchalpavan7090@gmail.com | SMTP: yathish@relyonsoft.info (ID: 94) | Error: SMTP error: Message body became empty during processing
[2025-11-04 10:34:58] [ERROR] [ERROR] PHPMailer Body is empty right before send. Original body length: 0
[2025-11-04 10:34:58] [ERROR] PHPMailer exception: Message body became empty during processing
[2025-11-04 10:34:58] [ERROR] [SEND_FAILED] To: pavankumar.c@relyonsoft.com | SMTP: yathish@relyonmail.xyz (ID: 95) | Error: SMTP error: Message body became empty during processing
[2025-11-04 10:35:03] [ERROR] [ERROR] PHPMailer Body is empty right before send. Original body length: 0
[2025-11-04 10:35:03] [ERROR] PHPMailer exception: Message body became empty during processing
[2025-11-04 10:35:03] [ERROR] [SEND_FAILED] To: panchalpavan7090@gmail.com | SMTP: yathish@payrollsoft.in (ID: 96) | Error: SMTP error: Message body became empty during processing
[2025-11-04 10:35:03] [ERROR] [ERROR] PHPMailer Body is empty right before send. Original body length: 0
[2025-11-04 10:35:03] [ERROR] PHPMailer exception: Message body became empty during processing
[2025-11-04 10:35:03] [ERROR] [SEND_FAILED] To: pavankumar.c@relyonsoft.com | SMTP: yathish@relyonmails1.com (ID: 97) | Error: SMTP error: Message body became empty during processing
[2025-11-04 10:35:09] [ERROR] [ERROR] PHPMailer Body is empty right before send. Original body length: 0
[2025-11-04 10:35:09] [ERROR] PHPMailer exception: Message body became empty during processing
[2025-11-04 10:35:09] [ERROR] [SEND_FAILED] To: panchalpavan7090@gmail.com | SMTP: yathish@relyonmails3.com (ID: 98) | Error: SMTP error: Message body became empty during processing
[2025-11-04 10:35:09] [ERROR] [ERROR] PHPMailer Body is empty right before send. Original body length: 0
[2025-11-04 10:35:09] [ERROR] PHPMailer exception: Message body became empty during processing
[2025-11-04 10:35:09] [ERROR] [SEND_FAILED] To: pavankumar.c@relyonsoft.com | SMTP: yathish@relyonmails2.com (ID: 99) | Error: SMTP error: Message body became empty during processing
[2025-11-04 10:35:14] [ERROR] [ERROR] PHPMailer Body is empty right before send. Original body length: 0
[2025-11-04 10:35:14] [ERROR] PHPMailer exception: Message body became empty during processing
[2025-11-04 10:35:14] [ERROR] [SEND_FAILED] To: panchalpavan7090@gmail.com | SMTP: yathish@relyonmail.online (ID: 100) | Error: SMTP error: Message body became empty during processing
[2025-11-04 10:35:14] [ERROR] [ERROR] PHPMailer Body is empty right before send. Original body length: 0
[2025-11-04 10:35:14] [ERROR] PHPMailer exception: Message body became empty during processing
[2025-11-04 10:35:14] [ERROR] [SEND_FAILED] To: pavankumar.c@relyonsoft.com | SMTP: priyanka@relyonsoft.info (ID: 101) | Error: SMTP error: Message body became empty during processing
[2025-11-04 10:35:19] [ERROR] [ERROR] PHPMailer Body is empty right before send. Original body length: 0
[2025-11-04 10:35:19] [ERROR] PHPMailer exception: Message body became empty during processing
[2025-11-04 10:35:19] [ERROR] [SEND_FAILED] To: panchalpavan7090@gmail.com | SMTP: priyanka@relyonmail.xyz (ID: 102) | Error: SMTP error: Message body became empty during processing
[2025-11-04 10:35:19] [ERROR] [ERROR] PHPMailer Body is empty right before send. Original body length: 0
[2025-11-04 10:35:19] [ERROR] PHPMailer exception: Message body became empty during processing
[2025-11-04 10:35:19] [ERROR] [SEND_FAILED] To: pavankumar.c@relyonsoft.com | SMTP: priyanka@payrollsoft.in (ID: 103) | Error: SMTP error: Message body became empty during processing
[2025-11-04 10:35:24] [ERROR] [ERROR] PHPMailer Body is empty right before send. Original body length: 0
[2025-11-04 10:35:24] [ERROR] PHPMailer exception: Message body became empty during processing
[2025-11-04 10:35:24] [ERROR] [SEND_FAILED] To: panchalpavan7090@gmail.com | SMTP: priyanka@relyonmails1.com (ID: 104) | Error: SMTP error: Message body became empty during processing
[2025-11-04 10:35:24] [ERROR] [ERROR] PHPMailer Body is empty right before send. Original body length: 0
[2025-11-04 10:35:24] [ERROR] PHPMailer exception: Message body became empty during processing
[2025-11-04 10:35:24] [ERROR] [SEND_FAILED] To: pavankumar.c@relyonsoft.com | SMTP: priyanka@relyonmails3.com (ID: 105) | Error: SMTP error: Message body became empty during processing
[2025-11-04 10:35:29] [ERROR] [ERROR] PHPMailer Body is empty right before send. Original body length: 0
[2025-11-04 10:35:29] [ERROR] PHPMailer exception: Message body became empty during processing
[2025-11-04 10:35:29] [ERROR] [SEND_FAILED] To: panchalpavan7090@gmail.com | SMTP: priyanka@relyonmails2.com (ID: 106) | Error: SMTP error: Message body became empty during processing
[2025-11-04 10:35:29] [ERROR] [ERROR] PHPMailer Body is empty right before send. Original body length: 0
[2025-11-04 10:35:29] [ERROR] PHPMailer exception: Message body became empty during processing
[2025-11-04 10:35:29] [ERROR] [SEND_FAILED] To: pavankumar.c@relyonsoft.com | SMTP: priyanka@relyonmail.online (ID: 107) | Error: SMTP error: Message body became empty during processing
[2025-11-04 10:35:35] [ERROR] [ERROR] PHPMailer Body is empty right before send. Original body length: 0
[2025-11-04 10:35:35] [ERROR] PHPMailer exception: Message body became empty during processing
[2025-11-04 10:35:35] [ERROR] [SEND_FAILED] To: panchalpavan7090@gmail.com | SMTP: nisha@relyonsoft.info (ID: 108) | Error: SMTP error: Message body became empty during processing
[2025-11-04 10:35:35] [ERROR] [ERROR] PHPMailer Body is empty right before send. Original body length: 0
[2025-11-04 10:35:35] [ERROR] PHPMailer exception: Message body became empty during processing
[2025-11-04 10:35:35] [ERROR] [SEND_FAILED] To: pavankumar.c@relyonsoft.com | SMTP: nisha@relyonmail.xyz (ID: 109) | Error: SMTP error: Message body became empty during processing
[2025-11-04 10:35:41] [ERROR] [ERROR] PHPMailer Body is empty right before send. Original body length: 0
[2025-11-04 10:35:41] [ERROR] PHPMailer exception: Message body became empty during processing
[2025-11-04 10:35:41] [ERROR] [SEND_FAILED] To: panchalpavan7090@gmail.com | SMTP: nisha@payrollsoft.in (ID: 110) | Error: SMTP error: Message body became empty during processing
[2025-11-04 10:35:41] [ERROR] [ERROR] PHPMailer Body is empty right before send. Original body length: 0
[2025-11-04 10:35:41] [ERROR] PHPMailer exception: Message body became empty during processing
[2025-11-04 10:35:41] [ERROR] [SEND_FAILED] To: pavankumar.c@relyonsoft.com | SMTP: nisha@relyonmails1.com (ID: 111) | Error: SMTP error: Message body became empty during processing
[2025-11-04 10:35:46] [ERROR] [ERROR] PHPMailer Body is empty right before send. Original body length: 0
[2025-11-04 10:35:46] [ERROR] PHPMailer exception: Message body became empty during processing
[2025-11-04 10:35:46] [ERROR] [SEND_FAILED] To: panchalpavan7090@gmail.com | SMTP: nisha@relyonmails3.com (ID: 112) | Error: SMTP error: Message body became empty during processing
[2025-11-04 10:35:46] [ERROR] [ERROR] PHPMailer Body is empty right before send. Original body length: 0
[2025-11-04 10:35:46] [ERROR] PHPMailer exception: Message body became empty during processing
[2025-11-04 10:35:46] [ERROR] [SEND_FAILED] To: pavankumar.c@relyonsoft.com | SMTP: nisha@relyonmails2.com (ID: 113) | Error: SMTP error: Message body became empty during processing
[2025-11-04 10:35:51] [ERROR] [ERROR] PHPMailer Body is empty right before send. Original body length: 0
[2025-11-04 10:35:51] [ERROR] PHPMailer exception: Message body became empty during processing
[2025-11-04 10:35:51] [ERROR] [SEND_FAILED] To: panchalpavan7090@gmail.com | SMTP: nisha@relyonmail.online (ID: 114) | Error: SMTP error: Message body became empty during processing
[2025-11-04 10:35:51] [ERROR] [ERROR] PHPMailer Body is empty right before send. Original body length: 0
[2025-11-04 10:35:51] [ERROR] PHPMailer exception: Message body became empty during processing
[2025-11-04 10:35:51] [ERROR] [SEND_FAILED] To: pavankumar.c@relyonsoft.com | SMTP: pooja@relyonsoft.info (ID: 115) | Error: SMTP error: Message body became empty during processing
[2025-11-04 10:35:57] [ERROR] [ERROR] PHPMailer Body is empty right before send. Original body length: 0
[2025-11-04 10:35:57] [ERROR] PHPMailer exception: Message body became empty during processing
[2025-11-04 10:35:57] [ERROR] [SEND_FAILED] To: panchalpavan7090@gmail.com | SMTP: pooja@relyonmail.xyz (ID: 116) | Error: SMTP error: Message body became empty during processing
[2025-11-04 10:35:57] [ERROR] [ERROR] PHPMailer Body is empty right before send. Original body length: 0
[2025-11-04 10:35:57] [ERROR] PHPMailer exception: Message body became empty during processing
[2025-11-04 10:35:57] [ERROR] [SEND_FAILED] To: pavankumar.c@relyonsoft.com | SMTP: pooja@payrollsoft.in (ID: 117) | Error: SMTP error: Message body became empty during processing
[2025-11-04 10:36:03] [ERROR] [ERROR] PHPMailer Body is empty right before send. Original body length: 0
[2025-11-04 10:36:03] [ERROR] PHPMailer exception: Message body became empty during processing
[2025-11-04 10:36:03] [ERROR] [SEND_FAILED] To: panchalpavan7090@gmail.com | SMTP: pooja@relyonmails1.com (ID: 118) | Error: SMTP error: Message body became empty during processing
[2025-11-04 10:36:03] [ERROR] [ERROR] PHPMailer Body is empty right before send. Original body length: 0
[2025-11-04 10:36:03] [ERROR] PHPMailer exception: Message body became empty during processing
[2025-11-04 10:36:03] [ERROR] [SEND_FAILED] To: pavankumar.c@relyonsoft.com | SMTP: pooja@relyonmails3.com (ID: 119) | Error: SMTP error: Message body became empty during processing
[2025-11-04 10:36:09] [ERROR] [ERROR] PHPMailer Body is empty right before send. Original body length: 0
[2025-11-04 10:36:09] [ERROR] PHPMailer exception: Message body became empty during processing
[2025-11-04 10:36:09] [ERROR] [SEND_FAILED] To: panchalpavan7090@gmail.com | SMTP: pooja@relyonmails2.com (ID: 120) | Error: SMTP error: Message body became empty during processing
[2025-11-04 10:36:09] [ERROR] [ERROR] PHPMailer Body is empty right before send. Original body length: 0
[2025-11-04 10:36:09] [ERROR] PHPMailer exception: Message body became empty during processing
[2025-11-04 10:36:09] [ERROR] [SEND_FAILED] To: pavankumar.c@relyonsoft.com | SMTP: pooja@relyonmail.online (ID: 121) | Error: SMTP error: Message body became empty during processing
[2025-11-04 10:36:15] [ERROR] [ERROR] PHPMailer Body is empty right before send. Original body length: 0
[2025-11-04 10:36:15] [ERROR] PHPMailer exception: Message body became empty during processing
[2025-11-04 10:36:15] [ERROR] [SEND_FAILED] To: panchalpavan7090@gmail.com | SMTP: sandeep@relyonsoft.info (ID: 122) | Error: SMTP error: Message body became empty during processing
[2025-11-04 10:36:15] [ERROR] [ERROR] PHPMailer Body is empty right before send. Original body length: 0
[2025-11-04 10:36:15] [ERROR] PHPMailer exception: Message body became empty during processing
[2025-11-04 10:36:15] [ERROR] [SEND_FAILED] To: pavankumar.c@relyonsoft.com | SMTP: sandeep@relyonmail.xyz (ID: 123) | Error: SMTP error: Message body became empty during processing
[2025-11-04 10:36:20] [ERROR] [ERROR] PHPMailer Body is empty right before send. Original body length: 0
[2025-11-04 10:36:20] [ERROR] PHPMailer exception: Message body became empty during processing
[2025-11-04 10:36:20] [ERROR] [SEND_FAILED] To: panchalpavan7090@gmail.com | SMTP: sandeep@payrollsoft.in (ID: 124) | Error: SMTP error: Message body became empty during processing
[2025-11-04 10:36:20] [ERROR] [ERROR] PHPMailer Body is empty right before send. Original body length: 0
[2025-11-04 10:36:20] [ERROR] PHPMailer exception: Message body became empty during processing
[2025-11-04 10:36:20] [ERROR] [SEND_FAILED] To: pavankumar.c@relyonsoft.com | SMTP: sandeep@relyonmails1.com (ID: 125) | Error: SMTP error: Message body became empty during processing
[2025-11-04 10:36:25] [ERROR] [ERROR] PHPMailer Body is empty right before send. Original body length: 0
[2025-11-04 10:36:25] [ERROR] PHPMailer exception: Message body became empty during processing
[2025-11-04 10:36:25] [ERROR] [SEND_FAILED] To: panchalpavan7090@gmail.com | SMTP: sandeep@relyonmails3.com (ID: 126) | Error: SMTP error: Message body became empty during processing
[2025-11-04 10:36:25] [ERROR] [ERROR] PHPMailer Body is empty right before send. Original body length: 0
[2025-11-04 10:36:25] [ERROR] PHPMailer exception: Message body became empty during processing
[2025-11-04 10:36:25] [ERROR] [SEND_FAILED] To: pavankumar.c@relyonsoft.com | SMTP: sandeep@relyonmails2.com (ID: 127) | Error: SMTP error: Message body became empty during processing
[2025-11-04 10:36:30] [ERROR] [ERROR] PHPMailer Body is empty right before send. Original body length: 0
[2025-11-04 10:36:30] [ERROR] PHPMailer exception: Message body became empty during processing
[2025-11-04 10:36:30] [ERROR] [SEND_FAILED] To: panchalpavan7090@gmail.com | SMTP: sandeep@relyonmail.online (ID: 128) | Error: SMTP error: Message body became empty during processing
[2025-11-04 10:36:30] [ERROR] [ERROR] PHPMailer Body is empty right before send. Original body length: 0
[2025-11-04 10:36:30] [ERROR] PHPMailer exception: Message body became empty during processing
[2025-11-04 10:36:30] [ERROR] [SEND_FAILED] To: pavankumar.c@relyonsoft.com | SMTP: sowmya@relyonsoft.info (ID: 129) | Error: SMTP error: Message body became empty during processing
[2025-11-04 10:36:36] [ERROR] [ERROR] PHPMailer Body is empty right before send. Original body length: 0
[2025-11-04 10:36:36] [ERROR] PHPMailer exception: Message body became empty during processing
[2025-11-04 10:36:36] [ERROR] [SEND_FAILED] To: panchalpavan7090@gmail.com | SMTP: sowmya@relyonmail.xyz (ID: 130) | Error: SMTP error: Message body became empty during processing
[2025-11-04 10:36:36] [ERROR] [ERROR] PHPMailer Body is empty right before send. Original body length: 0
[2025-11-04 10:36:36] [ERROR] PHPMailer exception: Message body became empty during processing
[2025-11-04 10:36:36] [ERROR] [SEND_FAILED] To: pavankumar.c@relyonsoft.com | SMTP: sowmya@payrollsoft.in (ID: 131) | Error: SMTP error: Message body became empty during processing
[2025-11-04 10:36:41] [ERROR] [ERROR] PHPMailer Body is empty right before send. Original body length: 0
[2025-11-04 10:36:41] [ERROR] PHPMailer exception: Message body became empty during processing
[2025-11-04 10:36:41] [ERROR] [SEND_FAILED] To: panchalpavan7090@gmail.com | SMTP: sowmya@relyonmails1.com (ID: 132) | Error: SMTP error: Message body became empty during processing
[2025-11-04 10:36:41] [ERROR] [ERROR] PHPMailer Body is empty right before send. Original body length: 0
[2025-11-04 10:36:41] [ERROR] PHPMailer exception: Message body became empty during processing
[2025-11-04 10:36:41] [ERROR] [SEND_FAILED] To: pavankumar.c@relyonsoft.com | SMTP: sowmya@relyonmails3.com (ID: 133) | Error: SMTP error: Message body became empty during processing
[2025-11-04 10:36:46] [ERROR] [ERROR] PHPMailer Body is empty right before send. Original body length: 0
[2025-11-04 10:36:46] [ERROR] PHPMailer exception: Message body became empty during processing
[2025-11-04 10:36:46] [ERROR] [SEND_FAILED] To: panchalpavan7090@gmail.com | SMTP: sowmya@relyonmails2.com (ID: 134) | Error: SMTP error: Message body became empty during processing
[2025-11-04 10:36:46] [ERROR] [ERROR] PHPMailer Body is empty right before send. Original body length: 0
[2025-11-04 10:36:46] [ERROR] PHPMailer exception: Message body became empty during processing
[2025-11-04 10:36:46] [ERROR] [SEND_FAILED] To: pavankumar.c@relyonsoft.com | SMTP: sowmya@relyonmail.online (ID: 135) | Error: SMTP error: Message body became empty during processing
[2025-11-04 10:36:51] [ERROR] [ERROR] PHPMailer Body is empty right before send. Original body length: 0
[2025-11-04 10:36:51] [ERROR] PHPMailer exception: Message body became empty during processing
[2025-11-04 10:36:51] [ERROR] [SEND_FAILED] To: panchalpavan7090@gmail.com | SMTP: prajwal@relyonsoft.info (ID: 136) | Error: SMTP error: Message body became empty during processing
[2025-11-04 10:36:51] [ERROR] [ERROR] PHPMailer Body is empty right before send. Original body length: 0
[2025-11-04 10:36:51] [ERROR] PHPMailer exception: Message body became empty during processing
[2025-11-04 10:36:51] [ERROR] [SEND_FAILED] To: pavankumar.c@relyonsoft.com | SMTP: prajwal@relyonmail.xyz (ID: 137) | Error: SMTP error: Message body became empty during processing
[2025-11-04 10:36:57] [ERROR] [ERROR] PHPMailer Body is empty right before send. Original body length: 0
[2025-11-04 10:36:57] [ERROR] PHPMailer exception: Message body became empty during processing
[2025-11-04 10:36:57] [ERROR] [SEND_FAILED] To: panchalpavan7090@gmail.com | SMTP: prajwal@payrollsoft.in (ID: 138) | Error: SMTP error: Message body became empty during processing
[2025-11-04 10:36:57] [ERROR] [ERROR] PHPMailer Body is empty right before send. Original body length: 0
[2025-11-04 10:36:57] [ERROR] PHPMailer exception: Message body became empty during processing
[2025-11-04 10:36:57] [ERROR] [SEND_FAILED] To: pavankumar.c@relyonsoft.com | SMTP: prajwal@relyonmails1.com (ID: 139) | Error: SMTP error: Message body became empty during processing
[2025-11-04 10:37:02] [ERROR] [ERROR] PHPMailer Body is empty right before send. Original body length: 0
[2025-11-04 10:37:02] [ERROR] PHPMailer exception: Message body became empty during processing
[2025-11-04 10:37:02] [ERROR] [SEND_FAILED] To: panchalpavan7090@gmail.com | SMTP: prajwal@relyonmails3.com (ID: 140) | Error: SMTP error: Message body became empty during processing
[2025-11-04 10:37:02] [ERROR] [ERROR] PHPMailer Body is empty right before send. Original body length: 0
[2025-11-04 10:37:02] [ERROR] PHPMailer exception: Message body became empty during processing
[2025-11-04 10:37:02] [ERROR] [SEND_FAILED] To: pavankumar.c@relyonsoft.com | SMTP: prajwal@relyonmails2.com (ID: 141) | Error: SMTP error: Message body became empty during processing
[2025-11-04 10:37:07] [ERROR] [ERROR] PHPMailer Body is empty right before send. Original body length: 0
[2025-11-04 10:37:07] [ERROR] PHPMailer exception: Message body became empty during processing
[2025-11-04 10:37:07] [ERROR] [SEND_FAILED] To: panchalpavan7090@gmail.com | SMTP: prajwal@relyonmail.online (ID: 142) | Error: SMTP error: Message body became empty during processing
[2025-11-04 10:37:07] [ERROR] [ERROR] PHPMailer Body is empty right before send. Original body length: 0
[2025-11-04 10:37:07] [ERROR] PHPMailer exception: Message body became empty during processing
[2025-11-04 10:37:07] [ERROR] [SEND_FAILED] To: pavankumar.c@relyonsoft.com | SMTP: spandana@relyonsoft.info (ID: 143) | Error: SMTP error: Message body became empty during processing
[2025-11-04 10:37:12] [ERROR] [ERROR] PHPMailer Body is empty right before send. Original body length: 0
[2025-11-04 10:37:12] [ERROR] PHPMailer exception: Message body became empty during processing
[2025-11-04 10:37:12] [ERROR] [SEND_FAILED] To: panchalpavan7090@gmail.com | SMTP: spandana@relyonmail.xyz (ID: 144) | Error: SMTP error: Message body became empty during processing
[2025-11-04 10:37:12] [ERROR] [ERROR] PHPMailer Body is empty right before send. Original body length: 0
[2025-11-04 10:37:12] [ERROR] PHPMailer exception: Message body became empty during processing
[2025-11-04 10:37:12] [ERROR] [SEND_FAILED] To: pavankumar.c@relyonsoft.com | SMTP: spandana@payrollsoft.in (ID: 145) | Error: SMTP error: Message body became empty during processing
[2025-11-04 10:37:17] [ERROR] [ERROR] PHPMailer Body is empty right before send. Original body length: 0
[2025-11-04 10:37:17] [ERROR] PHPMailer exception: Message body became empty during processing
[2025-11-04 10:37:17] [ERROR] [SEND_FAILED] To: panchalpavan7090@gmail.com | SMTP: spandana@relyonmails1.com (ID: 146) | Error: SMTP error: Message body became empty during processing
[2025-11-04 10:37:18] [ERROR] [ERROR] PHPMailer Body is empty right before send. Original body length: 0
[2025-11-04 10:37:18] [ERROR] PHPMailer exception: Message body became empty during processing
[2025-11-04 10:37:18] [ERROR] [SEND_FAILED] To: pavankumar.c@relyonsoft.com | SMTP: spandana@relyonmails3.com (ID: 147) | Error: SMTP error: Message body became empty during processing
[2025-11-04 10:37:24] [ERROR] [ERROR] PHPMailer Body is empty right before send. Original body length: 0
[2025-11-04 10:37:24] [ERROR] PHPMailer exception: Message body became empty during processing
[2025-11-04 10:37:24] [ERROR] [SEND_FAILED] To: panchalpavan7090@gmail.com | SMTP: spandana@relyonmails2.com (ID: 148) | Error: SMTP error: Message body became empty during processing
[2025-11-04 10:37:24] [ERROR] [ERROR] PHPMailer Body is empty right before send. Original body length: 0
[2025-11-04 10:37:24] [ERROR] PHPMailer exception: Message body became empty during processing
[2025-11-04 10:37:24] [ERROR] [SEND_FAILED] To: pavankumar.c@relyonsoft.com | SMTP: spandana@relyonmail.online (ID: 149) | Error: SMTP error: Message body became empty during processing
[2025-11-04 10:37:30] [ERROR] [ERROR] PHPMailer Body is empty right before send. Original body length: 0
[2025-11-04 10:37:30] [ERROR] PHPMailer exception: Message body became empty during processing
[2025-11-04 10:37:30] [ERROR] [SEND_FAILED] To: panchalpavan7090@gmail.com | SMTP: gagana@relyonsoft.info (ID: 150) | Error: SMTP error: Message body became empty during processing
[2025-11-04 10:37:30] [ERROR] [ERROR] PHPMailer Body is empty right before send. Original body length: 0
[2025-11-04 10:37:30] [ERROR] PHPMailer exception: Message body became empty during processing
[2025-11-04 10:37:30] [ERROR] [SEND_FAILED] To: pavankumar.c@relyonsoft.com | SMTP: gagana@relyonmail.xyz (ID: 151) | Error: SMTP error: Message body became empty during processing
[2025-11-04 10:37:35] [ERROR] [ERROR] PHPMailer Body is empty right before send. Original body length: 0
[2025-11-04 10:37:35] [ERROR] PHPMailer exception: Message body became empty during processing
[2025-11-04 10:37:35] [ERROR] [SEND_FAILED] To: panchalpavan7090@gmail.com | SMTP: gagana@payrollsoft.in (ID: 152) | Error: SMTP error: Message body became empty during processing
[2025-11-04 10:37:35] [ERROR] [ERROR] PHPMailer Body is empty right before send. Original body length: 0
[2025-11-04 10:37:35] [ERROR] PHPMailer exception: Message body became empty during processing
[2025-11-04 10:37:35] [ERROR] [SEND_FAILED] To: pavankumar.c@relyonsoft.com | SMTP: gagana@relyonmails1.com (ID: 153) | Error: SMTP error: Message body became empty during processing
[2025-11-04 10:37:40] [ERROR] [ERROR] PHPMailer Body is empty right before send. Original body length: 0
[2025-11-04 10:37:40] [ERROR] PHPMailer exception: Message body became empty during processing
[2025-11-04 10:37:40] [ERROR] [SEND_FAILED] To: panchalpavan7090@gmail.com | SMTP: gagana@relyonmails3.com (ID: 154) | Error: SMTP error: Message body became empty during processing
[2025-11-04 10:37:40] [ERROR] [ERROR] PHPMailer Body is empty right before send. Original body length: 0
[2025-11-04 10:37:40] [ERROR] PHPMailer exception: Message body became empty during processing
[2025-11-04 10:37:40] [ERROR] [SEND_FAILED] To: pavankumar.c@relyonsoft.com | SMTP: gagana@relyonmails2.com (ID: 155) | Error: SMTP error: Message body became empty during processing
[2025-11-04 10:37:46] [ERROR] [ERROR] PHPMailer Body is empty right before send. Original body length: 0
[2025-11-04 10:37:46] [ERROR] PHPMailer exception: Message body became empty during processing
[2025-11-04 10:37:46] [ERROR] [SEND_FAILED] To: panchalpavan7090@gmail.com | SMTP: gagana@relyonmail.online (ID: 156) | Error: SMTP error: Message body became empty during processing
[2025-11-04 10:37:46] [ERROR] [ERROR] PHPMailer Body is empty right before send. Original body length: 0
[2025-11-04 10:37:46] [ERROR] PHPMailer exception: Message body became empty during processing
[2025-11-04 10:37:46] [ERROR] [SEND_FAILED] To: pavankumar.c@relyonsoft.com | SMTP: sachin@relyonsoft.info (ID: 157) | Error: SMTP error: Message body became empty during processing
[2025-11-04 10:37:51] [ERROR] [ERROR] PHPMailer Body is empty right before send. Original body length: 0
[2025-11-04 10:37:51] [ERROR] PHPMailer exception: Message body became empty during processing
[2025-11-04 10:37:51] [ERROR] [SEND_FAILED] To: panchalpavan7090@gmail.com | SMTP: sachin@relyonmail.xyz (ID: 158) | Error: SMTP error: Message body became empty during processing
[2025-11-04 10:37:51] [ERROR] [ERROR] PHPMailer Body is empty right before send. Original body length: 0
[2025-11-04 10:37:51] [ERROR] PHPMailer exception: Message body became empty during processing
[2025-11-04 10:37:51] [ERROR] [SEND_FAILED] To: pavankumar.c@relyonsoft.com | SMTP: sachin@payrollsoft.in (ID: 159) | Error: SMTP error: Message body became empty during processing
[2025-11-04 10:37:56] [ERROR] [ERROR] PHPMailer Body is empty right before send. Original body length: 0
[2025-11-04 10:37:56] [ERROR] PHPMailer exception: Message body became empty during processing
[2025-11-04 10:37:56] [ERROR] [SEND_FAILED] To: panchalpavan7090@gmail.com | SMTP: sachin@relyonmails1.com (ID: 160) | Error: SMTP error: Message body became empty during processing
[2025-11-04 10:37:56] [ERROR] [ERROR] PHPMailer Body is empty right before send. Original body length: 0
[2025-11-04 10:37:56] [ERROR] PHPMailer exception: Message body became empty during processing
[2025-11-04 10:37:56] [ERROR] [SEND_FAILED] To: pavankumar.c@relyonsoft.com | SMTP: sachin@relyonmails3.com (ID: 161) | Error: SMTP error: Message body became empty during processing
[2025-11-04 10:38:03] [ERROR] [ERROR] PHPMailer Body is empty right before send. Original body length: 0
[2025-11-04 10:38:03] [ERROR] PHPMailer exception: Message body became empty during processing
[2025-11-04 10:38:03] [ERROR] [SEND_FAILED] To: panchalpavan7090@gmail.com | SMTP: sachin@relyonmails2.com (ID: 162) | Error: SMTP error: Message body became empty during processing
[2025-11-04 10:38:03] [ERROR] [ERROR] PHPMailer Body is empty right before send. Original body length: 0
[2025-11-04 10:38:03] [ERROR] PHPMailer exception: Message body became empty during processing
[2025-11-04 10:38:03] [ERROR] [SEND_FAILED] To: pavankumar.c@relyonsoft.com | SMTP: sachin@relyonmail.online (ID: 163) | Error: SMTP error: Message body became empty during processing
[2025-11-04 10:38:08] [ERROR] [ERROR] PHPMailer Body is empty right before send. Original body length: 0
[2025-11-04 10:38:08] [ERROR] PHPMailer exception: Message body became empty during processing
[2025-11-04 10:38:08] [ERROR] [SEND_FAILED] To: panchalpavan7090@gmail.com | SMTP: alexander@relyonsoft.info (ID: 164) | Error: SMTP error: Message body became empty during processing
[2025-11-04 10:38:08] [ERROR] [ERROR] PHPMailer Body is empty right before send. Original body length: 0
[2025-11-04 10:38:08] [ERROR] PHPMailer exception: Message body became empty during processing
[2025-11-04 10:38:08] [ERROR] [SEND_FAILED] To: pavankumar.c@relyonsoft.com | SMTP: alexander@relyonmail.xyz (ID: 165) | Error: SMTP error: Message body became empty during processing
[2025-11-04 10:38:14] [ERROR] [ERROR] PHPMailer Body is empty right before send. Original body length: 0
[2025-11-04 10:38:14] [ERROR] PHPMailer exception: Message body became empty during processing
[2025-11-04 10:38:14] [ERROR] [SEND_FAILED] To: panchalpavan7090@gmail.com | SMTP: alexander@payrollsoft.in (ID: 166) | Error: SMTP error: Message body became empty during processing
[2025-11-04 10:38:14] [ERROR] [ERROR] PHPMailer Body is empty right before send. Original body length: 0
[2025-11-04 10:38:14] [ERROR] PHPMailer exception: Message body became empty during processing
[2025-11-04 10:38:14] [ERROR] [SEND_FAILED] To: pavankumar.c@relyonsoft.com | SMTP: alexander@relyonmails1.com (ID: 167) | Error: SMTP error: Message body became empty during processing
[2025-11-04 10:38:19] [ERROR] [ERROR] PHPMailer Body is empty right before send. Original body length: 0
[2025-11-04 10:38:19] [ERROR] PHPMailer exception: Message body became empty during processing
[2025-11-04 10:38:19] [ERROR] [SEND_FAILED] To: panchalpavan7090@gmail.com | SMTP: alexander@relyonmails3.com (ID: 168) | Error: SMTP error: Message body became empty during processing
[2025-11-04 10:38:19] [ERROR] [ERROR] PHPMailer Body is empty right before send. Original body length: 0
[2025-11-04 10:38:19] [ERROR] PHPMailer exception: Message body became empty during processing
[2025-11-04 10:38:19] [ERROR] [SEND_FAILED] To: pavankumar.c@relyonsoft.com | SMTP: alexander@relyonmails2.com (ID: 169) | Error: SMTP error: Message body became empty during processing
[2025-11-04 10:38:24] [ERROR] [ERROR] PHPMailer Body is empty right before send. Original body length: 0
[2025-11-04 10:38:24] [ERROR] PHPMailer exception: Message body became empty during processing
[2025-11-04 10:38:24] [ERROR] [SEND_FAILED] To: panchalpavan7090@gmail.com | SMTP: alexander@relyonmail.online (ID: 170) | Error: SMTP error: Message body became empty during processing
[2025-11-04 10:38:24] [ERROR] [ERROR] PHPMailer Body is empty right before send. Original body length: 0
[2025-11-04 10:38:24] [ERROR] PHPMailer exception: Message body became empty during processing
[2025-11-04 10:38:24] [ERROR] [SEND_FAILED] To: pavankumar.c@relyonsoft.com | SMTP: tony@relyonsoft.info (ID: 171) | Error: SMTP error: Message body became empty during processing
[2025-11-04 10:38:29] [ERROR] [ERROR] PHPMailer Body is empty right before send. Original body length: 0
[2025-11-04 10:38:29] [ERROR] PHPMailer exception: Message body became empty during processing
[2025-11-04 10:38:29] [ERROR] [SEND_FAILED] To: panchalpavan7090@gmail.com | SMTP: tony@relyonmail.xyz (ID: 172) | Error: SMTP error: Message body became empty during processing
[2025-11-04 10:38:29] [ERROR] [ERROR] PHPMailer Body is empty right before send. Original body length: 0
[2025-11-04 10:38:29] [ERROR] PHPMailer exception: Message body became empty during processing
[2025-11-04 10:38:29] [ERROR] [SEND_FAILED] To: pavankumar.c@relyonsoft.com | SMTP: tony@payrollsoft.in (ID: 173) | Error: SMTP error: Message body became empty during processing
[2025-11-04 10:38:34] [ERROR] [ERROR] PHPMailer Body is empty right before send. Original body length: 0
[2025-11-04 10:38:34] [ERROR] PHPMailer exception: Message body became empty during processing
[2025-11-04 10:38:34] [ERROR] [SEND_FAILED] To: panchalpavan7090@gmail.com | SMTP: tony@relyonmails1.com (ID: 174) | Error: SMTP error: Message body became empty during processing
[2025-11-04 10:38:34] [ERROR] [ERROR] PHPMailer Body is empty right before send. Original body length: 0
[2025-11-04 10:38:34] [ERROR] PHPMailer exception: Message body became empty during processing
[2025-11-04 10:38:34] [ERROR] [SEND_FAILED] To: pavankumar.c@relyonsoft.com | SMTP: tony@relyonmails3.com (ID: 175) | Error: SMTP error: Message body became empty during processing
[2025-11-04 10:38:39] [ERROR] [ERROR] PHPMailer Body is empty right before send. Original body length: 0
[2025-11-04 10:38:39] [ERROR] PHPMailer exception: Message body became empty during processing
[2025-11-04 10:38:39] [ERROR] [SEND_FAILED] To: panchalpavan7090@gmail.com | SMTP: tony@relyonmails2.com (ID: 176) | Error: SMTP error: Message body became empty during processing
[2025-11-04 10:38:39] [ERROR] [ERROR] PHPMailer Body is empty right before send. Original body length: 0
[2025-11-04 10:38:39] [ERROR] PHPMailer exception: Message body became empty during processing
[2025-11-04 10:38:39] [ERROR] [SEND_FAILED] To: pavankumar.c@relyonsoft.com | SMTP: tony@relyonmail.online (ID: 177) | Error: SMTP error: Message body became empty during processing
[2025-11-04 10:38:45] [ERROR] [ERROR] PHPMailer Body is empty right before send. Original body length: 0
[2025-11-04 10:38:45] [ERROR] PHPMailer exception: Message body became empty during processing
[2025-11-04 10:38:45] [ERROR] [SEND_FAILED] To: panchalpavan7090@gmail.com | SMTP: joel@relyonsoft.info (ID: 178) | Error: SMTP error: Message body became empty during processing
[2025-11-04 10:38:45] [ERROR] [ERROR] PHPMailer Body is empty right before send. Original body length: 0
[2025-11-04 10:38:45] [ERROR] PHPMailer exception: Message body became empty during processing
[2025-11-04 10:38:45] [ERROR] [SEND_FAILED] To: pavankumar.c@relyonsoft.com | SMTP: joel@relyonmail.xyz (ID: 179) | Error: SMTP error: Message body became empty during processing
[2025-11-04 10:38:50] [ERROR] [ERROR] PHPMailer Body is empty right before send. Original body length: 0
[2025-11-04 10:38:50] [ERROR] PHPMailer exception: Message body became empty during processing
[2025-11-04 10:38:50] [ERROR] [SEND_FAILED] To: panchalpavan7090@gmail.com | SMTP: joel@payrollsoft.in (ID: 180) | Error: SMTP error: Message body became empty during processing
[2025-11-04 10:38:50] [ERROR] [ERROR] PHPMailer Body is empty right before send. Original body length: 0
[2025-11-04 10:38:50] [ERROR] PHPMailer exception: Message body became empty during processing
[2025-11-04 10:38:50] [ERROR] [SEND_FAILED] To: pavankumar.c@relyonsoft.com | SMTP: joel@relyonmails1.com (ID: 181) | Error: SMTP error: Message body became empty during processing
[2025-11-04 10:38:55] [ERROR] [ERROR] PHPMailer Body is empty right before send. Original body length: 0
[2025-11-04 10:38:55] [ERROR] PHPMailer exception: Message body became empty during processing
[2025-11-04 10:38:55] [ERROR] [SEND_FAILED] To: panchalpavan7090@gmail.com | SMTP: joel@relyonmails3.com (ID: 182) | Error: SMTP error: Message body became empty during processing
[2025-11-04 10:38:55] [ERROR] [ERROR] PHPMailer Body is empty right before send. Original body length: 0
[2025-11-04 10:38:55] [ERROR] PHPMailer exception: Message body became empty during processing
[2025-11-04 10:38:55] [ERROR] [SEND_FAILED] To: pavankumar.c@relyonsoft.com | SMTP: joel@relyonmails2.com (ID: 183) | Error: SMTP error: Message body became empty during processing
[2025-11-04 10:39:00] [ERROR] [ERROR] PHPMailer Body is empty right before send. Original body length: 0
[2025-11-04 10:39:00] [ERROR] PHPMailer exception: Message body became empty during processing
[2025-11-04 10:39:00] [ERROR] [SEND_FAILED] To: panchalpavan7090@gmail.com | SMTP: joel@relyonmail.online (ID: 184) | Error: SMTP error: Message body became empty during processing
[2025-11-04 10:39:00] [ERROR] [ERROR] PHPMailer Body is empty right before send. Original body length: 0
[2025-11-04 10:39:00] [ERROR] PHPMailer exception: Message body became empty during processing
[2025-11-04 10:39:00] [ERROR] [SEND_FAILED] To: pavankumar.c@relyonsoft.com | SMTP: akash@relyonsoft.info (ID: 185) | Error: SMTP error: Message body became empty during processing
[2025-11-04 10:39:05] [ERROR] [ERROR] PHPMailer Body is empty right before send. Original body length: 0
[2025-11-04 10:39:05] [ERROR] PHPMailer exception: Message body became empty during processing
[2025-11-04 10:39:05] [ERROR] [SEND_FAILED] To: panchalpavan7090@gmail.com | SMTP: akash@relyonmail.xyz (ID: 186) | Error: SMTP error: Message body became empty during processing
[2025-11-04 10:39:05] [ERROR] [ERROR] PHPMailer Body is empty right before send. Original body length: 0
[2025-11-04 10:39:05] [ERROR] PHPMailer exception: Message body became empty during processing
[2025-11-04 10:39:05] [ERROR] [SEND_FAILED] To: pavankumar.c@relyonsoft.com | SMTP: akash@payrollsoft.in (ID: 187) | Error: SMTP error: Message body became empty during processing
[2025-11-04 10:39:11] [ERROR] [ERROR] PHPMailer Body is empty right before send. Original body length: 0
[2025-11-04 10:39:11] [ERROR] PHPMailer exception: Message body became empty during processing
[2025-11-04 10:39:11] [ERROR] [SEND_FAILED] To: panchalpavan7090@gmail.com | SMTP: akash@relyonmails1.com (ID: 188) | Error: SMTP error: Message body became empty during processing
[2025-11-04 10:39:11] [ERROR] [ERROR] PHPMailer Body is empty right before send. Original body length: 0
[2025-11-04 10:39:11] [ERROR] PHPMailer exception: Message body became empty during processing
[2025-11-04 10:39:11] [ERROR] [SEND_FAILED] To: pavankumar.c@relyonsoft.com | SMTP: akash@relyonmails3.com (ID: 189) | Error: SMTP error: Message body became empty during processing
[2025-11-04 10:39:16] [ERROR] [ERROR] PHPMailer Body is empty right before send. Original body length: 0
[2025-11-04 10:39:16] [ERROR] PHPMailer exception: Message body became empty during processing
[2025-11-04 10:39:16] [ERROR] [SEND_FAILED] To: panchalpavan7090@gmail.com | SMTP: akash@relyonmails2.com (ID: 190) | Error: SMTP error: Message body became empty during processing
[2025-11-04 10:39:16] [ERROR] [ERROR] PHPMailer Body is empty right before send. Original body length: 0
[2025-11-04 10:39:16] [ERROR] PHPMailer exception: Message body became empty during processing
[2025-11-04 10:39:16] [ERROR] [SEND_FAILED] To: pavankumar.c@relyonsoft.com | SMTP: akash@relyonmail.online (ID: 191) | Error: SMTP error: Message body became empty during processing
[2025-11-04 10:39:21] [ERROR] [ERROR] PHPMailer Body is empty right before send. Original body length: 0
[2025-11-04 10:39:21] [ERROR] PHPMailer exception: Message body became empty during processing
[2025-11-04 10:39:21] [ERROR] [SEND_FAILED] To: panchalpavan7090@gmail.com | SMTP: panchalpavan800@gmail.com (ID: 29) | Error: SMTP error: Message body became empty during processing
[2025-11-04 10:39:21] [ERROR] [ERROR] PHPMailer Body is empty right before send. Original body length: 0
[2025-11-04 10:39:21] [ERROR] PHPMailer exception: Message body became empty during processing
[2025-11-04 10:39:21] [ERROR] [SEND_FAILED] To: pavankumar.c@relyonsoft.com | SMTP: pavan@relyonsoft.info (ID: 30) | Error: SMTP error: Message body became empty during processing
[2025-11-04 10:39:26] [ERROR] [ERROR] PHPMailer Body is empty right before send. Original body length: 0
[2025-11-04 10:39:26] [ERROR] PHPMailer exception: Message body became empty during processing
[2025-11-04 10:39:26] [ERROR] [SEND_FAILED] To: panchalpavan7090@gmail.com | SMTP: praveen@payrollsoft.in (ID: 33) | Error: SMTP error: Message body became empty during processing
[2025-11-04 10:39:26] [ERROR] [ERROR] PHPMailer Body is empty right before send. Original body length: 0
[2025-11-04 10:39:26] [ERROR] PHPMailer exception: Message body became empty during processing
[2025-11-04 10:39:26] [ERROR] [SEND_FAILED] To: pavankumar.c@relyonsoft.com | SMTP: praveen@relyonmails1.com (ID: 34) | Error: SMTP error: Message body became empty during processing
