2025-11-04 10:32:34|22|panchalpavan7090@gmail.com|62|richa@relyonmails1.com|failed|SMTP error: Message body became empty during processing
2025-11-04 10:32:34|22|pavankumar.c@relyonsoft.com|63|richa@relyonmails3.com|failed|SMTP error: Message body became empty during processing
2025-11-04 10:32:39|22|panchalpavan7090@gmail.com|64|richa@relyonmails2.com|failed|SMTP error: Message body became empty during processing
2025-11-04 10:32:39|22|pavankumar.c@relyonsoft.com|65|richa@relyonmail.online|failed|SMTP error: Message body became empty during processing
2025-11-04 10:32:45|22|panchalpavan7090@gmail.com|66|navya@relyonsoft.info|failed|SMTP error: Message body became empty during processing
2025-11-04 10:32:45|22|pavankumar.c@relyonsoft.com|67|navya@relyonmail.xyz|failed|SMTP error: Message body became empty during processing
2025-11-04 10:32:50|22|panchalpavan7090@gmail.com|68|navya@payrollsoft.in|failed|SMTP error: Message body became empty during processing
2025-11-04 10:32:50|22|pavankumar.c@relyonsoft.com|69|navya@relyonmails1.com|failed|SMTP error: Message body became empty during processing
2025-11-04 10:32:55|22|panchalpavan7090@gmail.com|70|navya@relyonmails3.com|failed|SMTP error: Message body became empty during processing
2025-11-04 10:32:55|22|pavankumar.c@relyonsoft.com|71|navya@relyonmails2.com|failed|SMTP error: Message body became empty during processing
2025-11-04 10:33:00|22|panchalpavan7090@gmail.com|72|navya@relyonmail.online|failed|SMTP error: Message body became empty during processing
2025-11-04 10:33:00|22|pavankumar.c@relyonsoft.com|73|ankitha@relyonsoft.info|failed|SMTP error: Message body became empty during processing
2025-11-04 10:33:05|22|panchalpavan7090@gmail.com|74|ankitha@relyonmail.xyz|failed|SMTP error: Message body became empty during processing
2025-11-04 10:33:05|22|pavankumar.c@relyonsoft.com|75|ankitha@payrollsoft.in|failed|SMTP error: Message body became empty during processing
2025-11-04 10:33:10|22|panchalpavan7090@gmail.com|76|ankitha@relyonmails1.com|failed|SMTP error: Message body became empty during processing
2025-11-04 10:33:10|22|pavankumar.c@relyonsoft.com|77|ankitha@relyonmails3.com|failed|SMTP error: Message body became empty during processing
2025-11-04 10:33:16|22|panchalpavan7090@gmail.com|78|ankitha@relyonmails2.com|failed|SMTP error: Message body became empty during processing
2025-11-04 10:33:16|22|pavankumar.c@relyonsoft.com|79|ankitha@relyonmail.online|failed|SMTP error: Message body became empty during processing
2025-11-04 10:33:21|22|panchalpavan7090@gmail.com|80|vani@relyonsoft.info|failed|SMTP error: Message body became empty during processing
2025-11-04 10:33:21|22|pavankumar.c@relyonsoft.com|81|vani@relyonmail.xyz|failed|SMTP error: Message body became empty during processing
2025-11-04 10:34:27|22|panchalpavan7090@gmail.com|82|vani@payrollsoft.in|failed|SMTP error: Message body became empty during processing
2025-11-04 10:34:27|22|pavankumar.c@relyonsoft.com|83|vani@relyonmails1.com|failed|SMTP error: Message body became empty during processing
2025-11-04 10:34:32|22|panchalpavan7090@gmail.com|84|vani@relyonmails3.com|failed|SMTP error: Message body became empty during processing
2025-11-04 10:34:32|22|pavankumar.c@relyonsoft.com|85|vani@relyonmails2.com|failed|SMTP error: Message body became empty during processing
2025-11-04 10:34:37|22|panchalpavan7090@gmail.com|86|vani@relyonmail.online|failed|SMTP error: Message body became empty during processing
2025-11-04 10:34:37|22|pavankumar.c@relyonsoft.com|87|david@relyonsoft.info|failed|SMTP error: Message body became empty during processing
2025-11-04 10:34:43|22|panchalpavan7090@gmail.com|88|david@relyonmail.xyz|failed|SMTP error: Message body became empty during processing
2025-11-04 10:34:43|22|pavankumar.c@relyonsoft.com|89|david@payrollsoft.in|failed|SMTP error: Message body became empty during processing
2025-11-04 10:34:48|22|panchalpavan7090@gmail.com|90|david@relyonmails1.com|failed|SMTP error: Message body became empty during processing
2025-11-04 10:34:48|22|pavankumar.c@relyonsoft.com|91|david@relyonmails3.com|failed|SMTP error: Message body became empty during processing
2025-11-04 10:34:53|22|panchalpavan7090@gmail.com|92|david@relyonmails2.com|failed|SMTP error: Message body became empty during processing
2025-11-04 10:34:53|22|pavankumar.c@relyonsoft.com|93|david@relyonmail.online|failed|SMTP error: Message body became empty during processing
2025-11-04 10:34:58|22|panchalpavan7090@gmail.com|94|yathish@relyonsoft.info|failed|SMTP error: Message body became empty during processing
2025-11-04 10:34:58|22|pavankumar.c@relyonsoft.com|95|yathish@relyonmail.xyz|failed|SMTP error: Message body became empty during processing
2025-11-04 10:35:03|22|panchalpavan7090@gmail.com|96|yathish@payrollsoft.in|failed|SMTP error: Message body became empty during processing
2025-11-04 10:35:03|22|pavankumar.c@relyonsoft.com|97|yathish@relyonmails1.com|failed|SMTP error: Message body became empty during processing
2025-11-04 10:35:09|22|panchalpavan7090@gmail.com|98|yathish@relyonmails3.com|failed|SMTP error: Message body became empty during processing
2025-11-04 10:35:09|22|pavankumar.c@relyonsoft.com|99|yathish@relyonmails2.com|failed|SMTP error: Message body became empty during processing
2025-11-04 10:35:14|22|panchalpavan7090@gmail.com|100|yathish@relyonmail.online|failed|SMTP error: Message body became empty during processing
2025-11-04 10:35:14|22|pavankumar.c@relyonsoft.com|101|priyanka@relyonsoft.info|failed|SMTP error: Message body became empty during processing
2025-11-04 10:35:19|22|panchalpavan7090@gmail.com|102|priyanka@relyonmail.xyz|failed|SMTP error: Message body became empty during processing
2025-11-04 10:35:19|22|pavankumar.c@relyonsoft.com|103|priyanka@payrollsoft.in|failed|SMTP error: Message body became empty during processing
2025-11-04 10:35:24|22|panchalpavan7090@gmail.com|104|priyanka@relyonmails1.com|failed|SMTP error: Message body became empty during processing
2025-11-04 10:35:24|22|pavankumar.c@relyonsoft.com|105|priyanka@relyonmails3.com|failed|SMTP error: Message body became empty during processing
2025-11-04 10:35:29|22|panchalpavan7090@gmail.com|106|priyanka@relyonmails2.com|failed|SMTP error: Message body became empty during processing
2025-11-04 10:35:29|22|pavankumar.c@relyonsoft.com|107|priyanka@relyonmail.online|failed|SMTP error: Message body became empty during processing
2025-11-04 10:35:35|22|panchalpavan7090@gmail.com|108|nisha@relyonsoft.info|failed|SMTP error: Message body became empty during processing
2025-11-04 10:35:35|22|pavankumar.c@relyonsoft.com|109|nisha@relyonmail.xyz|failed|SMTP error: Message body became empty during processing
2025-11-04 10:35:41|22|panchalpavan7090@gmail.com|110|nisha@payrollsoft.in|failed|SMTP error: Message body became empty during processing
2025-11-04 10:35:41|22|pavankumar.c@relyonsoft.com|111|nisha@relyonmails1.com|failed|SMTP error: Message body became empty during processing
2025-11-04 10:35:46|22|panchalpavan7090@gmail.com|112|nisha@relyonmails3.com|failed|SMTP error: Message body became empty during processing
2025-11-04 10:35:46|22|pavankumar.c@relyonsoft.com|113|nisha@relyonmails2.com|failed|SMTP error: Message body became empty during processing
2025-11-04 10:35:51|22|panchalpavan7090@gmail.com|114|nisha@relyonmail.online|failed|SMTP error: Message body became empty during processing
2025-11-04 10:35:51|22|pavankumar.c@relyonsoft.com|115|pooja@relyonsoft.info|failed|SMTP error: Message body became empty during processing
2025-11-04 10:35:57|22|panchalpavan7090@gmail.com|116|pooja@relyonmail.xyz|failed|SMTP error: Message body became empty during processing
2025-11-04 10:35:57|22|pavankumar.c@relyonsoft.com|117|pooja@payrollsoft.in|failed|SMTP error: Message body became empty during processing
2025-11-04 10:36:03|22|panchalpavan7090@gmail.com|118|pooja@relyonmails1.com|failed|SMTP error: Message body became empty during processing
2025-11-04 10:36:03|22|pavankumar.c@relyonsoft.com|119|pooja@relyonmails3.com|failed|SMTP error: Message body became empty during processing
2025-11-04 10:36:09|22|panchalpavan7090@gmail.com|120|pooja@relyonmails2.com|failed|SMTP error: Message body became empty during processing
2025-11-04 10:36:09|22|pavankumar.c@relyonsoft.com|121|pooja@relyonmail.online|failed|SMTP error: Message body became empty during processing
2025-11-04 10:36:15|22|panchalpavan7090@gmail.com|122|sandeep@relyonsoft.info|failed|SMTP error: Message body became empty during processing
2025-11-04 10:36:15|22|pavankumar.c@relyonsoft.com|123|sandeep@relyonmail.xyz|failed|SMTP error: Message body became empty during processing
2025-11-04 10:36:20|22|panchalpavan7090@gmail.com|124|sandeep@payrollsoft.in|failed|SMTP error: Message body became empty during processing
2025-11-04 10:36:20|22|pavankumar.c@relyonsoft.com|125|sandeep@relyonmails1.com|failed|SMTP error: Message body became empty during processing
2025-11-04 10:36:25|22|panchalpavan7090@gmail.com|126|sandeep@relyonmails3.com|failed|SMTP error: Message body became empty during processing
2025-11-04 10:36:25|22|pavankumar.c@relyonsoft.com|127|sandeep@relyonmails2.com|failed|SMTP error: Message body became empty during processing
2025-11-04 10:36:30|22|panchalpavan7090@gmail.com|128|sandeep@relyonmail.online|failed|SMTP error: Message body became empty during processing
2025-11-04 10:36:30|22|pavankumar.c@relyonsoft.com|129|sowmya@relyonsoft.info|failed|SMTP error: Message body became empty during processing
2025-11-04 10:36:36|22|panchalpavan7090@gmail.com|130|sowmya@relyonmail.xyz|failed|SMTP error: Message body became empty during processing
2025-11-04 10:36:36|22|pavankumar.c@relyonsoft.com|131|sowmya@payrollsoft.in|failed|SMTP error: Message body became empty during processing
2025-11-04 10:36:41|22|panchalpavan7090@gmail.com|132|sowmya@relyonmails1.com|failed|SMTP error: Message body became empty during processing
2025-11-04 10:36:41|22|pavankumar.c@relyonsoft.com|133|sowmya@relyonmails3.com|failed|SMTP error: Message body became empty during processing
2025-11-04 10:36:46|22|panchalpavan7090@gmail.com|134|sowmya@relyonmails2.com|failed|SMTP error: Message body became empty during processing
2025-11-04 10:36:46|22|pavankumar.c@relyonsoft.com|135|sowmya@relyonmail.online|failed|SMTP error: Message body became empty during processing
2025-11-04 10:36:51|22|panchalpavan7090@gmail.com|136|prajwal@relyonsoft.info|failed|SMTP error: Message body became empty during processing
2025-11-04 10:36:51|22|pavankumar.c@relyonsoft.com|137|prajwal@relyonmail.xyz|failed|SMTP error: Message body became empty during processing
2025-11-04 10:36:57|22|panchalpavan7090@gmail.com|138|prajwal@payrollsoft.in|failed|SMTP error: Message body became empty during processing
2025-11-04 10:36:57|22|pavankumar.c@relyonsoft.com|139|prajwal@relyonmails1.com|failed|SMTP error: Message body became empty during processing
2025-11-04 10:37:02|22|panchalpavan7090@gmail.com|140|prajwal@relyonmails3.com|failed|SMTP error: Message body became empty during processing
2025-11-04 10:37:02|22|pavankumar.c@relyonsoft.com|141|prajwal@relyonmails2.com|failed|SMTP error: Message body became empty during processing
2025-11-04 10:37:07|22|panchalpavan7090@gmail.com|142|prajwal@relyonmail.online|failed|SMTP error: Message body became empty during processing
2025-11-04 10:37:07|22|pavankumar.c@relyonsoft.com|143|spandana@relyonsoft.info|failed|SMTP error: Message body became empty during processing
2025-11-04 10:37:12|22|panchalpavan7090@gmail.com|144|spandana@relyonmail.xyz|failed|SMTP error: Message body became empty during processing
2025-11-04 10:37:12|22|pavankumar.c@relyonsoft.com|145|spandana@payrollsoft.in|failed|SMTP error: Message body became empty during processing
2025-11-04 10:37:17|22|panchalpavan7090@gmail.com|146|spandana@relyonmails1.com|failed|SMTP error: Message body became empty during processing
2025-11-04 10:37:18|22|pavankumar.c@relyonsoft.com|147|spandana@relyonmails3.com|failed|SMTP error: Message body became empty during processing
2025-11-04 10:37:24|22|panchalpavan7090@gmail.com|148|spandana@relyonmails2.com|failed|SMTP error: Message body became empty during processing
2025-11-04 10:37:24|22|pavankumar.c@relyonsoft.com|149|spandana@relyonmail.online|failed|SMTP error: Message body became empty during processing
2025-11-04 10:37:30|22|panchalpavan7090@gmail.com|150|gagana@relyonsoft.info|failed|SMTP error: Message body became empty during processing
2025-11-04 10:37:30|22|pavankumar.c@relyonsoft.com|151|gagana@relyonmail.xyz|failed|SMTP error: Message body became empty during processing
2025-11-04 10:37:35|22|panchalpavan7090@gmail.com|152|gagana@payrollsoft.in|failed|SMTP error: Message body became empty during processing
2025-11-04 10:37:35|22|pavankumar.c@relyonsoft.com|153|gagana@relyonmails1.com|failed|SMTP error: Message body became empty during processing
2025-11-04 10:37:40|22|panchalpavan7090@gmail.com|154|gagana@relyonmails3.com|failed|SMTP error: Message body became empty during processing
2025-11-04 10:37:40|22|pavankumar.c@relyonsoft.com|155|gagana@relyonmails2.com|failed|SMTP error: Message body became empty during processing
2025-11-04 10:37:46|22|panchalpavan7090@gmail.com|156|gagana@relyonmail.online|failed|SMTP error: Message body became empty during processing
2025-11-04 10:37:46|22|pavankumar.c@relyonsoft.com|157|sachin@relyonsoft.info|failed|SMTP error: Message body became empty during processing
2025-11-04 10:37:51|22|panchalpavan7090@gmail.com|158|sachin@relyonmail.xyz|failed|SMTP error: Message body became empty during processing
2025-11-04 10:37:51|22|pavankumar.c@relyonsoft.com|159|sachin@payrollsoft.in|failed|SMTP error: Message body became empty during processing
2025-11-04 10:37:56|22|panchalpavan7090@gmail.com|160|sachin@relyonmails1.com|failed|SMTP error: Message body became empty during processing
2025-11-04 10:37:56|22|pavankumar.c@relyonsoft.com|161|sachin@relyonmails3.com|failed|SMTP error: Message body became empty during processing
2025-11-04 10:38:03|22|panchalpavan7090@gmail.com|162|sachin@relyonmails2.com|failed|SMTP error: Message body became empty during processing
2025-11-04 10:38:03|22|pavankumar.c@relyonsoft.com|163|sachin@relyonmail.online|failed|SMTP error: Message body became empty during processing
2025-11-04 10:38:08|22|panchalpavan7090@gmail.com|164|alexander@relyonsoft.info|failed|SMTP error: Message body became empty during processing
2025-11-04 10:38:08|22|pavankumar.c@relyonsoft.com|165|alexander@relyonmail.xyz|failed|SMTP error: Message body became empty during processing
2025-11-04 10:38:14|22|panchalpavan7090@gmail.com|166|alexander@payrollsoft.in|failed|SMTP error: Message body became empty during processing
2025-11-04 10:38:14|22|pavankumar.c@relyonsoft.com|167|alexander@relyonmails1.com|failed|SMTP error: Message body became empty during processing
2025-11-04 10:38:19|22|panchalpavan7090@gmail.com|168|alexander@relyonmails3.com|failed|SMTP error: Message body became empty during processing
2025-11-04 10:38:19|22|pavankumar.c@relyonsoft.com|169|alexander@relyonmails2.com|failed|SMTP error: Message body became empty during processing
2025-11-04 10:38:24|22|panchalpavan7090@gmail.com|170|alexander@relyonmail.online|failed|SMTP error: Message body became empty during processing
2025-11-04 10:38:24|22|pavankumar.c@relyonsoft.com|171|tony@relyonsoft.info|failed|SMTP error: Message body became empty during processing
2025-11-04 10:38:29|22|panchalpavan7090@gmail.com|172|tony@relyonmail.xyz|failed|SMTP error: Message body became empty during processing
2025-11-04 10:38:29|22|pavankumar.c@relyonsoft.com|173|tony@payrollsoft.in|failed|SMTP error: Message body became empty during processing
2025-11-04 10:38:34|22|panchalpavan7090@gmail.com|174|tony@relyonmails1.com|failed|SMTP error: Message body became empty during processing
2025-11-04 10:38:34|22|pavankumar.c@relyonsoft.com|175|tony@relyonmails3.com|failed|SMTP error: Message body became empty during processing
2025-11-04 10:38:39|22|panchalpavan7090@gmail.com|176|tony@relyonmails2.com|failed|SMTP error: Message body became empty during processing
2025-11-04 10:38:39|22|pavankumar.c@relyonsoft.com|177|tony@relyonmail.online|failed|SMTP error: Message body became empty during processing
2025-11-04 10:38:45|22|panchalpavan7090@gmail.com|178|joel@relyonsoft.info|failed|SMTP error: Message body became empty during processing
2025-11-04 10:38:45|22|pavankumar.c@relyonsoft.com|179|joel@relyonmail.xyz|failed|SMTP error: Message body became empty during processing
2025-11-04 10:38:50|22|panchalpavan7090@gmail.com|180|joel@payrollsoft.in|failed|SMTP error: Message body became empty during processing
2025-11-04 10:38:50|22|pavankumar.c@relyonsoft.com|181|joel@relyonmails1.com|failed|SMTP error: Message body became empty during processing
2025-11-04 10:38:55|22|panchalpavan7090@gmail.com|182|joel@relyonmails3.com|failed|SMTP error: Message body became empty during processing
2025-11-04 10:38:55|22|pavankumar.c@relyonsoft.com|183|joel@relyonmails2.com|failed|SMTP error: Message body became empty during processing
2025-11-04 10:39:00|22|panchalpavan7090@gmail.com|184|joel@relyonmail.online|failed|SMTP error: Message body became empty during processing
2025-11-04 10:39:00|22|pavankumar.c@relyonsoft.com|185|akash@relyonsoft.info|failed|SMTP error: Message body became empty during processing
2025-11-04 10:39:05|22|panchalpavan7090@gmail.com|186|akash@relyonmail.xyz|failed|SMTP error: Message body became empty during processing
2025-11-04 10:39:05|22|pavankumar.c@relyonsoft.com|187|akash@payrollsoft.in|failed|SMTP error: Message body became empty during processing
2025-11-04 10:39:11|22|panchalpavan7090@gmail.com|188|akash@relyonmails1.com|failed|SMTP error: Message body became empty during processing
2025-11-04 10:39:11|22|pavankumar.c@relyonsoft.com|189|akash@relyonmails3.com|failed|SMTP error: Message body became empty during processing
2025-11-04 10:39:16|22|panchalpavan7090@gmail.com|190|akash@relyonmails2.com|failed|SMTP error: Message body became empty during processing
2025-11-04 10:39:16|22|pavankumar.c@relyonsoft.com|191|akash@relyonmail.online|failed|SMTP error: Message body became empty during processing
2025-11-04 10:39:21|22|panchalpavan7090@gmail.com|29|panchalpavan800@gmail.com|failed|SMTP error: Message body became empty during processing
2025-11-04 10:39:21|22|pavankumar.c@relyonsoft.com|30|pavan@relyonsoft.info|failed|SMTP error: Message body became empty during processing
2025-11-04 10:39:25|23|panchalpavan7090@gmail.com|31|praveen@relyonsoft.info|failed|SMTP error: SMTP Error: Could not connect to SMTP host. Failed to connect to server
2025-11-04 10:39:26|22|panchalpavan7090@gmail.com|33|praveen@payrollsoft.in|failed|SMTP error: Message body became empty during processing
2025-11-04 10:39:26|22|pavankumar.c@relyonsoft.com|34|praveen@relyonmails1.com|failed|SMTP error: Message body became empty during processing
2025-11-04 10:39:33|23|pavankumar.c@relyonsoft.com|32|praveen@relyonmail.xyz|success|
2025-11-04 10:39:53|23|panchalpavan7090@gmail.com|35|praveen@relyonmails3.com|failed|SMTP error: SMTP Error: Could not connect to SMTP host. Failed to connect to server
2025-11-04 10:40:12|23|panchalpavan7090@gmail.com|36|praveen@relyonmails2.com|success|
2025-11-04 11:06:56|24|panchalpavan7090@gmail.com|37|praveen@relyonmail.online|success|
2025-11-04 11:07:03|24|pavankumar.c@relyonsoft.com|39|chethan@relyonmail.xyz|success|
2025-11-04 11:26:20|25|panchalpavan7090@gmail.com|40|chethan@payrollsoft.in|success|
2025-11-04 11:26:24|25|pavankumar7090@yahoo.com|41|chethan@relyonmails1.com|success|
2025-11-04 11:26:46|25|pavankumar.c@relyonsoft.com|43|chethan@relyonmails2.com|success|
2025-11-04 11:51:58|26|panchalpavan7090@gmail.com|44|chethan@relyonmail.online|success|
2025-11-04 11:52:03|26|pavankumar7090@yahoo.com|46|divya@relyonmail.xyz|success|
2025-11-04 11:52:08|26|pavankumar.c@relyonsoft.com|47|divya@payrollsoft.in|success|
2025-11-04 11:55:08|27|saralpaypack@gmail.com|48|divya@relyonmails1.com|success|
2025-11-04 11:55:28|27|manjunath.sm@relyonsoft.com|50|divya@relyonmails2.com|success|
2025-11-04 11:55:34|27|panchalpavan7090@gmail.com|51|divya@relyonmail.online|success|
2025-11-04 11:55:41|27|pavankumar7090@yahoo.com|53|veena@relyonmail.xyz|success|
2025-11-04 11:55:46|27|pavankumar.c@relyonsoft.com|54|veena@payrollsoft.in|success|
2025-11-04 11:55:50|27|mattikoppa@yahoo.com|55|veena@relyonmails1.com|success|
2025-11-04 12:14:07|28|saralpaypack@gmail.com|57|veena@relyonmails2.com|success|
2025-11-04 12:14:12|28|manjunath.sm@relyonsoft.com|58|veena@relyonmail.online|success|
2025-11-04 12:14:17|28|panchalpavan7090@gmail.com|60|richa@relyonmail.xyz|success|
2025-11-04 12:14:22|28|pavankumar7090@yahoo.com|61|richa@payrollsoft.in|success|
2025-11-04 12:14:27|28|pavankumar.c@relyonsoft.com|62|richa@relyonmails1.com|success|
2025-11-04 12:14:41|28|mattikoppa@yahoo.com|64|richa@relyonmails2.com|success|
2025-11-04 12:39:06|29|panchalpavan7090@gmail.com|65|richa@relyonmail.online|success|
2025-11-04 12:39:13|29|pavankumar7090@yahoo.com|67|navya@relyonmail.xyz|success|
2025-11-04 12:39:20|29|pavankumar.c@relyonsoft.com|68|navya@payrollsoft.in|success|
2025-11-04 12:41:45|30|saralpaypack@gmail.com|69|navya@relyonmails1.com|success|
2025-11-04 12:42:06|30|manjunath.sm@relyonsoft.com|71|navya@relyonmails2.com|success|
2025-11-04 12:42:12|30|panchalpavan7090@gmail.com|72|navya@relyonmail.online|success|
2025-11-04 12:42:20|30|pavankumar7090@yahoo.com|74|ankitha@relyonmail.xyz|success|
2025-11-04 12:42:26|30|pavankumar.c@relyonsoft.com|75|ankitha@payrollsoft.in|success|
2025-11-04 12:42:33|30|mattikoppa@yahoo.com|76|ankitha@relyonmails1.com|success|
