[2025-12-23 10:39:20] Worker start argv=["\/opt\/lampp\/htdocs\/verify_emails\/MailPilot_CRM_S\/backend\/includes\/email_blast_worker.php","32","","{\"server_id\":14,\"host\":\"relyonsoft.info\",\"port\":\"465\",\"encryption\":\"ssl\",\"received_email\":\"pavankumar.c@relyonsoft.com\"}","{\"campaign_id\":\"32\",\"csv_list_id\":null,\"import_batch_id\":\"BATCH_20251222_173732_69493484ef2b8\",\"template_id\":\"3\",\"description\":\"testing\",\"mail_subject\":\"eamil subject\",\"mail_body\":\"\",\"attachment_path\":null,\"send_as_html\":\"1\",\"images_paths\":null}"]
[2025-12-23 10:39:20] Worker for server #14 starting with Import Batch ID: BATCH_20251222_173732_69493484ef2b8
[2025-12-23 10:39:20] Server config: {"server_id":14,"host":"relyonsoft.info","port":"465","encryption":"ssl","received_email":"pavankumar.c@relyonsoft.com"}
[2025-12-23 10:39:20] Server #14 loaded 24 accounts
[2025-12-23 10:39:20] Server #14: eligible_emails_from_import=3
[2025-12-23 10:39:20] Server #14: eligible_emails=3 pending_in_mail_blaster=0
[2025-12-23 10:39:20] Server #14: Starting send loop for campaign #32
[2025-12-23 10:39:20] Server #14: Selected account #30 (pavan@relyonsoft.info) - within limits
[2025-12-23 10:39:20] Server #14: Checking for pending/retry emails...
[2025-12-23 10:39:20] fetchNextPending: No pending/failed emails in queue
[2025-12-23 10:39:20] Server #14: No pending emails, attempting to claim new email...
[2025-12-23 10:39:20] claimNextEmail: Executing SELECT from imported_recipients (offset=561)
[2025-12-23 10:39:20] claimNextEmail: Query result: SUCCESS rows=0 error=
[2025-12-23 10:39:20] claimNextEmail: First attempt returned no rows, checking if we should retry without offset (offset=561)
[2025-12-23 10:39:20] claimNextEmail: Retrying from beginning (offset=0)
[2025-12-23 10:39:20] claimNextEmail: Retry SELECT from imported_recipients (offset=0)
[2025-12-23 10:39:20] claimNextEmail: Retry result: SUCCESS rows=1 error=
[2025-12-23 10:39:20] claimNextEmail: Found row, fetching data...
[2025-12-23 10:39:20] claimNextEmail: attempting to claim panchalpavan800@gmail.com (email.id=11154, csv_list_id=NULL, import_batch_id='BATCH_20251222_173732_69493484ef2b8', depth=0)
[2025-12-23 10:39:20] claimNextEmail: Double-checking if panchalpavan800@gmail.com already exists in mail_blaster...
[2025-12-23 10:39:20] claimNextEmail: Double-check result: 0 rows
[2025-12-23 10:39:20] claimNextEmail: Inserting into mail_blaster to claim panchalpavan800@gmail.com...
[2025-12-23 10:39:20] claimNextEmail: Connection status: ALIVE
[2025-12-23 10:39:20] claimNextEmail: Preparing INSERT statement...
[2025-12-23 10:39:20] claimNextEmail: Binding parameters...
[2025-12-23 10:39:20] claimNextEmail: Executing statement...
[2025-12-23 10:39:20] claimNextEmail: Statement executed!
[2025-12-23 10:39:20] claimNextEmail: Insert result: SUCCESS error= errno=0
[2025-12-23 10:39:20] claimNextEmail: Committing transaction...
[2025-12-23 10:39:20] claimNextEmail: ✓ successfully claimed panchalpavan800@gmail.com
[2025-12-23 10:39:20] Server #14: claimNextEmail returned: SUCCESS
[2025-12-23 10:39:20] Server #14: Claimed NEW email: panchalpavan800@gmail.com (csv_list_id=) -> assigned to account #30 (pavan@relyonsoft.info)
[2025-12-23 10:39:20] Server #14: Sending to panchalpavan800@gmail.com via account #30 (pavan@relyonsoft.info) on relyonsoft.info:465
[2025-12-23 10:39:20] Sending email - send_as_html: 1, detectedHtml: true, isHTML: true, ContentType: text/html
[2025-12-23 10:39:20] Image not found: Relyon-logo-tm.png (resolved: null)
[2025-12-23 10:39:20] Image not found: Facebook-Icon.png (resolved: null)
[2025-12-23 10:39:20] Image not found: icon.png (resolved: null)
[2025-12-23 10:39:20] Image not found: linkedin-icon.png (resolved: null)
[2025-12-23 10:39:20] Final ContentType before send: text/html
[2025-12-23 10:39:20] Worker start argv=["\/opt\/lampp\/htdocs\/verify_emails\/MailPilot_CRM_S\/backend\/includes\/email_blast_worker.php","32","","{\"server_id\":15,\"host\":\"relyonmail.xyz\",\"port\":\"465\",\"encryption\":\"ssl\",\"received_email\":\"pavankumar.c@relyonsoft.com\"}","{\"campaign_id\":\"32\",\"csv_list_id\":null,\"import_batch_id\":\"BATCH_20251222_173732_69493484ef2b8\",\"template_id\":\"3\",\"description\":\"testing\",\"mail_subject\":\"eamil subject\",\"mail_body\":\"\",\"attachment_path\":null,\"send_as_html\":\"1\",\"images_paths\":null}"]
[2025-12-23 10:39:20] Worker for server #15 starting with Import Batch ID: BATCH_20251222_173732_69493484ef2b8
[2025-12-23 10:39:20] Server config: {"server_id":15,"host":"relyonmail.xyz","port":"465","encryption":"ssl","received_email":"pavankumar.c@relyonsoft.com"}
[2025-12-23 10:39:20] Server #15 loaded 23 accounts
[2025-12-23 10:39:20] Server #15: eligible_emails_from_import=3
[2025-12-23 10:39:20] Server #15: eligible_emails=3 pending_in_mail_blaster=1
[2025-12-23 10:39:20] Server #15: Starting send loop for campaign #32
[2025-12-23 10:39:20] Server #15: Selected account #32 (praveen@relyonmail.xyz) - within limits
[2025-12-23 10:39:20] Server #15: Checking for pending/retry emails...
[2025-12-23 10:39:20] fetchNextPending: Found pending email panchalpavan800@gmail.com (attempt #0, csv_list_id=)
[2025-12-23 10:39:20] Server #15: Found pending/retry email: panchalpavan800@gmail.com (attempt #0, csv_list_id=)
[2025-12-23 10:39:20] Server #15: Assigned pending panchalpavan800@gmail.com to account #32 (praveen@relyonmail.xyz)
[2025-12-23 10:39:20] Server #15: Sending to panchalpavan800@gmail.com via account #32 (praveen@relyonmail.xyz) on relyonmail.xyz:465
[2025-12-23 10:39:20] Sending email - send_as_html: 1, detectedHtml: true, isHTML: true, ContentType: text/html
[2025-12-23 10:39:20] Image not found: Relyon-logo-tm.png (resolved: null)
[2025-12-23 10:39:20] Image not found: Facebook-Icon.png (resolved: null)
[2025-12-23 10:39:20] Image not found: icon.png (resolved: null)
[2025-12-23 10:39:20] Image not found: linkedin-icon.png (resolved: null)
[2025-12-23 10:39:20] Final ContentType before send: text/html
[2025-12-23 10:39:20] Worker start argv=["\/opt\/lampp\/htdocs\/verify_emails\/MailPilot_CRM_S\/backend\/includes\/email_blast_worker.php","32","","{\"server_id\":16,\"host\":\"payrollsoft.in\",\"port\":\"465\",\"encryption\":\"ssl\",\"received_email\":\"pavankumar.c@relyonsoft.com\"}","{\"campaign_id\":\"32\",\"csv_list_id\":null,\"import_batch_id\":\"BATCH_20251222_173732_69493484ef2b8\",\"template_id\":\"3\",\"description\":\"testing\",\"mail_subject\":\"eamil subject\",\"mail_body\":\"\",\"attachment_path\":null,\"send_as_html\":\"1\",\"images_paths\":null}"]
[2025-12-23 10:39:20] Worker for server #16 starting with Import Batch ID: BATCH_20251222_173732_69493484ef2b8
[2025-12-23 10:39:20] Server config: {"server_id":16,"host":"payrollsoft.in","port":"465","encryption":"ssl","received_email":"pavankumar.c@relyonsoft.com"}
[2025-12-23 10:39:20] Server #16 loaded 23 accounts
[2025-12-23 10:39:20] Server #16: eligible_emails_from_import=3
[2025-12-23 10:39:20] Server #16: eligible_emails=3 pending_in_mail_blaster=1
[2025-12-23 10:39:20] Server #16: Starting send loop for campaign #32
[2025-12-23 10:39:20] Server #16: Selected account #33 (praveen@payrollsoft.in) - within limits
[2025-12-23 10:39:20] Server #16: Checking for pending/retry emails...
[2025-12-23 10:39:20] fetchNextPending: Found pending email panchalpavan800@gmail.com (attempt #0, csv_list_id=)
[2025-12-23 10:39:20] Server #16: Found pending/retry email: panchalpavan800@gmail.com (attempt #0, csv_list_id=)
[2025-12-23 10:39:20] Server #16: Assigned pending panchalpavan800@gmail.com to account #33 (praveen@payrollsoft.in)
[2025-12-23 10:39:20] Server #16: Sending to panchalpavan800@gmail.com via account #33 (praveen@payrollsoft.in) on payrollsoft.in:465
[2025-12-23 10:39:21] Sending email - send_as_html: 1, detectedHtml: true, isHTML: true, ContentType: text/html
[2025-12-23 10:39:21] Image not found: Relyon-logo-tm.png (resolved: null)
[2025-12-23 10:39:21] Image not found: Facebook-Icon.png (resolved: null)
[2025-12-23 10:39:21] Image not found: icon.png (resolved: null)
[2025-12-23 10:39:21] Image not found: linkedin-icon.png (resolved: null)
[2025-12-23 10:39:21] Final ContentType before send: text/html
[2025-12-23 10:39:21] Worker start argv=["\/opt\/lampp\/htdocs\/verify_emails\/MailPilot_CRM_S\/backend\/includes\/email_blast_worker.php","32","","{\"server_id\":17,\"host\":\"relyonmails1.com\",\"port\":\"465\",\"encryption\":\"ssl\",\"received_email\":\"pavankumar.c@relyonsoft.com\"}","{\"campaign_id\":\"32\",\"csv_list_id\":null,\"import_batch_id\":\"BATCH_20251222_173732_69493484ef2b8\",\"template_id\":\"3\",\"description\":\"testing\",\"mail_subject\":\"eamil subject\",\"mail_body\":\"\",\"attachment_path\":null,\"send_as_html\":\"1\",\"images_paths\":null}"]
[2025-12-23 10:39:21] Worker for server #17 starting with Import Batch ID: BATCH_20251222_173732_69493484ef2b8
[2025-12-23 10:39:21] Server config: {"server_id":17,"host":"relyonmails1.com","port":"465","encryption":"ssl","received_email":"pavankumar.c@relyonsoft.com"}
[2025-12-23 10:39:21] Server #17 loaded 23 accounts
[2025-12-23 10:39:21] Server #17: eligible_emails_from_import=3
[2025-12-23 10:39:21] Server #17: eligible_emails=3 pending_in_mail_blaster=1
[2025-12-23 10:39:21] Server #17: Starting send loop for campaign #32
[2025-12-23 10:39:21] Server #17: Selected account #34 (praveen@relyonmails1.com) - within limits
[2025-12-23 10:39:21] Server #17: Checking for pending/retry emails...
[2025-12-23 10:39:21] fetchNextPending: Found pending email panchalpavan800@gmail.com (attempt #0, csv_list_id=)
[2025-12-23 10:39:21] Server #17: Found pending/retry email: panchalpavan800@gmail.com (attempt #0, csv_list_id=)
[2025-12-23 10:39:21] Server #17: Assigned pending panchalpavan800@gmail.com to account #34 (praveen@relyonmails1.com)
[2025-12-23 10:39:21] Server #17: Sending to panchalpavan800@gmail.com via account #34 (praveen@relyonmails1.com) on relyonmails1.com:465
[2025-12-23 10:39:21] Sending email - send_as_html: 1, detectedHtml: true, isHTML: true, ContentType: text/html
[2025-12-23 10:39:21] Image not found: Relyon-logo-tm.png (resolved: null)
[2025-12-23 10:39:21] Image not found: Facebook-Icon.png (resolved: null)
[2025-12-23 10:39:21] Image not found: icon.png (resolved: null)
[2025-12-23 10:39:21] Image not found: linkedin-icon.png (resolved: null)
[2025-12-23 10:39:21] Final ContentType before send: text/html
[2025-12-23 10:39:21] Worker start argv=["\/opt\/lampp\/htdocs\/verify_emails\/MailPilot_CRM_S\/backend\/includes\/email_blast_worker.php","32","","{\"server_id\":18,\"host\":\"relyonmails3.com\",\"port\":\"465\",\"encryption\":\"ssl\",\"received_email\":\"pavankumar.c@relyonsoft.com\"}","{\"campaign_id\":\"32\",\"csv_list_id\":null,\"import_batch_id\":\"BATCH_20251222_173732_69493484ef2b8\",\"template_id\":\"3\",\"description\":\"testing\",\"mail_subject\":\"eamil subject\",\"mail_body\":\"\",\"attachment_path\":null,\"send_as_html\":\"1\",\"images_paths\":null}"]
[2025-12-23 10:39:21] Worker for server #18 starting with Import Batch ID: BATCH_20251222_173732_69493484ef2b8
[2025-12-23 10:39:21] Server config: {"server_id":18,"host":"relyonmails3.com","port":"465","encryption":"ssl","received_email":"pavankumar.c@relyonsoft.com"}
[2025-12-23 10:39:21] Server #18 loaded 23 accounts
[2025-12-23 10:39:21] Server #18: eligible_emails_from_import=3
[2025-12-23 10:39:21] Server #18: eligible_emails=3 pending_in_mail_blaster=1
[2025-12-23 10:39:21] Server #18: Starting send loop for campaign #32
[2025-12-23 10:39:21] Server #18: Selected account #35 (praveen@relyonmails3.com) - within limits
[2025-12-23 10:39:21] Server #18: Checking for pending/retry emails...
[2025-12-23 10:39:21] fetchNextPending: Found pending email panchalpavan800@gmail.com (attempt #0, csv_list_id=)
[2025-12-23 10:39:21] Server #18: Found pending/retry email: panchalpavan800@gmail.com (attempt #0, csv_list_id=)
[2025-12-23 10:39:21] Server #18: Assigned pending panchalpavan800@gmail.com to account #35 (praveen@relyonmails3.com)
[2025-12-23 10:39:21] Server #18: Sending to panchalpavan800@gmail.com via account #35 (praveen@relyonmails3.com) on relyonmails3.com:465
[2025-12-23 10:39:21] Sending email - send_as_html: 1, detectedHtml: true, isHTML: true, ContentType: text/html
[2025-12-23 10:39:21] Image not found: Relyon-logo-tm.png (resolved: null)
[2025-12-23 10:39:21] Image not found: Facebook-Icon.png (resolved: null)
[2025-12-23 10:39:21] Image not found: icon.png (resolved: null)
[2025-12-23 10:39:21] Image not found: linkedin-icon.png (resolved: null)
[2025-12-23 10:39:21] Final ContentType before send: text/html
[2025-12-23 10:39:21] Worker start argv=["\/opt\/lampp\/htdocs\/verify_emails\/MailPilot_CRM_S\/backend\/includes\/email_blast_worker.php","32","","{\"server_id\":19,\"host\":\"relyonmails2.com\",\"port\":\"465\",\"encryption\":\"ssl\",\"received_email\":\"pavankumar.c@relyonsoft.com\"}","{\"campaign_id\":\"32\",\"csv_list_id\":null,\"import_batch_id\":\"BATCH_20251222_173732_69493484ef2b8\",\"template_id\":\"3\",\"description\":\"testing\",\"mail_subject\":\"eamil subject\",\"mail_body\":\"\",\"attachment_path\":null,\"send_as_html\":\"1\",\"images_paths\":null}"]
[2025-12-23 10:39:21] Worker for server #19 starting with Import Batch ID: BATCH_20251222_173732_69493484ef2b8
[2025-12-23 10:39:21] Server config: {"server_id":19,"host":"relyonmails2.com","port":"465","encryption":"ssl","received_email":"pavankumar.c@relyonsoft.com"}
[2025-12-23 10:39:21] Server #19 loaded 23 accounts
[2025-12-23 10:39:21] Server #19: eligible_emails_from_import=3
[2025-12-23 10:39:21] Server #19: eligible_emails=3 pending_in_mail_blaster=1
[2025-12-23 10:39:21] Server #19: Starting send loop for campaign #32
[2025-12-23 10:39:21] Server #19: Selected account #36 (praveen@relyonmails2.com) - within limits
[2025-12-23 10:39:21] Server #19: Checking for pending/retry emails...
[2025-12-23 10:39:21] fetchNextPending: Found pending email panchalpavan800@gmail.com (attempt #0, csv_list_id=)
[2025-12-23 10:39:21] Server #19: Found pending/retry email: panchalpavan800@gmail.com (attempt #0, csv_list_id=)
[2025-12-23 10:39:21] Server #19: Assigned pending panchalpavan800@gmail.com to account #36 (praveen@relyonmails2.com)
[2025-12-23 10:39:21] Server #19: Sending to panchalpavan800@gmail.com via account #36 (praveen@relyonmails2.com) on relyonmails2.com:465
[2025-12-23 10:39:21] Sending email - send_as_html: 1, detectedHtml: true, isHTML: true, ContentType: text/html
[2025-12-23 10:39:21] Image not found: Relyon-logo-tm.png (resolved: null)
[2025-12-23 10:39:21] Image not found: Facebook-Icon.png (resolved: null)
[2025-12-23 10:39:21] Image not found: icon.png (resolved: null)
[2025-12-23 10:39:21] Image not found: linkedin-icon.png (resolved: null)
[2025-12-23 10:39:21] Final ContentType before send: text/html
[2025-12-23 10:39:21] Worker start argv=["\/opt\/lampp\/htdocs\/verify_emails\/MailPilot_CRM_S\/backend\/includes\/email_blast_worker.php","32","","{\"server_id\":20,\"host\":\"relyonmail.online\",\"port\":\"465\",\"encryption\":\"ssl\",\"received_email\":\"pavankumar.c@relyonsoft.com\"}","{\"campaign_id\":\"32\",\"csv_list_id\":null,\"import_batch_id\":\"BATCH_20251222_173732_69493484ef2b8\",\"template_id\":\"3\",\"description\":\"testing\",\"mail_subject\":\"eamil subject\",\"mail_body\":\"\",\"attachment_path\":null,\"send_as_html\":\"1\",\"images_paths\":null}"]
[2025-12-23 10:39:21] Worker for server #20 starting with Import Batch ID: BATCH_20251222_173732_69493484ef2b8
[2025-12-23 10:39:21] Server config: {"server_id":20,"host":"relyonmail.online","port":"465","encryption":"ssl","received_email":"pavankumar.c@relyonsoft.com"}
[2025-12-23 10:39:21] Server #20 loaded 23 accounts
[2025-12-23 10:39:21] Server #20: eligible_emails_from_import=3
[2025-12-23 10:39:21] Server #20: eligible_emails=3 pending_in_mail_blaster=1
[2025-12-23 10:39:21] Server #20: Starting send loop for campaign #32
[2025-12-23 10:39:21] Server #20: Selected account #37 (praveen@relyonmail.online) - within limits
[2025-12-23 10:39:21] Server #20: Checking for pending/retry emails...
[2025-12-23 10:39:21] fetchNextPending: Found pending email panchalpavan800@gmail.com (attempt #0, csv_list_id=)
[2025-12-23 10:39:21] Server #20: Found pending/retry email: panchalpavan800@gmail.com (attempt #0, csv_list_id=)
[2025-12-23 10:39:21] Server #20: Assigned pending panchalpavan800@gmail.com to account #37 (praveen@relyonmail.online)
[2025-12-23 10:39:21] Server #20: Sending to panchalpavan800@gmail.com via account #37 (praveen@relyonmail.online) on relyonmail.online:465
[2025-12-23 10:39:21] Sending email - send_as_html: 1, detectedHtml: true, isHTML: true, ContentType: text/html
[2025-12-23 10:39:21] Image not found: Relyon-logo-tm.png (resolved: null)
[2025-12-23 10:39:21] Image not found: Facebook-Icon.png (resolved: null)
[2025-12-23 10:39:21] Image not found: icon.png (resolved: null)
[2025-12-23 10:39:21] Image not found: linkedin-icon.png (resolved: null)
[2025-12-23 10:39:21] Final ContentType before send: text/html
[2025-12-23 10:39:21] Server #14: ✗ FAILED (attempt #0/5) to panchalpavan800@gmail.com via account #30 (pavan@relyonsoft.info) - Will retry. Error: SMTP Error: Could not connect to SMTP host. Failed to connect to server
[2025-12-23 10:39:21] Server #14: Selected account #31 (praveen@relyonsoft.info) - within limits
[2025-12-23 10:39:21] Server #14: Checking for pending/retry emails...
[2025-12-23 10:39:21] fetchNextPending: Found pending email panchalpavan800@gmail.com (attempt #1, csv_list_id=)
[2025-12-23 10:39:21] Server #14: Found pending/retry email: panchalpavan800@gmail.com (attempt #1, csv_list_id=)
[2025-12-23 10:39:21] Server #14: Assigned pending panchalpavan800@gmail.com to account #31 (praveen@relyonsoft.info)
[2025-12-23 10:39:21] Server #14: Sending to panchalpavan800@gmail.com via account #31 (praveen@relyonsoft.info) on relyonsoft.info:465
[2025-12-23 10:39:21] Sending email - send_as_html: 1, detectedHtml: true, isHTML: true, ContentType: text/html
[2025-12-23 10:39:21] Image not found: Relyon-logo-tm.png (resolved: null)
[2025-12-23 10:39:21] Image not found: Facebook-Icon.png (resolved: null)
[2025-12-23 10:39:21] Image not found: icon.png (resolved: null)
[2025-12-23 10:39:21] Image not found: linkedin-icon.png (resolved: null)
[2025-12-23 10:39:21] Final ContentType before send: text/html
[2025-12-23 10:39:21] Server #20: ✗ FAILED (attempt #1/5) to panchalpavan800@gmail.com via account #37 (praveen@relyonmail.online) - Will retry. Error: SMTP Error: Could not connect to SMTP host. Failed to connect to server
[2025-12-23 10:39:21] Server #20: Selected account #44 (chethan@relyonmail.online) - within limits
[2025-12-23 10:39:21] Server #20: Checking for pending/retry emails...
[2025-12-23 10:39:21] fetchNextPending: Found pending email panchalpavan800@gmail.com (attempt #2, csv_list_id=)
[2025-12-23 10:39:21] Server #20: Found pending/retry email: panchalpavan800@gmail.com (attempt #2, csv_list_id=)
[2025-12-23 10:39:21] Server #20: Assigned pending panchalpavan800@gmail.com to account #44 (chethan@relyonmail.online)
[2025-12-23 10:39:21] Server #20: Sending to panchalpavan800@gmail.com via account #44 (chethan@relyonmail.online) on relyonmail.online:465
[2025-12-23 10:39:21] Sending email - send_as_html: 1, detectedHtml: true, isHTML: true, ContentType: text/html
[2025-12-23 10:39:21] Image not found: Relyon-logo-tm.png (resolved: null)
[2025-12-23 10:39:21] Image not found: Facebook-Icon.png (resolved: null)
[2025-12-23 10:39:21] Image not found: icon.png (resolved: null)
[2025-12-23 10:39:21] Image not found: linkedin-icon.png (resolved: null)
[2025-12-23 10:39:21] Final ContentType before send: text/html
[2025-12-23 10:39:21] Server #14: ✗ FAILED (attempt #2/5) to panchalpavan800@gmail.com via account #31 (praveen@relyonsoft.info) - Will retry. Error: SMTP Error: Could not connect to SMTP host. Failed to connect to server
[2025-12-23 10:39:21] Server #14: Selected account #38 (chethan@relyonsoft.info) - within limits
[2025-12-23 10:39:21] Server #14: Checking for pending/retry emails...
[2025-12-23 10:39:21] fetchNextPending: Found pending email panchalpavan800@gmail.com (attempt #3, csv_list_id=)
[2025-12-23 10:39:21] Server #14: Found pending/retry email: panchalpavan800@gmail.com (attempt #3, csv_list_id=)
[2025-12-23 10:39:21] Server #14: Assigned pending panchalpavan800@gmail.com to account #38 (chethan@relyonsoft.info)
[2025-12-23 10:39:21] Server #14: Sending to panchalpavan800@gmail.com via account #38 (chethan@relyonsoft.info) on relyonsoft.info:465
[2025-12-23 10:39:21] Sending email - send_as_html: 1, detectedHtml: true, isHTML: true, ContentType: text/html
[2025-12-23 10:39:21] Image not found: Relyon-logo-tm.png (resolved: null)
[2025-12-23 10:39:21] Image not found: Facebook-Icon.png (resolved: null)
[2025-12-23 10:39:21] Image not found: icon.png (resolved: null)
[2025-12-23 10:39:21] Image not found: linkedin-icon.png (resolved: null)
[2025-12-23 10:39:21] Final ContentType before send: text/html
[2025-12-23 10:39:21] Server #20: ✗ FAILED (attempt #3/5) to panchalpavan800@gmail.com via account #44 (chethan@relyonmail.online) - Will retry. Error: SMTP Error: Could not connect to SMTP host. Failed to connect to server
[2025-12-23 10:39:21] Server #20: Selected account #51 (divya@relyonmail.online) - within limits
[2025-12-23 10:39:21] Server #20: Checking for pending/retry emails...
[2025-12-23 10:39:21] fetchNextPending: Found pending email panchalpavan800@gmail.com (attempt #4, csv_list_id=)
[2025-12-23 10:39:21] Server #20: Found pending/retry email: panchalpavan800@gmail.com (attempt #4, csv_list_id=)
[2025-12-23 10:39:21] Server #20: Assigned pending panchalpavan800@gmail.com to account #51 (divya@relyonmail.online)
[2025-12-23 10:39:21] Server #20: Sending to panchalpavan800@gmail.com via account #51 (divya@relyonmail.online) on relyonmail.online:465
[2025-12-23 10:39:21] Sending email - send_as_html: 1, detectedHtml: true, isHTML: true, ContentType: text/html
[2025-12-23 10:39:21] Image not found: Relyon-logo-tm.png (resolved: null)
[2025-12-23 10:39:21] Image not found: Facebook-Icon.png (resolved: null)
[2025-12-23 10:39:21] Image not found: icon.png (resolved: null)
[2025-12-23 10:39:21] Image not found: linkedin-icon.png (resolved: null)
[2025-12-23 10:39:21] Final ContentType before send: text/html
[2025-12-23 10:39:22] Server #20: ✗ FAILED (attempt #4/5) to panchalpavan800@gmail.com via account #51 (divya@relyonmail.online) - Will retry. Error: SMTP Error: Could not connect to SMTP host. Failed to connect to server
[2025-12-23 10:39:22] Server #20: Selected account #58 (veena@relyonmail.online) - within limits
[2025-12-23 10:39:22] Server #20: Checking for pending/retry emails...
[2025-12-23 10:39:22] fetchNextPending: No pending/failed emails in queue
[2025-12-23 10:39:22] Server #20: No pending emails, attempting to claim new email...
[2025-12-23 10:39:22] claimNextEmail: Executing SELECT from imported_recipients (offset=616)
[2025-12-23 10:39:22] claimNextEmail: Query result: SUCCESS rows=0 error=
[2025-12-23 10:39:22] claimNextEmail: First attempt returned no rows, checking if we should retry without offset (offset=616)
[2025-12-23 10:39:22] claimNextEmail: Retrying from beginning (offset=0)
[2025-12-23 10:39:22] claimNextEmail: Retry SELECT from imported_recipients (offset=0)
[2025-12-23 10:39:22] claimNextEmail: Retry result: SUCCESS rows=1 error=
[2025-12-23 10:39:22] claimNextEmail: Found row, fetching data...
[2025-12-23 10:39:22] claimNextEmail: attempting to claim panchalpavan7090@gmail.com (email.id=11155, csv_list_id=NULL, import_batch_id='BATCH_20251222_173732_69493484ef2b8', depth=0)
[2025-12-23 10:39:22] claimNextEmail: Double-checking if panchalpavan7090@gmail.com already exists in mail_blaster...
[2025-12-23 10:39:22] claimNextEmail: Double-check result: 0 rows
[2025-12-23 10:39:22] claimNextEmail: Inserting into mail_blaster to claim panchalpavan7090@gmail.com...
[2025-12-23 10:39:22] claimNextEmail: Connection status: ALIVE
[2025-12-23 10:39:22] claimNextEmail: Preparing INSERT statement...
[2025-12-23 10:39:22] claimNextEmail: Binding parameters...
[2025-12-23 10:39:22] claimNextEmail: Executing statement...
[2025-12-23 10:39:22] claimNextEmail: Statement executed!
[2025-12-23 10:39:22] claimNextEmail: Insert result: SUCCESS error= errno=0
[2025-12-23 10:39:22] claimNextEmail: Committing transaction...
[2025-12-23 10:39:22] claimNextEmail: ✓ successfully claimed panchalpavan7090@gmail.com
[2025-12-23 10:39:22] Server #20: claimNextEmail returned: SUCCESS
[2025-12-23 10:39:22] Server #20: Claimed NEW email: panchalpavan7090@gmail.com (csv_list_id=) -> assigned to account #58 (veena@relyonmail.online)
[2025-12-23 10:39:22] Server #20: Sending to panchalpavan7090@gmail.com via account #58 (veena@relyonmail.online) on relyonmail.online:465
[2025-12-23 10:39:22] Sending email - send_as_html: 1, detectedHtml: true, isHTML: true, ContentType: text/html
[2025-12-23 10:39:22] Image not found: Relyon-logo-tm.png (resolved: null)
[2025-12-23 10:39:22] Image not found: Facebook-Icon.png (resolved: null)
[2025-12-23 10:39:22] Image not found: icon.png (resolved: null)
[2025-12-23 10:39:22] Image not found: linkedin-icon.png (resolved: null)
[2025-12-23 10:39:22] Final ContentType before send: text/html
[2025-12-23 10:39:22] Server #14: ✗ PERMANENT FAILURE to panchalpavan800@gmail.com via account #38 (chethan@relyonsoft.info) after 5 attempts - Error: SMTP Error: Could not connect to SMTP host. Failed to connect to server
[2025-12-23 10:39:22] Server #14: Selected account #45 (divya@relyonsoft.info) - within limits
[2025-12-23 10:39:22] Server #14: Checking for pending/retry emails...
[2025-12-23 10:39:22] fetchNextPending: Found pending email panchalpavan7090@gmail.com (attempt #0, csv_list_id=)
[2025-12-23 10:39:22] Server #14: Found pending/retry email: panchalpavan7090@gmail.com (attempt #0, csv_list_id=)
[2025-12-23 10:39:22] Server #14: Assigned pending panchalpavan7090@gmail.com to account #45 (divya@relyonsoft.info)
[2025-12-23 10:39:22] Server #14: Sending to panchalpavan7090@gmail.com via account #45 (divya@relyonsoft.info) on relyonsoft.info:465
[2025-12-23 10:39:22] Sending email - send_as_html: 1, detectedHtml: true, isHTML: true, ContentType: text/html
[2025-12-23 10:39:22] Image not found: Relyon-logo-tm.png (resolved: null)
[2025-12-23 10:39:22] Image not found: Facebook-Icon.png (resolved: null)
[2025-12-23 10:39:22] Image not found: icon.png (resolved: null)
[2025-12-23 10:39:22] Image not found: linkedin-icon.png (resolved: null)
[2025-12-23 10:39:22] Final ContentType before send: text/html
[2025-12-23 10:39:22] Server #20: ✗ FAILED (attempt #0/5) to panchalpavan7090@gmail.com via account #58 (veena@relyonmail.online) - Will retry. Error: SMTP Error: Could not connect to SMTP host. Failed to connect to server
[2025-12-23 10:39:22] Server #20: Selected account #65 (richa@relyonmail.online) - within limits
[2025-12-23 10:39:22] Server #20: Checking for pending/retry emails...
[2025-12-23 10:39:22] fetchNextPending: Found pending email panchalpavan7090@gmail.com (attempt #1, csv_list_id=)
[2025-12-23 10:39:22] Server #20: Found pending/retry email: panchalpavan7090@gmail.com (attempt #1, csv_list_id=)
[2025-12-23 10:39:22] Server #20: Assigned pending panchalpavan7090@gmail.com to account #65 (richa@relyonmail.online)
[2025-12-23 10:39:22] Server #20: Sending to panchalpavan7090@gmail.com via account #65 (richa@relyonmail.online) on relyonmail.online:465
[2025-12-23 10:39:22] Sending email - send_as_html: 1, detectedHtml: true, isHTML: true, ContentType: text/html
[2025-12-23 10:39:22] Image not found: Relyon-logo-tm.png (resolved: null)
[2025-12-23 10:39:22] Image not found: Facebook-Icon.png (resolved: null)
[2025-12-23 10:39:22] Image not found: icon.png (resolved: null)
[2025-12-23 10:39:22] Image not found: linkedin-icon.png (resolved: null)
[2025-12-23 10:39:22] Final ContentType before send: text/html
[2025-12-23 10:39:22] Server #20: ✗ FAILED (attempt #1/5) to panchalpavan7090@gmail.com via account #65 (richa@relyonmail.online) - Will retry. Error: SMTP Error: Could not connect to SMTP host. Failed to connect to server
[2025-12-23 10:39:22] Server #20: Selected account #72 (navya@relyonmail.online) - within limits
[2025-12-23 10:39:22] Server #20: Checking for pending/retry emails...
[2025-12-23 10:39:22] fetchNextPending: Found pending email panchalpavan7090@gmail.com (attempt #2, csv_list_id=)
[2025-12-23 10:39:22] Server #20: Found pending/retry email: panchalpavan7090@gmail.com (attempt #2, csv_list_id=)
[2025-12-23 10:39:22] Server #20: Assigned pending panchalpavan7090@gmail.com to account #72 (navya@relyonmail.online)
[2025-12-23 10:39:22] Server #20: Sending to panchalpavan7090@gmail.com via account #72 (navya@relyonmail.online) on relyonmail.online:465
[2025-12-23 10:39:22] Sending email - send_as_html: 1, detectedHtml: true, isHTML: true, ContentType: text/html
[2025-12-23 10:39:22] Image not found: Relyon-logo-tm.png (resolved: null)
[2025-12-23 10:39:22] Image not found: Facebook-Icon.png (resolved: null)
[2025-12-23 10:39:22] Image not found: icon.png (resolved: null)
[2025-12-23 10:39:22] Image not found: linkedin-icon.png (resolved: null)
[2025-12-23 10:39:22] Final ContentType before send: text/html
[2025-12-23 10:39:22] Server #20: ✗ FAILED (attempt #2/5) to panchalpavan7090@gmail.com via account #72 (navya@relyonmail.online) - Will retry. Error: SMTP Error: Could not connect to SMTP host. Failed to connect to server
[2025-12-23 10:39:22] Server #20: Selected account #79 (ankitha@relyonmail.online) - within limits
[2025-12-23 10:39:22] Server #20: Checking for pending/retry emails...
[2025-12-23 10:39:22] fetchNextPending: Found pending email panchalpavan7090@gmail.com (attempt #3, csv_list_id=)
[2025-12-23 10:39:22] Server #20: Found pending/retry email: panchalpavan7090@gmail.com (attempt #3, csv_list_id=)
[2025-12-23 10:39:22] Server #20: Assigned pending panchalpavan7090@gmail.com to account #79 (ankitha@relyonmail.online)
[2025-12-23 10:39:22] Server #20: Sending to panchalpavan7090@gmail.com via account #79 (ankitha@relyonmail.online) on relyonmail.online:465
[2025-12-23 10:39:22] Sending email - send_as_html: 1, detectedHtml: true, isHTML: true, ContentType: text/html
[2025-12-23 10:39:22] Image not found: Relyon-logo-tm.png (resolved: null)
[2025-12-23 10:39:22] Image not found: Facebook-Icon.png (resolved: null)
[2025-12-23 10:39:22] Image not found: icon.png (resolved: null)
[2025-12-23 10:39:22] Image not found: linkedin-icon.png (resolved: null)
[2025-12-23 10:39:22] Final ContentType before send: text/html
[2025-12-23 10:39:23] Server #20: ✗ FAILED (attempt #3/5) to panchalpavan7090@gmail.com via account #79 (ankitha@relyonmail.online) - Will retry. Error: SMTP Error: Could not connect to SMTP host. Failed to connect to server
[2025-12-23 10:39:23] Server #20: Selected account #86 (vani@relyonmail.online) - within limits
[2025-12-23 10:39:23] Server #20: Checking for pending/retry emails...
[2025-12-23 10:39:23] fetchNextPending: Found pending email panchalpavan7090@gmail.com (attempt #4, csv_list_id=)
[2025-12-23 10:39:23] Server #20: Found pending/retry email: panchalpavan7090@gmail.com (attempt #4, csv_list_id=)
[2025-12-23 10:39:23] Server #20: Assigned pending panchalpavan7090@gmail.com to account #86 (vani@relyonmail.online)
[2025-12-23 10:39:23] Server #20: Sending to panchalpavan7090@gmail.com via account #86 (vani@relyonmail.online) on relyonmail.online:465
[2025-12-23 10:39:23] Sending email - send_as_html: 1, detectedHtml: true, isHTML: true, ContentType: text/html
[2025-12-23 10:39:23] Image not found: Relyon-logo-tm.png (resolved: null)
[2025-12-23 10:39:23] Image not found: Facebook-Icon.png (resolved: null)
[2025-12-23 10:39:23] Image not found: icon.png (resolved: null)
[2025-12-23 10:39:23] Image not found: linkedin-icon.png (resolved: null)
[2025-12-23 10:39:23] Final ContentType before send: text/html
[2025-12-23 10:39:23] Server #20: ✗ FAILED (attempt #4/5) to panchalpavan7090@gmail.com via account #86 (vani@relyonmail.online) - Will retry. Error: SMTP Error: Could not connect to SMTP host. Failed to connect to server
[2025-12-23 10:39:23] Server #20: Selected account #93 (david@relyonmail.online) - within limits
[2025-12-23 10:39:23] Server #20: Checking for pending/retry emails...
[2025-12-23 10:39:23] fetchNextPending: No pending/failed emails in queue
[2025-12-23 10:39:23] Server #20: No pending emails, attempting to claim new email...
[2025-12-23 10:39:23] claimNextEmail: Executing SELECT from imported_recipients (offset=445)
[2025-12-23 10:39:23] claimNextEmail: Query result: SUCCESS rows=0 error=
[2025-12-23 10:39:23] claimNextEmail: First attempt returned no rows, checking if we should retry without offset (offset=445)
[2025-12-23 10:39:23] claimNextEmail: Retrying from beginning (offset=0)
[2025-12-23 10:39:23] claimNextEmail: Retry SELECT from imported_recipients (offset=0)
[2025-12-23 10:39:23] claimNextEmail: Retry result: SUCCESS rows=1 error=
[2025-12-23 10:39:23] claimNextEmail: Found row, fetching data...
[2025-12-23 10:39:23] claimNextEmail: attempting to claim pavankumar.c@relyonsoft.com (email.id=11156, csv_list_id=NULL, import_batch_id='BATCH_20251222_173732_69493484ef2b8', depth=0)
[2025-12-23 10:39:23] claimNextEmail: Double-checking if pavankumar.c@relyonsoft.com already exists in mail_blaster...
[2025-12-23 10:39:23] claimNextEmail: Double-check result: 0 rows
[2025-12-23 10:39:23] claimNextEmail: Inserting into mail_blaster to claim pavankumar.c@relyonsoft.com...
[2025-12-23 10:39:23] claimNextEmail: Connection status: ALIVE
[2025-12-23 10:39:23] claimNextEmail: Preparing INSERT statement...
[2025-12-23 10:39:23] claimNextEmail: Binding parameters...
[2025-12-23 10:39:23] claimNextEmail: Executing statement...
[2025-12-23 10:39:23] claimNextEmail: Statement executed!
[2025-12-23 10:39:23] claimNextEmail: Insert result: SUCCESS error= errno=0
[2025-12-23 10:39:23] claimNextEmail: Committing transaction...
[2025-12-23 10:39:23] claimNextEmail: ✓ successfully claimed pavankumar.c@relyonsoft.com
[2025-12-23 10:39:23] Server #20: claimNextEmail returned: SUCCESS
[2025-12-23 10:39:23] Server #20: Claimed NEW email: pavankumar.c@relyonsoft.com (csv_list_id=) -> assigned to account #93 (david@relyonmail.online)
[2025-12-23 10:39:23] Server #20: Sending to pavankumar.c@relyonsoft.com via account #93 (david@relyonmail.online) on relyonmail.online:465
[2025-12-23 10:39:23] Sending email - send_as_html: 1, detectedHtml: true, isHTML: true, ContentType: text/html
[2025-12-23 10:39:23] Image not found: Relyon-logo-tm.png (resolved: null)
[2025-12-23 10:39:23] Image not found: Facebook-Icon.png (resolved: null)
[2025-12-23 10:39:23] Image not found: icon.png (resolved: null)
[2025-12-23 10:39:23] Image not found: linkedin-icon.png (resolved: null)
[2025-12-23 10:39:23] Final ContentType before send: text/html
[2025-12-23 10:39:23] Server #20: ✗ FAILED (attempt #0/5) to pavankumar.c@relyonsoft.com via account #93 (david@relyonmail.online) - Will retry. Error: SMTP Error: Could not connect to SMTP host. Failed to connect to server
[2025-12-23 10:39:23] Server #20: Selected account #100 (yathish@relyonmail.online) - within limits
[2025-12-23 10:39:23] Server #20: Checking for pending/retry emails...
[2025-12-23 10:39:23] fetchNextPending: Found pending email pavankumar.c@relyonsoft.com (attempt #1, csv_list_id=)
[2025-12-23 10:39:23] Server #20: Found pending/retry email: pavankumar.c@relyonsoft.com (attempt #1, csv_list_id=)
[2025-12-23 10:39:23] Server #20: Assigned pending pavankumar.c@relyonsoft.com to account #100 (yathish@relyonmail.online)
[2025-12-23 10:39:23] Server #20: Sending to pavankumar.c@relyonsoft.com via account #100 (yathish@relyonmail.online) on relyonmail.online:465
[2025-12-23 10:39:23] Sending email - send_as_html: 1, detectedHtml: true, isHTML: true, ContentType: text/html
[2025-12-23 10:39:23] Image not found: Relyon-logo-tm.png (resolved: null)
[2025-12-23 10:39:23] Image not found: Facebook-Icon.png (resolved: null)
[2025-12-23 10:39:23] Image not found: icon.png (resolved: null)
[2025-12-23 10:39:23] Image not found: linkedin-icon.png (resolved: null)
[2025-12-23 10:39:23] Final ContentType before send: text/html
[2025-12-23 10:39:23] Server #20: ✗ FAILED (attempt #1/5) to pavankumar.c@relyonsoft.com via account #100 (yathish@relyonmail.online) - Will retry. Error: SMTP Error: Could not connect to SMTP host. Failed to connect to server
[2025-12-23 10:39:23] Server #20: Selected account #107 (priyanka@relyonmail.online) - within limits
[2025-12-23 10:39:23] Server #20: Checking for pending/retry emails...
[2025-12-23 10:39:23] fetchNextPending: Found pending email pavankumar.c@relyonsoft.com (attempt #2, csv_list_id=)
[2025-12-23 10:39:23] Server #20: Found pending/retry email: pavankumar.c@relyonsoft.com (attempt #2, csv_list_id=)
[2025-12-23 10:39:23] Server #20: Assigned pending pavankumar.c@relyonsoft.com to account #107 (priyanka@relyonmail.online)
[2025-12-23 10:39:23] Server #20: Sending to pavankumar.c@relyonsoft.com via account #107 (priyanka@relyonmail.online) on relyonmail.online:465
[2025-12-23 10:39:23] Sending email - send_as_html: 1, detectedHtml: true, isHTML: true, ContentType: text/html
[2025-12-23 10:39:23] Image not found: Relyon-logo-tm.png (resolved: null)
[2025-12-23 10:39:23] Image not found: Facebook-Icon.png (resolved: null)
[2025-12-23 10:39:23] Image not found: icon.png (resolved: null)
[2025-12-23 10:39:23] Image not found: linkedin-icon.png (resolved: null)
[2025-12-23 10:39:23] Final ContentType before send: text/html
[2025-12-23 10:39:23] Server #17: ✗ PERMANENT FAILURE to panchalpavan800@gmail.com via account #34 (praveen@relyonmails1.com) after 5 attempts - Error: SMTP Error: The following recipients failed: panchalpavan800@gmail.com: User account praveen@relyonmails1.com has sent too many emails

[2025-12-23 10:39:23] Server #20: ✗ FAILED (attempt #2/5) to pavankumar.c@relyonsoft.com via account #107 (priyanka@relyonmail.online) - Will retry. Error: SMTP Error: Could not connect to SMTP host. Failed to connect to server
[2025-12-23 10:39:23] Server #20: Selected account #114 (nisha@relyonmail.online) - within limits
[2025-12-23 10:39:23] Server #20: Checking for pending/retry emails...
[2025-12-23 10:39:23] Server #17: Selected account #41 (chethan@relyonmails1.com) - within limits
[2025-12-23 10:39:23] Server #17: Checking for pending/retry emails...
[2025-12-23 10:39:23] fetchNextPending: Found pending email pavankumar.c@relyonsoft.com (attempt #3, csv_list_id=)
[2025-12-23 10:39:23] Server #20: Found pending/retry email: pavankumar.c@relyonsoft.com (attempt #3, csv_list_id=)
[2025-12-23 10:39:23] fetchNextPending: Found pending email pavankumar.c@relyonsoft.com (attempt #3, csv_list_id=)
[2025-12-23 10:39:23] Server #17: Found pending/retry email: pavankumar.c@relyonsoft.com (attempt #3, csv_list_id=)
[2025-12-23 10:39:23] Server #20: Assigned pending pavankumar.c@relyonsoft.com to account #114 (nisha@relyonmail.online)
[2025-12-23 10:39:23] Server #20: Sending to pavankumar.c@relyonsoft.com via account #114 (nisha@relyonmail.online) on relyonmail.online:465
[2025-12-23 10:39:23] Server #17: Assigned pending pavankumar.c@relyonsoft.com to account #41 (chethan@relyonmails1.com)
[2025-12-23 10:39:23] Server #17: Sending to pavankumar.c@relyonsoft.com via account #41 (chethan@relyonmails1.com) on relyonmails1.com:465
[2025-12-23 10:39:23] Sending email - send_as_html: 1, detectedHtml: true, isHTML: true, ContentType: text/html
[2025-12-23 10:39:23] Image not found: Relyon-logo-tm.png (resolved: null)
[2025-12-23 10:39:23] Image not found: Facebook-Icon.png (resolved: null)
[2025-12-23 10:39:23] Image not found: icon.png (resolved: null)
[2025-12-23 10:39:23] Image not found: linkedin-icon.png (resolved: null)
[2025-12-23 10:39:23] Final ContentType before send: text/html
[2025-12-23 10:39:23] Sending email - send_as_html: 1, detectedHtml: true, isHTML: true, ContentType: text/html
[2025-12-23 10:39:23] Image not found: Relyon-logo-tm.png (resolved: null)
[2025-12-23 10:39:23] Image not found: Facebook-Icon.png (resolved: null)
[2025-12-23 10:39:23] Image not found: icon.png (resolved: null)
[2025-12-23 10:39:23] Image not found: linkedin-icon.png (resolved: null)
[2025-12-23 10:39:23] Final ContentType before send: text/html
[2025-12-23 10:39:23] Server #14: ✗ PERMANENT FAILURE to panchalpavan7090@gmail.com via account #45 (divya@relyonsoft.info) after 5 attempts - Error: SMTP Error: Could not connect to SMTP host. Failed to connect to server
[2025-12-23 10:39:23] Server #14: Selected account #52 (veena@relyonsoft.info) - within limits
[2025-12-23 10:39:23] Server #14: Checking for pending/retry emails...
[2025-12-23 10:39:23] fetchNextPending: Found pending email pavankumar.c@relyonsoft.com (attempt #3, csv_list_id=)
[2025-12-23 10:39:23] Server #14: Found pending/retry email: pavankumar.c@relyonsoft.com (attempt #3, csv_list_id=)
[2025-12-23 10:39:23] Server #14: Assigned pending pavankumar.c@relyonsoft.com to account #52 (veena@relyonsoft.info)
[2025-12-23 10:39:23] Server #14: Sending to pavankumar.c@relyonsoft.com via account #52 (veena@relyonsoft.info) on relyonsoft.info:465
[2025-12-23 10:39:23] Sending email - send_as_html: 1, detectedHtml: true, isHTML: true, ContentType: text/html
[2025-12-23 10:39:23] Image not found: Relyon-logo-tm.png (resolved: null)
[2025-12-23 10:39:23] Image not found: Facebook-Icon.png (resolved: null)
[2025-12-23 10:39:23] Image not found: icon.png (resolved: null)
[2025-12-23 10:39:23] Image not found: linkedin-icon.png (resolved: null)
[2025-12-23 10:39:23] Final ContentType before send: text/html
[2025-12-23 10:39:23] Server #20: ✗ FAILED (attempt #3/5) to pavankumar.c@relyonsoft.com via account #114 (nisha@relyonmail.online) - Will retry. Error: SMTP Error: Could not connect to SMTP host. Failed to connect to server
[2025-12-23 10:39:23] Server #20: Selected account #121 (pooja@relyonmail.online) - within limits
[2025-12-23 10:39:23] Server #20: Checking for pending/retry emails...
[2025-12-23 10:39:23] fetchNextPending: Found pending email pavankumar.c@relyonsoft.com (attempt #4, csv_list_id=)
[2025-12-23 10:39:23] Server #20: Found pending/retry email: pavankumar.c@relyonsoft.com (attempt #4, csv_list_id=)
[2025-12-23 10:39:23] Server #20: Assigned pending pavankumar.c@relyonsoft.com to account #121 (pooja@relyonmail.online)
[2025-12-23 10:39:23] Server #20: Sending to pavankumar.c@relyonsoft.com via account #121 (pooja@relyonmail.online) on relyonmail.online:465
[2025-12-23 10:39:23] Sending email - send_as_html: 1, detectedHtml: true, isHTML: true, ContentType: text/html
[2025-12-23 10:39:23] Image not found: Relyon-logo-tm.png (resolved: null)
[2025-12-23 10:39:23] Image not found: Facebook-Icon.png (resolved: null)
[2025-12-23 10:39:23] Image not found: icon.png (resolved: null)
[2025-12-23 10:39:23] Image not found: linkedin-icon.png (resolved: null)
[2025-12-23 10:39:23] Final ContentType before send: text/html
[2025-12-23 10:39:24] Server #20: ✗ FAILED (attempt #4/5) to pavankumar.c@relyonsoft.com via account #121 (pooja@relyonmail.online) - Will retry. Error: SMTP Error: Could not connect to SMTP host. Failed to connect to server
[2025-12-23 10:39:24] Server #20: Selected account #128 (sandeep@relyonmail.online) - within limits
[2025-12-23 10:39:24] Server #20: Checking for pending/retry emails...
[2025-12-23 10:39:24] fetchNextPending: No pending/failed emails in queue
[2025-12-23 10:39:24] Server #20: No pending emails, attempting to claim new email...
[2025-12-23 10:39:24] claimNextEmail: Executing SELECT from imported_recipients (offset=54)
[2025-12-23 10:39:24] claimNextEmail: Query result: SUCCESS rows=0 error=
[2025-12-23 10:39:24] claimNextEmail: First attempt returned no rows, checking if we should retry without offset (offset=54)
[2025-12-23 10:39:24] claimNextEmail: Retrying from beginning (offset=0)
[2025-12-23 10:39:24] claimNextEmail: Retry SELECT from imported_recipients (offset=0)
[2025-12-23 10:39:24] claimNextEmail: Retry result: SUCCESS rows=0 error=
[2025-12-23 10:39:24] claimNextEmail: no unclaimed eligible email found after retry
[2025-12-23 10:39:24] Server #20: claimNextEmail returned: NULL
[2025-12-23 10:39:24] Server #20: No more emails to claim. Queue exhausted.
[2025-12-23 10:39:24] Server #14: ✗ PERMANENT FAILURE to pavankumar.c@relyonsoft.com via account #52 (veena@relyonsoft.info) after 5 attempts - Error: SMTP Error: Could not connect to SMTP host. Failed to connect to server
[2025-12-23 10:39:24] Server #14: Selected account #59 (richa@relyonsoft.info) - within limits
[2025-12-23 10:39:24] Server #14: Checking for pending/retry emails...
[2025-12-23 10:39:24] fetchNextPending: No pending/failed emails in queue
[2025-12-23 10:39:24] Server #14: No pending emails, attempting to claim new email...
[2025-12-23 10:39:24] claimNextEmail: Executing SELECT from imported_recipients (offset=479)
[2025-12-23 10:39:24] claimNextEmail: Query result: SUCCESS rows=0 error=
[2025-12-23 10:39:24] claimNextEmail: First attempt returned no rows, checking if we should retry without offset (offset=479)
[2025-12-23 10:39:24] claimNextEmail: Retrying from beginning (offset=0)
[2025-12-23 10:39:24] claimNextEmail: Retry SELECT from imported_recipients (offset=0)
[2025-12-23 10:39:24] claimNextEmail: Retry result: SUCCESS rows=0 error=
[2025-12-23 10:39:24] claimNextEmail: no unclaimed eligible email found after retry
[2025-12-23 10:39:24] Server #14: claimNextEmail returned: NULL
[2025-12-23 10:39:24] Server #14: No more emails to claim. Queue exhausted.
[2025-12-23 10:39:25] Server #15: ✓ SUCCESS sent to panchalpavan800@gmail.com via account #32 (praveen@relyonmail.xyz) [total sent: 1]
[2025-12-23 10:39:25] Server #15: Selected account #39 (chethan@relyonmail.xyz) - within limits
[2025-12-23 10:39:25] Server #15: Checking for pending/retry emails...
[2025-12-23 10:39:25] fetchNextPending: No pending/failed emails in queue
[2025-12-23 10:39:25] Server #15: No pending emails, attempting to claim new email...
[2025-12-23 10:39:25] claimNextEmail: Executing SELECT from imported_recipients (offset=39)
[2025-12-23 10:39:25] claimNextEmail: Query result: SUCCESS rows=0 error=
[2025-12-23 10:39:25] claimNextEmail: First attempt returned no rows, checking if we should retry without offset (offset=39)
[2025-12-23 10:39:25] claimNextEmail: Retrying from beginning (offset=0)
[2025-12-23 10:39:25] claimNextEmail: Retry SELECT from imported_recipients (offset=0)
[2025-12-23 10:39:25] claimNextEmail: Retry result: SUCCESS rows=0 error=
[2025-12-23 10:39:25] claimNextEmail: no unclaimed eligible email found after retry
[2025-12-23 10:39:25] Server #15: claimNextEmail returned: NULL
[2025-12-23 10:39:25] Server #15: No more emails to claim. Queue exhausted.
[2025-12-23 10:39:25] Server #19: ✓ SUCCESS sent to panchalpavan800@gmail.com via account #36 (praveen@relyonmails2.com) [total sent: 1]
[2025-12-23 10:39:25] Server #19: Selected account #43 (chethan@relyonmails2.com) - within limits
[2025-12-23 10:39:25] Server #19: Checking for pending/retry emails...
[2025-12-23 10:39:25] fetchNextPending: No pending/failed emails in queue
[2025-12-23 10:39:25] Server #19: No pending emails, attempting to claim new email...
[2025-12-23 10:39:25] claimNextEmail: Executing SELECT from imported_recipients (offset=975)
[2025-12-23 10:39:25] claimNextEmail: Query result: SUCCESS rows=0 error=
[2025-12-23 10:39:25] claimNextEmail: First attempt returned no rows, checking if we should retry without offset (offset=975)
[2025-12-23 10:39:25] claimNextEmail: Retrying from beginning (offset=0)
[2025-12-23 10:39:25] claimNextEmail: Retry SELECT from imported_recipients (offset=0)
[2025-12-23 10:39:25] claimNextEmail: Retry result: SUCCESS rows=0 error=
[2025-12-23 10:39:25] claimNextEmail: no unclaimed eligible email found after retry
[2025-12-23 10:39:25] Server #19: claimNextEmail returned: NULL
[2025-12-23 10:39:25] Server #19: No more emails to claim. Queue exhausted.
[2025-12-23 10:39:26] Server #17: ✗ PERMANENT FAILURE to pavankumar.c@relyonsoft.com via account #41 (chethan@relyonmails1.com) after 5 attempts - Error: SMTP Error: The following recipients failed: pavankumar.c@relyonsoft.com: User account chethan@relyonmails1.com has sent too many emails

[2025-12-23 10:39:26] Server #17: Selected account #48 (divya@relyonmails1.com) - within limits
[2025-12-23 10:39:26] Server #17: Checking for pending/retry emails...
[2025-12-23 10:39:26] fetchNextPending: No pending/failed emails in queue
[2025-12-23 10:39:26] Server #17: No pending emails, attempting to claim new email...
[2025-12-23 10:39:26] claimNextEmail: Executing SELECT from imported_recipients (offset=271)
[2025-12-23 10:39:26] claimNextEmail: Query result: SUCCESS rows=0 error=
[2025-12-23 10:39:26] claimNextEmail: First attempt returned no rows, checking if we should retry without offset (offset=271)
[2025-12-23 10:39:26] claimNextEmail: Retrying from beginning (offset=0)
[2025-12-23 10:39:26] claimNextEmail: Retry SELECT from imported_recipients (offset=0)
[2025-12-23 10:39:26] claimNextEmail: Retry result: SUCCESS rows=0 error=
[2025-12-23 10:39:26] claimNextEmail: no unclaimed eligible email found after retry
[2025-12-23 10:39:26] Server #17: claimNextEmail returned: NULL
[2025-12-23 10:39:26] Server #17: No more emails to claim. Queue exhausted.
[2025-12-23 10:39:27] Server #16: ✓ SUCCESS sent to panchalpavan800@gmail.com via account #33 (praveen@payrollsoft.in) [total sent: 1]
[2025-12-23 10:39:27] Server #16: Selected account #40 (chethan@payrollsoft.in) - within limits
[2025-12-23 10:39:27] Server #16: Checking for pending/retry emails...
[2025-12-23 10:39:27] fetchNextPending: No pending/failed emails in queue
[2025-12-23 10:39:27] Server #16: No pending emails, attempting to claim new email...
[2025-12-23 10:39:27] claimNextEmail: Executing SELECT from imported_recipients (offset=709)
[2025-12-23 10:39:27] claimNextEmail: Query result: SUCCESS rows=0 error=
[2025-12-23 10:39:27] claimNextEmail: First attempt returned no rows, checking if we should retry without offset (offset=709)
[2025-12-23 10:39:27] claimNextEmail: Retrying from beginning (offset=0)
[2025-12-23 10:39:27] claimNextEmail: Retry SELECT from imported_recipients (offset=0)
[2025-12-23 10:39:27] claimNextEmail: Retry result: SUCCESS rows=0 error=
[2025-12-23 10:39:27] claimNextEmail: no unclaimed eligible email found after retry
[2025-12-23 10:39:27] Server #16: claimNextEmail returned: NULL
[2025-12-23 10:39:27] Server #16: No more emails to claim. Queue exhausted.
[2025-12-23 10:39:31] Server #18: ✗ PERMANENT FAILURE to panchalpavan800@gmail.com via account #35 (praveen@relyonmails3.com) after 5 attempts - Error: SMTP Error: Could not connect to SMTP host. Failed to connect to server
[2025-12-23 10:39:31] Server #18: Selected account #42 (chethan@relyonmails3.com) - within limits
[2025-12-23 10:39:31] Server #18: Checking for pending/retry emails...
[2025-12-23 10:39:31] fetchNextPending: No pending/failed emails in queue
[2025-12-23 10:39:31] Server #18: No pending emails, attempting to claim new email...
[2025-12-23 10:39:31] claimNextEmail: Executing SELECT from imported_recipients (offset=297)
[2025-12-23 10:39:31] claimNextEmail: Query result: SUCCESS rows=0 error=
[2025-12-23 10:39:31] claimNextEmail: First attempt returned no rows, checking if we should retry without offset (offset=297)
[2025-12-23 10:39:31] claimNextEmail: Retrying from beginning (offset=0)
[2025-12-23 10:39:31] claimNextEmail: Retry SELECT from imported_recipients (offset=0)
[2025-12-23 10:39:31] claimNextEmail: Retry result: SUCCESS rows=0 error=
[2025-12-23 10:39:31] claimNextEmail: no unclaimed eligible email found after retry
[2025-12-23 10:39:31] Server #18: claimNextEmail returned: NULL
[2025-12-23 10:39:31] Server #18: No more emails to claim. Queue exhausted.
