[2025-10-31 15:21:04] [INFO] [SEND_ATTEMPT] To: panchalpavan7090@gmail.com | SMTP: panchalpavan800@gmail.com (ID: 29)
[2025-10-31 15:21:04] [INFO] Attempting to send email...
[2025-10-31 15:21:06] [DEBUG] [SMTP_DEBUG] SERVER -> CLIENT: 220 smtp.gmail.com ESMTP d9443c01a7336-295269cc3d4sm17352575ad.112 - gsmtp

[2025-10-31 15:21:06] [DEBUG] [SMTP_DEBUG] CLIENT -> SERVER: EHLO RSL

[2025-10-31 15:21:06] [DEBUG] [SMTP_DEBUG] SERVER -> CLIENT: 250-smtp.gmail.com at your service, [2401:4900:c8f7:16b4:7960:7f62:90f5:348]
250-SIZE 35882577
250-8BITMIME
250-AUTH LOGIN PLAIN XOAUTH2 PLAIN-CLIENTTOKEN OAUTHBEARER XOAUTH
250-ENHANCEDSTATUSCODES
250-PIPELINING
250-CHUNKING
250 SMTPUTF8

[2025-10-31 15:21:06] [DEBUG] [SMTP_DEBUG] CLIENT -> SERVER: AUTH LOGIN

[2025-10-31 15:21:06] [DEBUG] [SMTP_DEBUG] SERVER -> CLIENT: 334 VXNlcm5hbWU6

[2025-10-31 15:21:06] [DEBUG] [SMTP_DEBUG] CLIENT -> SERVER: [credentials hidden]
[2025-10-31 15:21:07] [DEBUG] [SMTP_DEBUG] SERVER -> CLIENT: 334 UGFzc3dvcmQ6

[2025-10-31 15:21:07] [DEBUG] [SMTP_DEBUG] CLIENT -> SERVER: [credentials hidden]
[2025-10-31 15:21:07] [DEBUG] [SMTP_DEBUG] SERVER -> CLIENT: 235 2.7.0 Accepted

[2025-10-31 15:21:07] [DEBUG] [SMTP_DEBUG] CLIENT -> SERVER: MAIL FROM:<panchalpavan800@gmail.com>

[2025-10-31 15:21:08] [DEBUG] [SMTP_DEBUG] SERVER -> CLIENT: 250 2.1.0 OK d9443c01a7336-295269cc3d4sm17352575ad.112 - gsmtp

[2025-10-31 15:21:08] [DEBUG] [SMTP_DEBUG] CLIENT -> SERVER: RCPT TO:<panchalpavan7090@gmail.com>

[2025-10-31 15:21:08] [DEBUG] [SMTP_DEBUG] SERVER -> CLIENT: 250 2.1.5 OK d9443c01a7336-295269cc3d4sm17352575ad.112 - gsmtp

[2025-10-31 15:21:08] [DEBUG] [SMTP_DEBUG] CLIENT -> SERVER: DATA

[2025-10-31 15:21:08] [DEBUG] [SMTP_DEBUG] SERVER -> CLIENT: 354 Go ahead d9443c01a7336-295269cc3d4sm17352575ad.112 - gsmtp

[2025-10-31 15:21:08] [DEBUG] [SMTP_DEBUG] CLIENT -> SERVER: Date: Fri, 31 Oct 2025 15:21:04 +0530

[2025-10-31 15:21:08] [DEBUG] [SMTP_DEBUG] CLIENT -> SERVER: To: panchalpavan7090@gmail.com

[2025-10-31 15:21:08] [DEBUG] [SMTP_DEBUG] CLIENT -> SERVER: From: panchalpavan800@gmail.com

[2025-10-31 15:21:08] [DEBUG] [SMTP_DEBUG] CLIENT -> SERVER: Reply-To: panchalpavan7090@gmail.com

[2025-10-31 15:21:08] [DEBUG] [SMTP_DEBUG] CLIENT -> SERVER: Subject: Test Email Subject

[2025-10-31 15:21:08] [DEBUG] [SMTP_DEBUG] CLIENT -> SERVER: Message-ID: <YOzv5r3nzOzgDJhqLOc96QqvXGlJx5g0nNo6mRVoI@RSL>

[2025-10-31 15:21:08] [DEBUG] [SMTP_DEBUG] CLIENT -> SERVER: X-Mailer: PHPMailer 6.9.3 (https://github.com/PHPMailer/PHPMailer)

[2025-10-31 15:21:08] [DEBUG] [SMTP_DEBUG] CLIENT -> SERVER: MIME-Version: 1.0

[2025-10-31 15:21:08] [DEBUG] [SMTP_DEBUG] CLIENT -> SERVER: Content-Type: multipart/alternative;

[2025-10-31 15:21:08] [DEBUG] [SMTP_DEBUG] CLIENT -> SERVER:  boundary="b1=_YOzv5r3nzOzgDJhqLOc96QqvXGlJx5g0nNo6mRVoI"

[2025-10-31 15:21:08] [DEBUG] [SMTP_DEBUG] CLIENT -> SERVER: Content-Transfer-Encoding: 8bit

[2025-10-31 15:21:08] [DEBUG] [SMTP_DEBUG] CLIENT -> SERVER: 

[2025-10-31 15:21:08] [DEBUG] [SMTP_DEBUG] CLIENT -> SERVER: --b1=_YOzv5r3nzOzgDJhqLOc96QqvXGlJx5g0nNo6mRVoI

[2025-10-31 15:21:08] [DEBUG] [SMTP_DEBUG] CLIENT -> SERVER: Content-Type: text/plain; charset=us-ascii

[2025-10-31 15:21:08] [DEBUG] [SMTP_DEBUG] CLIENT -> SERVER: 

[2025-10-31 15:21:08] [DEBUG] [SMTP_DEBUG] CLIENT -> SERVER: Hello, this is a test email with proper content.This should not be empty.

[2025-10-31 15:21:08] [DEBUG] [SMTP_DEBUG] CLIENT -> SERVER: 

[2025-10-31 15:21:08] [DEBUG] [SMTP_DEBUG] CLIENT -> SERVER: --b1=_YOzv5r3nzOzgDJhqLOc96QqvXGlJx5g0nNo6mRVoI

[2025-10-31 15:21:08] [DEBUG] [SMTP_DEBUG] CLIENT -> SERVER: Content-Type: text/html; charset=us-ascii

[2025-10-31 15:21:08] [DEBUG] [SMTP_DEBUG] CLIENT -> SERVER: 

[2025-10-31 15:21:08] [DEBUG] [SMTP_DEBUG] CLIENT -> SERVER: <p>Hello, this is a test email with proper content.</p><p>This should not be empty.</p>

[2025-10-31 15:21:08] [DEBUG] [SMTP_DEBUG] CLIENT -> SERVER: QUIT

